#
# There is insufficient memory for the Java Runtime Environment to continue.
# Native memory allocation (mmap) failed to map 141557760 bytes for committing reserved memory.
# Possible reasons:
#   The system is out of physical RAM or swap space
#   In 32 bit mode, the process size limit was hit
# Possible solutions:
#   Reduce memory load on the system
#   Increase physical memory or swap space
#   Check if swap backing store is full
#   Use 64 bit Java on a 64 bit OS
#   Decrease Java heap size (-Xmx/-Xms)
#   Decrease number of Java threads
#   Decrease Java thread stack sizes (-Xss)
#   Set larger code cache with -XX:ReservedCodeCacheSize=
# This output file may be truncated or incomplete.
#
#  Out of Memory Error (os_linux.cpp:2627), pid=9570, tid=139785792218880
#
# JRE version: Java(TM) SE Runtime Environment (8.0_73-b02) (build 1.8.0_73-b02)
# Java VM: Java HotSpot(TM) 64-Bit Server VM (25.73-b02 mixed mode linux-amd64 compressed oops)
# Failed to write core dump. Core dumps have been disabled. To enable core dumping, try "ulimit -c unlimited" before starting Java again
#

---------------  T H R E A D  ---------------

Current thread (0x00007f227c078000):  VMThread [stack: 0x00007f226a6d6000,0x00007f226a7d7000] [id=9579]

Stack: [0x00007f226a6d6000,0x00007f226a7d7000],  sp=0x00007f226a7d4fe0,  free space=1019k
Native frames: (J=compiled Java code, j=interpreted, Vv=VM code, C=native code)
V  [libjvm.so+0xaba71a]  VMError::report_and_die()+0x2ba
V  [libjvm.so+0x4f9ecb]  report_vm_out_of_memory(char const*, int, unsigned long, VMErrorType, char const*)+0x8b
V  [libjvm.so+0x91b553]  os::Linux::commit_memory_impl(char*, unsigned long, bool)+0x103
V  [libjvm.so+0x91baa9]  os::pd_commit_memory(char*, unsigned long, unsigned long, bool)+0x29
V  [libjvm.so+0x915dba]  os::commit_memory(char*, unsigned long, unsigned long, bool)+0x2a
V  [libjvm.so+0x989463]  PSVirtualSpace::expand_by(unsigned long)+0x53
V  [libjvm.so+0x98a868]  PSYoungGen::resize_generation(unsigned long, unsigned long)+0xf8
V  [libjvm.so+0x9899c2]  PSYoungGen::resize(unsigned long, unsigned long)+0x22
V  [libjvm.so+0x986c9b]  PSScavenge::invoke_no_policy()+0xf3b
V  [libjvm.so+0x987421]  PSScavenge::invoke()+0x41
V  [libjvm.so+0x93f1b0]  ParallelScavengeHeap::failed_mem_allocate(unsigned long)+0x70
V  [libjvm.so+0xabc137]  VM_ParallelGCFailedAllocation::doit()+0x97
V  [libjvm.so+0xac3b65]  VM_Operation::evaluate()+0x55
V  [libjvm.so+0xac1f3a]  VMThread::evaluate_operation(VM_Operation*)+0xba
V  [libjvm.so+0xac22be]  VMThread::loop()+0x1ce
V  [libjvm.so+0xac2730]  VMThread::run()+0x70
V  [libjvm.so+0x91d918]  java_start(Thread*)+0x108

VM_Operation (0x00007f2269a7f850): ParallelGCFailedAllocation, mode: safepoint, requested by thread 0x00007f227c138800


---------------  P R O C E S S  ---------------

Java Threads: ( => current thread )
  0x00007f227c13b000 JavaThread "pool-3-thread-1" [_thread_blocked, id=9589, stack(0x00007f2269880000,0x00007f2269981000)]
  0x00007f227c138800 JavaThread "pool-2-thread-1" [_thread_blocked, id=9588, stack(0x00007f2269981000,0x00007f2269a82000)]
  0x00007f227c0c0800 JavaThread "Service Thread" daemon [_thread_blocked, id=9586, stack(0x00007f2269b8d000,0x00007f2269c8e000)]
  0x00007f227c0bd800 JavaThread "C1 CompilerThread2" daemon [_thread_blocked, id=9585, stack(0x00007f2269c8e000,0x00007f2269d8f000)]
  0x00007f227c0bb800 JavaThread "C2 CompilerThread1" daemon [_thread_blocked, id=9584, stack(0x00007f2269d8f000,0x00007f2269e90000)]
  0x00007f227c0b8800 JavaThread "C2 CompilerThread0" daemon [_thread_in_native, id=9583, stack(0x00007f2269e90000,0x00007f2269f91000)]
  0x00007f227c0b7000 JavaThread "Signal Dispatcher" daemon [_thread_blocked, id=9582, stack(0x00007f2269f91000,0x00007f226a092000)]
  0x00007f227c07f000 JavaThread "Finalizer" daemon [_thread_blocked, id=9581, stack(0x00007f226a4d4000,0x00007f226a5d5000)]
  0x00007f227c07d000 JavaThread "Reference Handler" daemon [_thread_blocked, id=9580, stack(0x00007f226a5d5000,0x00007f226a6d6000)]
  0x00007f227c00a000 JavaThread "main" [_thread_blocked, id=9572, stack(0x00007f2284d79000,0x00007f2284e7a000)]

Other Threads:
=>0x00007f227c078000 VMThread [stack: 0x00007f226a6d6000,0x00007f226a7d7000] [id=9579]
  0x00007f227c0c3000 WatcherThread [stack: 0x00007f2269a8c000,0x00007f2269b8d000] [id=9587]

VM state:at safepoint (normal execution)

VM Mutex/Monitor currently owned by a thread:  ([mutex/lock_event])
[0x00007f227c006510] Threads_lock - owner thread: 0x00007f227c078000
[0x00007f227c006a10] Heap_lock - owner thread: 0x00007f227c138800

Heap:
 PSYoungGen      total 135680K, used 13807K [0x00000000eab00000, 0x00000000f3e00000, 0x0000000100000000)
  eden space 121856K, 0% used [0x00000000eab00000,0x00000000eab00000,0x00000000f2200000)
  from space 13824K, 99% used [0x00000000f2200000,0x00000000f2f7bca0,0x00000000f2f80000)
  to   space 12800K, 0% used [0x00000000f2f80000,0x00000000f2f80000,0x00000000f3c00000)
 ParOldGen       total 40960K, used 33396K [0x00000000c0000000, 0x00000000c2800000, 0x00000000eab00000)
  object space 40960K, 81% used [0x00000000c0000000,0x00000000c209d210,0x00000000c2800000)
 Metaspace       used 6305K, capacity 7192K, committed 7424K, reserved 1056768K
  class space    used 614K, capacity 656K, committed 768K, reserved 1048576K

Card table byte_map: [0x00007f2281945000,0x00007f2281b46000] byte_map_base: 0x00007f2281345000

Marking Bits: (ParMarkBitMap*) 0x00007f228425a100
 Begin Bits: [0x00007f226b000000, 0x00007f226c000000)
 End Bits:   [0x00007f226c000000, 0x00007f226d000000)

Polling page: 0x00007f2284ea1000

CodeCache: size=245760Kb used=6913Kb max_used=6913Kb free=238846Kb
 bounds [0x00007f226d000000, 0x00007f226d6d0000, 0x00007f227c000000]
 total_blobs=2037 nmethods=1769 adapters=182
 compilation: enabled

Compilation events (10 events):
Event: 8,722 Thread 0x00007f227c0bd800 2105       2       com.android.dx.dex.file.ValueEncoder::addContents (75 bytes)
Event: 8,722 Thread 0x00007f227c0bd800 nmethod 2105 0x00007f226d6c2610 code [0x00007f226d6c27c0, 0x00007f226d6c2b48]
Event: 8,740 Thread 0x00007f227c0bd800 2106       2       com.android.dx.rop.cst.CstType::hashCode (8 bytes)
Event: 8,741 Thread 0x00007f227c0bd800 nmethod 2106 0x00007f226d6c2e10 code [0x00007f226d6c2f80, 0x00007f226d6c3108]
Event: 8,741 Thread 0x00007f227c0bd800 2107   !   2       com.android.dx.rop.cst.CstType::intern (48 bytes)
Event: 8,742 Thread 0x00007f227c0bd800 nmethod 2107 0x00007f226d6c3210 code [0x00007f226d6c33c0, 0x00007f226d6c38c8]
Event: 8,754 Thread 0x00007f227c0bd800 2108       2       java.util.concurrent.locks.ReentrantLock$FairSync::tryAcquire (74 bytes)
Event: 8,755 Thread 0x00007f227c0bd800 nmethod 2108 0x00007f226d6c3e10 code [0x00007f226d6c3fa0, 0x00007f226d6c4278]
Event: 8,791 Thread 0x00007f227c0bd800 2109       2       com.android.dx.util.MutabilityControl::isImmutable (13 bytes)
Event: 8,791 Thread 0x00007f227c0bd800 nmethod 2109 0x00007f226d6c4390 code [0x00007f226d6c44e0, 0x00007f226d6c4650]

GC Heap History (10 events):
Event: 2,790 GC heap after
Heap after GC invocations=2 (full 0):
 PSYoungGen      total 33280K, used 2529K [0x00000000eab00000, 0x00000000ece00000, 0x0000000100000000)
  eden space 30720K, 0% used [0x00000000eab00000,0x00000000eab00000,0x00000000ec900000)
  from space 2560K, 98% used [0x00000000ecb80000,0x00000000ecdf8698,0x00000000ece00000)
  to   space 2560K, 0% used [0x00000000ec900000,0x00000000ec900000,0x00000000ecb80000)
 ParOldGen       total 40960K, used 2549K [0x00000000c0000000, 0x00000000c2800000, 0x00000000eab00000)
  object space 40960K, 6% used [0x00000000c0000000,0x00000000c027d6a0,0x00000000c2800000)
 Metaspace       used 5765K, capacity 6768K, committed 7040K, reserved 1056768K
  class space    used 591K, capacity 616K, committed 640K, reserved 1048576K
}
Event: 4,178 GC heap before
{Heap before GC invocations=3 (full 0):
 PSYoungGen      total 33280K, used 33249K [0x00000000eab00000, 0x00000000ece00000, 0x0000000100000000)
  eden space 30720K, 100% used [0x00000000eab00000,0x00000000ec900000,0x00000000ec900000)
  from space 2560K, 98% used [0x00000000ecb80000,0x00000000ecdf8698,0x00000000ece00000)
  to   space 2560K, 0% used [0x00000000ec900000,0x00000000ec900000,0x00000000ecb80000)
 ParOldGen       total 40960K, used 2549K [0x00000000c0000000, 0x00000000c2800000, 0x00000000eab00000)
  object space 40960K, 6% used [0x00000000c0000000,0x00000000c027d6a0,0x00000000c2800000)
 Metaspace       used 5883K, capacity 6832K, committed 7040K, reserved 1056768K
  class space    used 592K, capacity 616K, committed 640K, reserved 1048576K
Event: 4,214 GC heap after
Heap after GC invocations=3 (full 0):
 PSYoungGen      total 33280K, used 2550K [0x00000000eab00000, 0x00000000eec00000, 0x0000000100000000)
  eden space 30720K, 0% used [0x00000000eab00000,0x00000000eab00000,0x00000000ec900000)
  from space 2560K, 99% used [0x00000000ec900000,0x00000000ecb7dab8,0x00000000ecb80000)
  to   space 2560K, 0% used [0x00000000ee980000,0x00000000ee980000,0x00000000eec00000)
 ParOldGen       total 40960K, used 7066K [0x00000000c0000000, 0x00000000c2800000, 0x00000000eab00000)
  object space 40960K, 17% used [0x00000000c0000000,0x00000000c06e6bb8,0x00000000c2800000)
 Metaspace       used 5883K, capacity 6832K, committed 7040K, reserved 1056768K
  class space    used 592K, capacity 616K, committed 640K, reserved 1048576K
}
Event: 4,620 GC heap before
{Heap before GC invocations=4 (full 0):
 PSYoungGen      total 33280K, used 33270K [0x00000000eab00000, 0x00000000eec00000, 0x0000000100000000)
  eden space 30720K, 100% used [0x00000000eab00000,0x00000000ec900000,0x00000000ec900000)
  from space 2560K, 99% used [0x00000000ec900000,0x00000000ecb7dab8,0x00000000ecb80000)
  to   space 2560K, 0% used [0x00000000ee980000,0x00000000ee980000,0x00000000eec00000)
 ParOldGen       total 40960K, used 7066K [0x00000000c0000000, 0x00000000c2800000, 0x00000000eab00000)
  object space 40960K, 17% used [0x00000000c0000000,0x00000000c06e6bb8,0x00000000c2800000)
 Metaspace       used 5923K, capacity 6896K, committed 7040K, reserved 1056768K
  class space    used 592K, capacity 616K, committed 640K, reserved 1048576K
Event: 4,659 GC heap after
Heap after GC invocations=4 (full 0):
 PSYoungGen      total 64000K, used 2535K [0x00000000eab00000, 0x00000000eec00000, 0x0000000100000000)
  eden space 61440K, 0% used [0x00000000eab00000,0x00000000eab00000,0x00000000ee700000)
  from space 2560K, 99% used [0x00000000ee980000,0x00000000eebf9c90,0x00000000eec00000)
  to   space 2560K, 0% used [0x00000000ee700000,0x00000000ee700000,0x00000000ee980000)
 ParOldGen       total 40960K, used 12057K [0x00000000c0000000, 0x00000000c2800000, 0x00000000eab00000)
  object space 40960K, 29% used [0x00000000c0000000,0x00000000c0bc65c0,0x00000000c2800000)
 Metaspace       used 5923K, capacity 6896K, committed 7040K, reserved 1056768K
  class space    used 592K, capacity 616K, committed 640K, reserved 1048576K
}
Event: 5,637 GC heap before
{Heap before GC invocations=5 (full 0):
 PSYoungGen      total 64000K, used 63975K [0x00000000eab00000, 0x00000000eec00000, 0x0000000100000000)
  eden space 61440K, 100% used [0x00000000eab00000,0x00000000ee700000,0x00000000ee700000)
  from space 2560K, 99% used [0x00000000ee980000,0x00000000eebf9c90,0x00000000eec00000)
  to   space 2560K, 0% used [0x00000000ee700000,0x00000000ee700000,0x00000000ee980000)
 ParOldGen       total 40960K, used 12057K [0x00000000c0000000, 0x00000000c2800000, 0x00000000eab00000)
  object space 40960K, 29% used [0x00000000c0000000,0x00000000c0bc65c0,0x00000000c2800000)
 Metaspace       used 5980K, capacity 6960K, committed 7040K, reserved 1056768K
  class space    used 592K, capacity 616K, committed 640K, reserved 1048576K
Event: 5,709 GC heap after
Heap after GC invocations=5 (full 0):
 PSYoungGen      total 64000K, used 2535K [0x00000000eab00000, 0x00000000f3c00000, 0x0000000100000000)
  eden space 61440K, 0% used [0x00000000eab00000,0x00000000eab00000,0x00000000ee700000)
  from space 2560K, 99% used [0x00000000ee700000,0x00000000ee979c08,0x00000000ee980000)
  to   space 12800K, 0% used [0x00000000f2f80000,0x00000000f2f80000,0x00000000f3c00000)
 ParOldGen       total 40960K, used 21032K [0x00000000c0000000, 0x00000000c2800000, 0x00000000eab00000)
  object space 40960K, 51% used [0x00000000c0000000,0x00000000c148a240,0x00000000c2800000)
 Metaspace       used 5980K, capacity 6960K, committed 7040K, reserved 1056768K
  class space    used 592K, capacity 616K, committed 640K, reserved 1048576K
}
Event: 6,483 GC heap before
{Heap before GC invocations=6 (full 0):
 PSYoungGen      total 64000K, used 63975K [0x00000000eab00000, 0x00000000f3c00000, 0x0000000100000000)
  eden space 61440K, 100% used [0x00000000eab00000,0x00000000ee700000,0x00000000ee700000)
  from space 2560K, 99% used [0x00000000ee700000,0x00000000ee979c08,0x00000000ee980000)
  to   space 12800K, 0% used [0x00000000f2f80000,0x00000000f2f80000,0x00000000f3c00000)
 ParOldGen       total 40960K, used 21032K [0x00000000c0000000, 0x00000000c2800000, 0x00000000eab00000)
  object space 40960K, 51% used [0x00000000c0000000,0x00000000c148a240,0x00000000c2800000)
 Metaspace       used 6092K, capacity 7000K, committed 7168K, reserved 1056768K
  class space    used 612K, capacity 656K, committed 768K, reserved 1048576K
Event: 6,554 GC heap after
Heap after GC invocations=6 (full 0):
 PSYoungGen      total 134656K, used 10845K [0x00000000eab00000, 0x00000000f3e00000, 0x0000000100000000)
  eden space 121856K, 0% used [0x00000000eab00000,0x00000000eab00000,0x00000000f2200000)
  from space 12800K, 84% used [0x00000000f2f80000,0x00000000f3a17638,0x00000000f3c00000)
  to   space 13824K, 0% used [0x00000000f2200000,0x00000000f2200000,0x00000000f2f80000)
 ParOldGen       total 40960K, used 21040K [0x00000000c0000000, 0x00000000c2800000, 0x00000000eab00000)
  object space 40960K, 51% used [0x00000000c0000000,0x00000000c148c240,0x00000000c2800000)
 Metaspace       used 6092K, capacity 7000K, committed 7168K, reserved 1056768K
  class space    used 612K, capacity 656K, committed 768K, reserved 1048576K
}
Event: 8,813 GC heap before
{Heap before GC invocations=7 (full 0):
 PSYoungGen      total 134656K, used 132701K [0x00000000eab00000, 0x00000000f3e00000, 0x0000000100000000)
  eden space 121856K, 100% used [0x00000000eab00000,0x00000000f2200000,0x00000000f2200000)
  from space 12800K, 84% used [0x00000000f2f80000,0x00000000f3a17638,0x00000000f3c00000)
  to   space 13824K, 0% used [0x00000000f2200000,0x00000000f2200000,0x00000000f2f80000)
 ParOldGen       total 40960K, used 21040K [0x00000000c0000000, 0x00000000c2800000, 0x00000000eab00000)
  object space 40960K, 51% used [0x00000000c0000000,0x00000000c148c240,0x00000000c2800000)
 Metaspace       used 6305K, capacity 7192K, committed 7424K, reserved 1056768K
  class space    used 614K, capacity 656K, committed 768K, reserved 1048576K

Deoptimization events (10 events):
Event: 5,851 Thread 0x00007f227c13e000 Uncommon trap: reason=unstable_if action=reinterpret pc=0x00007f226d2c2f30 method=java.util.HashMap.putVal(ILjava/lang/Object;Ljava/lang/Object;ZZ)Ljava/lang/Object; @ 162
Event: 5,859 Thread 0x00007f227c13e000 Uncommon trap: reason=unstable_if action=reinterpret pc=0x00007f226d20c478 method=java.util.HashMap.getNode(ILjava/lang/Object;)Ljava/util/HashMap$Node; @ 84
Event: 5,861 Thread 0x00007f227c13e000 Uncommon trap: reason=unstable_if action=reinterpret pc=0x00007f226d1fb7ec method=java.util.HashMap.getNode(ILjava/lang/Object;)Ljava/util/HashMap$Node; @ 84
Event: 5,861 Thread 0x00007f227c13e000 Uncommon trap: reason=unstable_if action=reinterpret pc=0x00007f226d3af600 method=java.util.HashMap.putVal(ILjava/lang/Object;Ljava/lang/Object;ZZ)Ljava/lang/Object; @ 109
Event: 7,177 Thread 0x00007f227c138800 Uncommon trap: reason=unstable_if action=reinterpret pc=0x00007f226d35ad50 method=com.android.dx.dex.code.OutputFinisher.hasLocalInfo(Lcom/android/dx/dex/code/DalvInsn;)Z @ 24
Event: 7,205 Thread 0x00007f227c13c800 Uncommon trap: reason=bimorphic action=maybe_recompile pc=0x00007f226d5e9554 method=com.android.dx.cf.code.BytecodeArray.parseInstruction(ILcom/android/dx/cf/code/BytecodeArray$Visitor;)I @ 971
Event: 7,205 Thread 0x00007f227c13c800 Uncommon trap: reason=bimorphic action=maybe_recompile pc=0x00007f226d5e9554 method=com.android.dx.cf.code.BytecodeArray.parseInstruction(ILcom/android/dx/cf/code/BytecodeArray$Visitor;)I @ 971
Event: 7,205 Thread 0x00007f227c13c800 Uncommon trap: reason=bimorphic action=maybe_recompile pc=0x00007f226d5e9554 method=com.android.dx.cf.code.BytecodeArray.parseInstruction(ILcom/android/dx/cf/code/BytecodeArray$Visitor;)I @ 971
Event: 7,205 Thread 0x00007f227c13c800 Uncommon trap: reason=bimorphic action=maybe_recompile pc=0x00007f226d5e9554 method=com.android.dx.cf.code.BytecodeArray.parseInstruction(ILcom/android/dx/cf/code/BytecodeArray$Visitor;)I @ 971
Event: 7,446 Thread 0x00007f227c13e000 Uncommon trap: reason=unstable_if action=reinterpret pc=0x00007f226d5a350c method=com.android.dx.ssa.SCCP.simulateBranch(Lcom/android/dx/ssa/SsaInsn;)V @ 548

Internal exceptions (6 events):
Event: 0,057 Thread 0x00007f227c00a000 Exception <a 'java/lang/NoSuchMethodError': Method sun.misc.Unsafe.defineClass(Ljava/lang/String;[BII)Ljava/lang/Class; name or signature does not match> (0x00000000eab12bf0) thrown at [/HUDSON3/workspace/8-2-build-linux-amd64/jdk8u73/6086/hotspot/src/sha
Event: 0,058 Thread 0x00007f227c00a000 Exception <a 'java/lang/NoSuchMethodError': Method sun.misc.Unsafe.prefetchRead(Ljava/lang/Object;J)V name or signature does not match> (0x00000000eab12ed8) thrown at [/HUDSON3/workspace/8-2-build-linux-amd64/jdk8u73/6086/hotspot/src/share/vm/prims/jni.cp
Event: 3,078 Thread 0x00007f227c13f800 Implicit null exception at 0x00007f226d2c8ebd to 0x00007f226d2cbded
Event: 5,855 Thread 0x00007f227c13e000 Exception <a 'java/lang/ArrayIndexOutOfBoundsException': 18> (0x00000000eb96e158) thrown at [/HUDSON3/workspace/8-2-build-linux-amd64/jdk8u73/6086/hotspot/src/share/vm/interpreter/interpreterRuntime.cpp, line 366]
Event: 5,858 Thread 0x00007f227c13e000 Exception <a 'java/lang/ArrayIndexOutOfBoundsException': 145> (0x00000000eb96fcd8) thrown at [/HUDSON3/workspace/8-2-build-linux-amd64/jdk8u73/6086/hotspot/src/share/vm/interpreter/interpreterRuntime.cpp, line 366]
Event: 5,859 Thread 0x00007f227c13e000 Exception <a 'java/lang/ArrayIndexOutOfBoundsException': 40> (0x00000000eb970fc0) thrown at [/HUDSON3/workspace/8-2-build-linux-amd64/jdk8u73/6086/hotspot/src/share/vm/interpreter/interpreterRuntime.cpp, line 366]

Events (10 events):
Event: 8,351 Thread 0x00007f227c00a000 DEOPT PACKING pc=0x00007f226d641ff2 sp=0x00007f2284e775a0
Event: 8,351 Thread 0x00007f227c00a000 DEOPT UNPACKING pc=0x00007f226d047633 sp=0x00007f2284e77380 mode 0
Event: 8,742 loading class java/util/HashMap$KeySet
Event: 8,754 loading class java/util/HashMap$KeySet done
Event: 8,754 loading class java/util/HashMap$KeyIterator
Event: 8,754 loading class java/util/HashMap$KeyIterator done
Event: 8,778 Thread 0x00007f227c13e000 Thread exited: 0x00007f227c13e000
Event: 8,778 Thread 0x00007f227c13c800 Thread exited: 0x00007f227c13c800
Event: 8,778 Thread 0x00007f227c13f800 Thread exited: 0x00007f227c13f800
Event: 8,813 Executing VM operation: ParallelGCFailedAllocation


Dynamic libraries:
00400000-00401000 r-xp 00000000 08:02 6294568                            /opt/java/jdk1.8.0_73/bin/java
00600000-00601000 rw-p 00000000 08:02 6294568                            /opt/java/jdk1.8.0_73/bin/java
02309000-0232a000 rw-p 00000000 00:00 0                                  [heap]
c0000000-c2800000 rw-p 00000000 00:00 0 
c2800000-eab00000 ---p 00000000 00:00 0 
eab00000-f3e00000 rw-p 00000000 00:00 0 
fc500000-100000000 ---p 00000000 00:00 0 
100000000-1000c0000 rw-p 00000000 00:00 0 
1000c0000-140000000 ---p 00000000 00:00 0 
7f221c000000-7f221c021000 rw-p 00000000 00:00 0 
7f221c021000-7f2220000000 ---p 00000000 00:00 0 
7f2224000000-7f2224021000 rw-p 00000000 00:00 0 
7f2224021000-7f2228000000 ---p 00000000 00:00 0 
7f2228000000-7f2228021000 rw-p 00000000 00:00 0 
7f2228021000-7f222c000000 ---p 00000000 00:00 0 
7f222c000000-7f222c031000 rw-p 00000000 00:00 0 
7f222c031000-7f2230000000 ---p 00000000 00:00 0 
7f2230000000-7f2230021000 rw-p 00000000 00:00 0 
7f2230021000-7f2234000000 ---p 00000000 00:00 0 
7f2234000000-7f2234021000 rw-p 00000000 00:00 0 
7f2234021000-7f2238000000 ---p 00000000 00:00 0 
7f2238000000-7f2238021000 rw-p 00000000 00:00 0 
7f2238021000-7f223c000000 ---p 00000000 00:00 0 
7f223c000000-7f223cd2e000 rw-p 00000000 00:00 0 
7f223cd2e000-7f2240000000 ---p 00000000 00:00 0 
7f2240000000-7f2240ae3000 rw-p 00000000 00:00 0 
7f2240ae3000-7f2244000000 ---p 00000000 00:00 0 
7f2244000000-7f2244021000 rw-p 00000000 00:00 0 
7f2244021000-7f2248000000 ---p 00000000 00:00 0 
7f2248000000-7f2248915000 rw-p 00000000 00:00 0 
7f2248915000-7f224c000000 ---p 00000000 00:00 0 
7f224c000000-7f224c021000 rw-p 00000000 00:00 0 
7f224c021000-7f2250000000 ---p 00000000 00:00 0 
7f2250000000-7f2250021000 rw-p 00000000 00:00 0 
7f2250021000-7f2254000000 ---p 00000000 00:00 0 
7f2254000000-7f2254021000 rw-p 00000000 00:00 0 
7f2254021000-7f2258000000 ---p 00000000 00:00 0 
7f2258000000-7f225828f000 rw-p 00000000 00:00 0 
7f225828f000-7f225c000000 ---p 00000000 00:00 0 
7f225c000000-7f225c021000 rw-p 00000000 00:00 0 
7f225c021000-7f2260000000 ---p 00000000 00:00 0 
7f2260000000-7f2260021000 rw-p 00000000 00:00 0 
7f2260021000-7f2264000000 ---p 00000000 00:00 0 
7f2264000000-7f2264021000 rw-p 00000000 00:00 0 
7f2264021000-7f2268000000 ---p 00000000 00:00 0 
7f2269557000-7f226957d000 r--p 00000000 08:02 3147724                    /usr/share/locale-langpack/de/LC_MESSAGES/libc.mo
7f226957d000-7f2269580000 ---p 00000000 00:00 0 
7f2269580000-7f226967e000 rw-p 00000000 00:00 0 
7f226967e000-7f2269681000 ---p 00000000 00:00 0 
7f2269681000-7f226977f000 rw-p 00000000 00:00 0 
7f226977f000-7f2269782000 ---p 00000000 00:00 0 
7f2269782000-7f2269880000 rw-p 00000000 00:00 0 
7f2269880000-7f2269883000 ---p 00000000 00:00 0 
7f2269883000-7f2269981000 rw-p 00000000 00:00 0                          [stack:9589]
7f2269981000-7f2269984000 ---p 00000000 00:00 0 
7f2269984000-7f2269a82000 rw-p 00000000 00:00 0                          [stack:9588]
7f2269a85000-7f2269a8c000 r--s 00000000 08:02 2889116                    /usr/lib/x86_64-linux-gnu/gconv/gconv-modules.cache
7f2269a8c000-7f2269a8d000 ---p 00000000 00:00 0 
7f2269a8d000-7f2269b8d000 rw-p 00000000 00:00 0                          [stack:9587]
7f2269b8d000-7f2269b90000 ---p 00000000 00:00 0 
7f2269b90000-7f2269c8e000 rw-p 00000000 00:00 0                          [stack:9586]
7f2269c8e000-7f2269c91000 ---p 00000000 00:00 0 
7f2269c91000-7f2269d8f000 rw-p 00000000 00:00 0                          [stack:9585]
7f2269d8f000-7f2269d92000 ---p 00000000 00:00 0 
7f2269d92000-7f2269e90000 rw-p 00000000 00:00 0                          [stack:9584]
7f2269e90000-7f2269e93000 ---p 00000000 00:00 0 
7f2269e93000-7f2269f91000 rw-p 00000000 00:00 0                          [stack:9583]
7f2269f91000-7f2269f94000 ---p 00000000 00:00 0 
7f2269f94000-7f226a092000 rw-p 00000000 00:00 0                          [stack:9582]
7f226a092000-7f226a4d4000 r--p 00000000 08:02 2496928                    /usr/lib/locale/locale-archive
7f226a4d4000-7f226a4d7000 ---p 00000000 00:00 0 
7f226a4d7000-7f226a5d5000 rw-p 00000000 00:00 0                          [stack:9581]
7f226a5d5000-7f226a5d8000 ---p 00000000 00:00 0 
7f226a5d8000-7f226a6d6000 rw-p 00000000 00:00 0                          [stack:9580]
7f226a6d6000-7f226a6d7000 ---p 00000000 00:00 0 
7f226a6d7000-7f226d000000 rw-p 00000000 00:00 0                          [stack:9579]
7f226d000000-7f226d6d0000 rwxp 00000000 00:00 0 
7f226d6d0000-7f227c000000 ---p 00000000 00:00 0 
7f227c000000-7f227c38e000 rw-p 00000000 00:00 0 
7f227c38e000-7f2280000000 ---p 00000000 00:00 0 
7f2280003000-7f2280012000 r--s 000df000 00:1a 5383561                    /home/lukas/Android/Sdk/build-tools/23.0.3/lib/dx.jar
7f2280012000-7f228079d000 rw-p 00000000 00:00 0 
7f228079d000-7f2280975000 r--s 03d23000 08:02 6294420                    /opt/java/jdk1.8.0_73/jre/lib/rt.jar
7f2280975000-7f228106b000 rw-p 00000000 00:00 0 
7f228106b000-7f22811eb000 ---p 00000000 00:00 0 
7f22811eb000-7f22813eb000 rw-p 00000000 00:00 0 
7f22813eb000-7f22813ec000 ---p 00000000 00:00 0 
7f22813ec000-7f22814ec000 rw-p 00000000 00:00 0                          [stack:9578]
7f22814ec000-7f22814ed000 ---p 00000000 00:00 0 
7f22814ed000-7f22815ed000 rw-p 00000000 00:00 0                          [stack:9577]
7f22815ed000-7f22815ee000 ---p 00000000 00:00 0 
7f22815ee000-7f22816ee000 rw-p 00000000 00:00 0                          [stack:9576]
7f22816ee000-7f22816ef000 ---p 00000000 00:00 0 
7f22816ef000-7f2281803000 rw-p 00000000 00:00 0                          [stack:9575]
7f2281803000-7f2281945000 ---p 00000000 00:00 0 
7f2281945000-7f2281959000 rw-p 00000000 00:00 0 
7f2281959000-7f2281a9a000 ---p 00000000 00:00 0 
7f2281a9a000-7f2281ae4000 rw-p 00000000 00:00 0 
7f2281ae4000-7f2281b45000 ---p 00000000 00:00 0 
7f2281b45000-7f2281b62000 rw-p 00000000 00:00 0 
7f2281b62000-7f2281f06000 ---p 00000000 00:00 0 
7f2281f06000-7f2281f20000 r-xp 00000000 08:02 6689342                    /opt/java/jdk1.8.0_73/jre/lib/amd64/libzip.so
7f2281f20000-7f2282120000 ---p 0001a000 08:02 6689342                    /opt/java/jdk1.8.0_73/jre/lib/amd64/libzip.so
7f2282120000-7f2282121000 rw-p 0001a000 08:02 6689342                    /opt/java/jdk1.8.0_73/jre/lib/amd64/libzip.so
7f2282121000-7f228212b000 r-xp 00000000 08:02 4722078                    /lib/x86_64-linux-gnu/libnss_files-2.19.so
7f228212b000-7f228232a000 ---p 0000a000 08:02 4722078                    /lib/x86_64-linux-gnu/libnss_files-2.19.so
7f228232a000-7f228232b000 r--p 00009000 08:02 4722078                    /lib/x86_64-linux-gnu/libnss_files-2.19.so
7f228232b000-7f228232c000 rw-p 0000a000 08:02 4722078                    /lib/x86_64-linux-gnu/libnss_files-2.19.so
7f228232c000-7f2282337000 r-xp 00000000 08:02 4722070                    /lib/x86_64-linux-gnu/libnss_nis-2.19.so
7f2282337000-7f2282536000 ---p 0000b000 08:02 4722070                    /lib/x86_64-linux-gnu/libnss_nis-2.19.so
7f2282536000-7f2282537000 r--p 0000a000 08:02 4722070                    /lib/x86_64-linux-gnu/libnss_nis-2.19.so
7f2282537000-7f2282538000 rw-p 0000b000 08:02 4722070                    /lib/x86_64-linux-gnu/libnss_nis-2.19.so
7f2282538000-7f228254f000 r-xp 00000000 08:02 4722066                    /lib/x86_64-linux-gnu/libnsl-2.19.so
7f228254f000-7f228274e000 ---p 00017000 08:02 4722066                    /lib/x86_64-linux-gnu/libnsl-2.19.so
7f228274e000-7f228274f000 r--p 00016000 08:02 4722066                    /lib/x86_64-linux-gnu/libnsl-2.19.so
7f228274f000-7f2282750000 rw-p 00017000 08:02 4722066                    /lib/x86_64-linux-gnu/libnsl-2.19.so
7f2282750000-7f2282752000 rw-p 00000000 00:00 0 
7f2282752000-7f228275b000 r-xp 00000000 08:02 4722065                    /lib/x86_64-linux-gnu/libnss_compat-2.19.so
7f228275b000-7f228295a000 ---p 00009000 08:02 4722065                    /lib/x86_64-linux-gnu/libnss_compat-2.19.so
7f228295a000-7f228295b000 r--p 00008000 08:02 4722065                    /lib/x86_64-linux-gnu/libnss_compat-2.19.so
7f228295b000-7f228295c000 rw-p 00009000 08:02 4722065                    /lib/x86_64-linux-gnu/libnss_compat-2.19.so
7f228295c000-7f2282986000 r-xp 00000000 08:02 6689347                    /opt/java/jdk1.8.0_73/jre/lib/amd64/libjava.so
7f2282986000-7f2282b86000 ---p 0002a000 08:02 6689347                    /opt/java/jdk1.8.0_73/jre/lib/amd64/libjava.so
7f2282b86000-7f2282b88000 rw-p 0002a000 08:02 6689347                    /opt/java/jdk1.8.0_73/jre/lib/amd64/libjava.so
7f2282b88000-7f2282b95000 r-xp 00000000 08:02 6689331                    /opt/java/jdk1.8.0_73/jre/lib/amd64/libverify.so
7f2282b95000-7f2282d95000 ---p 0000d000 08:02 6689331                    /opt/java/jdk1.8.0_73/jre/lib/amd64/libverify.so
7f2282d95000-7f2282d97000 rw-p 0000d000 08:02 6689331                    /opt/java/jdk1.8.0_73/jre/lib/amd64/libverify.so
7f2282d97000-7f2282d9e000 r-xp 00000000 08:02 4722074                    /lib/x86_64-linux-gnu/librt-2.19.so
7f2282d9e000-7f2282f9d000 ---p 00007000 08:02 4722074                    /lib/x86_64-linux-gnu/librt-2.19.so
7f2282f9d000-7f2282f9e000 r--p 00006000 08:02 4722074                    /lib/x86_64-linux-gnu/librt-2.19.so
7f2282f9e000-7f2282f9f000 rw-p 00007000 08:02 4722074                    /lib/x86_64-linux-gnu/librt-2.19.so
7f2282f9f000-7f22830a4000 r-xp 00000000 08:02 4722055                    /lib/x86_64-linux-gnu/libm-2.19.so
7f22830a4000-7f22832a3000 ---p 00105000 08:02 4722055                    /lib/x86_64-linux-gnu/libm-2.19.so
7f22832a3000-7f22832a4000 r--p 00104000 08:02 4722055                    /lib/x86_64-linux-gnu/libm-2.19.so
7f22832a4000-7f22832a5000 rw-p 00105000 08:02 4722055                    /lib/x86_64-linux-gnu/libm-2.19.so
7f22832a5000-7f2283f64000 r-xp 00000000 08:02 6689310                    /opt/java/jdk1.8.0_73/jre/lib/amd64/server/libjvm.so
7f2283f64000-7f2284163000 ---p 00cbf000 08:02 6689310                    /opt/java/jdk1.8.0_73/jre/lib/amd64/server/libjvm.so
7f2284163000-7f228423c000 rw-p 00cbe000 08:02 6689310                    /opt/java/jdk1.8.0_73/jre/lib/amd64/server/libjvm.so
7f228423c000-7f2284285000 rw-p 00000000 00:00 0 
7f2284285000-7f228443f000 r-xp 00000000 08:02 4722075                    /lib/x86_64-linux-gnu/libc-2.19.so
7f228443f000-7f228463f000 ---p 001ba000 08:02 4722075                    /lib/x86_64-linux-gnu/libc-2.19.so
7f228463f000-7f2284643000 r--p 001ba000 08:02 4722075                    /lib/x86_64-linux-gnu/libc-2.19.so
7f2284643000-7f2284645000 rw-p 001be000 08:02 4722075                    /lib/x86_64-linux-gnu/libc-2.19.so
7f2284645000-7f228464a000 rw-p 00000000 00:00 0 
7f228464a000-7f228464d000 r-xp 00000000 08:02 4722058                    /lib/x86_64-linux-gnu/libdl-2.19.so
7f228464d000-7f228484c000 ---p 00003000 08:02 4722058                    /lib/x86_64-linux-gnu/libdl-2.19.so
7f228484c000-7f228484d000 r--p 00002000 08:02 4722058                    /lib/x86_64-linux-gnu/libdl-2.19.so
7f228484d000-7f228484e000 rw-p 00003000 08:02 4722058                    /lib/x86_64-linux-gnu/libdl-2.19.so
7f228484e000-7f2284863000 r-xp 00000000 08:02 6818542                    /opt/java/jdk1.8.0_73/lib/amd64/jli/libjli.so
7f2284863000-7f2284a63000 ---p 00015000 08:02 6818542                    /opt/java/jdk1.8.0_73/lib/amd64/jli/libjli.so
7f2284a63000-7f2284a64000 rw-p 00015000 08:02 6818542                    /opt/java/jdk1.8.0_73/lib/amd64/jli/libjli.so
7f2284a64000-7f2284a7d000 r-xp 00000000 08:02 4722067                    /lib/x86_64-linux-gnu/libpthread-2.19.so
7f2284a7d000-7f2284c7c000 ---p 00019000 08:02 4722067                    /lib/x86_64-linux-gnu/libpthread-2.19.so
7f2284c7c000-7f2284c7d000 r--p 00018000 08:02 4722067                    /lib/x86_64-linux-gnu/libpthread-2.19.so
7f2284c7d000-7f2284c7e000 rw-p 00019000 08:02 4722067                    /lib/x86_64-linux-gnu/libpthread-2.19.so
7f2284c7e000-7f2284c82000 rw-p 00000000 00:00 0 
7f2284c82000-7f2284ca5000 r-xp 00000000 08:02 4722068                    /lib/x86_64-linux-gnu/ld-2.19.so
7f2284ca7000-7f2284d79000 rw-p 00000000 00:00 0 
7f2284d79000-7f2284d7c000 ---p 00000000 00:00 0 
7f2284d7c000-7f2284e7e000 rw-p 00000000 00:00 0                          [stack:9572]
7f2284e83000-7f2284e98000 rw-p 00000000 00:00 0 
7f2284e98000-7f2284ea0000 rw-s 00000000 08:02 2228351                    /tmp/hsperfdata_lukas/9570
7f2284ea0000-7f2284ea1000 rw-p 00000000 00:00 0 
7f2284ea1000-7f2284ea2000 ---p 00000000 00:00 0 
7f2284ea2000-7f2284ea4000 rw-p 00000000 00:00 0 
7f2284ea4000-7f2284ea5000 r--p 00022000 08:02 4722068                    /lib/x86_64-linux-gnu/ld-2.19.so
7f2284ea5000-7f2284ea6000 rw-p 00023000 08:02 4722068                    /lib/x86_64-linux-gnu/ld-2.19.so
7f2284ea6000-7f2284ea7000 rw-p 00000000 00:00 0 
7fff725c1000-7fff725e2000 rw-p 00000000 00:00 0                          [stack]
7fff725fe000-7fff72600000 r-xp 00000000 00:00 0                          [vdso]
ffffffffff600000-ffffffffff601000 r-xp 00000000 00:00 0                  [vsyscall]

VM Arguments:
jvm_args: -Djava.awt.headless=true -Xmx1024M -Dfile.encoding=UTF-8 -Duser.country=AT -Duser.language=de -Duser.variant 
java_command: com.android.dx.command.Main --dex --force-jumbo --num-threads=4 --multi-dex --output /home/lukas/Schreibtisch/Project/MailActivity/MailAnalyse/app/build/intermediates/transforms/dex/debug/folders/1000/10/com.android.support-appcompat-v7-23.3.0_25ef9e0793b0ae9c6401a453de5a3211ce7c720b /home/lukas/Schreibtisch/Project/MailActivity/MailAnalyse/app/build/intermediates/exploded-aar/com.android.support/appcompat-v7/23.3.0/jars/classes.jar
java_class_path (initial): /home/lukas/Android/Sdk/build-tools/23.0.3/lib/dx.jar
Launcher Type: SUN_STANDARD

Environment Variables:
JAVA_HOME=/usr/lib/jvm/jdk.1.8.0_73
PATH=/usr/local/sbin:/usr/local/bin:/usr/sbin:/usr/bin:/sbin:/bin:/usr/games:/usr/local/games:/usr/lib/jvm/java-8-oracle/bin:/usr/lib/jvm/java-8-oracle/db/bin:/usr/lib/jvm/java-8-oracle/jre/bin:/usr/lib/jvm/jdk.1.8.0_73/bin
USERNAME=lukas
LD_LIBRARY_PATH=/opt/android-studio/bin:
SHELL=/bin/bash
DISPLAY=:0.0

Signal Handlers:
SIGSEGV: [libjvm.so+0xabafa0], sa_mask[0]=11111111011111111101111111111110, sa_flags=SA_RESTART|SA_SIGINFO
SIGBUS: [libjvm.so+0xabafa0], sa_mask[0]=11111111011111111101111111111110, sa_flags=SA_RESTART|SA_SIGINFO
SIGFPE: [libjvm.so+0x9183c0], sa_mask[0]=11111111011111111101111111111110, sa_flags=SA_RESTART|SA_SIGINFO
SIGPIPE: [libjvm.so+0x9183c0], sa_mask[0]=11111111011111111101111111111110, sa_flags=SA_RESTART|SA_SIGINFO
SIGXFSZ: [libjvm.so+0x9183c0], sa_mask[0]=11111111011111111101111111111110, sa_flags=SA_RESTART|SA_SIGINFO
SIGILL: [libjvm.so+0x9183c0], sa_mask[0]=11111111011111111101111111111110, sa_flags=SA_RESTART|SA_SIGINFO
SIGUSR1: SIG_DFL, sa_mask[0]=00000000000000000000000000000000, sa_flags=none
SIGUSR2: [libjvm.so+0x9199f0], sa_mask[0]=00100000000000000000000000000000, sa_flags=SA_RESTART|SA_SIGINFO
SIGHUP: [libjvm.so+0x91adf0], sa_mask[0]=11111111011111111101111111111110, sa_flags=SA_RESTART|SA_SIGINFO
SIGINT: [libjvm.so+0x91adf0], sa_mask[0]=11111111011111111101111111111110, sa_flags=SA_RESTART|SA_SIGINFO
SIGTERM: [libjvm.so+0x91adf0], sa_mask[0]=11111111011111111101111111111110, sa_flags=SA_RESTART|SA_SIGINFO
SIGQUIT: [libjvm.so+0x91adf0], sa_mask[0]=11111111011111111101111111111110, sa_flags=SA_RESTART|SA_SIGINFO


---------------  S Y S T E M  ---------------

OS:DISTRIB_ID=LinuxMint
DISTRIB_RELEASE=17
DISTRIB_CODENAME=qiana
DISTRIB_DESCRIPTION="Linux Mint 17 Qiana"

uname:Linux 3.13.0-24-generic #47-Ubuntu SMP Fri May 2 23:30:00 UTC 2014 x86_64
libc:glibc 2.19 NPTL 2.19 
rlimit: STACK 8192k, CORE 0k, NPROC 29926, NOFILE 4096, AS infinity
load average:6,42 2,60 1,72

/proc/meminfo:
MemTotal:        3924480 kB
MemFree:          126812 kB
Buffers:            1464 kB
Cached:            30616 kB
SwapCached:            0 kB
Active:          3543044 kB
Inactive:          23056 kB
Active(anon):    3535692 kB
Inactive(anon):     9268 kB
Active(file):       7352 kB
Inactive(file):    13788 kB
Unevictable:          16 kB
Mlocked:              16 kB
SwapTotal:             0 kB
SwapFree:              0 kB
Dirty:               976 kB
Writeback:             0 kB
AnonPages:       3534596 kB
Mapped:            66392 kB
Shmem:             10524 kB
Slab:              68528 kB
SReclaimable:      25708 kB
SUnreclaim:        42820 kB
KernelStack:        5792 kB
PageTables:        31232 kB
NFS_Unstable:          0 kB
Bounce:                0 kB
WritebackTmp:          0 kB
CommitLimit:     1962240 kB
Committed_AS:    6096936 kB
VmallocTotal:   34359738367 kB
VmallocUsed:      384944 kB
VmallocChunk:   34359347708 kB
HardwareCorrupted:     0 kB
AnonHugePages:    882688 kB
HugePages_Total:       0
HugePages_Free:        0
HugePages_Rsvd:        0
HugePages_Surp:        0
Hugepagesize:       2048 kB
DirectMap4k:      377920 kB
DirectMap2M:     3694592 kB


CPU:total 4 (2 cores per cpu, 2 threads per core) family 6 model 42 stepping 7, cmov, cx8, fxsr, mmx, sse, sse2, sse3, ssse3, sse4.1, sse4.2, popcnt, avx, aes, clmul, ht, tsc, tscinvbit

/proc/cpuinfo:
processor	: 0
vendor_id	: GenuineIntel
cpu family	: 6
model		: 42
model name	: Intel(R) Core(TM) i5-2520M CPU @ 2.50GHz
stepping	: 7
microcode	: 0x29
cpu MHz		: 2501.000
cache size	: 3072 KB
physical id	: 0
siblings	: 4
core id		: 0
cpu cores	: 2
apicid		: 0
initial apicid	: 0
fpu		: yes
fpu_exception	: yes
cpuid level	: 13
wp		: yes
flags		: fpu vme de pse tsc msr pae mce cx8 apic sep mtrr pge mca cmov pat pse36 clflush dts acpi mmx fxsr sse sse2 ss ht tm pbe syscall nx rdtscp lm constant_tsc arch_perfmon pebs bts rep_good nopl xtopology nonstop_tsc aperfmperf eagerfpu pni pclmulqdq dtes64 monitor ds_cpl vmx smx est tm2 ssse3 cx16 xtpr pdcm pcid sse4_1 sse4_2 x2apic popcnt tsc_deadline_timer aes xsave avx lahf_lm ida arat epb xsaveopt pln pts dtherm tpr_shadow vnmi flexpriority ept vpid
bogomips	: 4988.92
clflush size	: 64
cache_alignment	: 64
address sizes	: 36 bits physical, 48 bits virtual
power management:

processor	: 1
vendor_id	: GenuineIntel
cpu family	: 6
model		: 42
model name	: Intel(R) Core(TM) i5-2520M CPU @ 2.50GHz
stepping	: 7
microcode	: 0x29
cpu MHz		: 2501.000
cache size	: 3072 KB
physical id	: 0
siblings	: 4
core id		: 1
cpu cores	: 2
apicid		: 2
initial apicid	: 2
fpu		: yes
fpu_exception	: yes
cpuid level	: 13
wp		: yes
flags		: fpu vme de pse tsc msr pae mce cx8 apic sep mtrr pge mca cmov pat pse36 clflush dts acpi mmx fxsr sse sse2 ss ht tm pbe syscall nx rdtscp lm constant_tsc arch_perfmon pebs bts rep_good nopl xtopology nonstop_tsc aperfmperf eagerfpu pni pclmulqdq dtes64 monitor ds_cpl vmx smx est tm2 ssse3 cx16 xtpr pdcm pcid sse4_1 sse4_2 x2apic popcnt tsc_deadline_timer aes xsave avx lahf_lm ida arat epb xsaveopt pln pts dtherm tpr_shadow vnmi flexpriority ept vpid
bogomips	: 4988.92
clflush size	: 64
cache_alignment	: 64
address sizes	: 36 bits physical, 48 bits virtual
power management:

processor	: 2
vendor_id	: GenuineIntel
cpu family	: 6
model		: 42
model name	: Intel(R) Core(TM) i5-2520M CPU @ 2.50GHz
stepping	: 7
microcode	: 0x29
cpu MHz		: 2501.000
cache size	: 3072 KB
physical id	: 0
siblings	: 4
core id		: 0
cpu cores	: 2
apicid		: 1
initial apicid	: 1
fpu		: yes
fpu_exception	: yes
cpuid level	: 13
wp		: yes
flags		: fpu vme de pse tsc msr pae mce cx8 apic sep mtrr pge mca cmov pat pse36 clflush dts acpi mmx fxsr sse sse2 ss ht tm pbe syscall nx rdtscp lm constant_tsc arch_perfmon pebs bts rep_good nopl xtopology nonstop_tsc aperfmperf eagerfpu pni pclmulqdq dtes64 monitor ds_cpl vmx smx est tm2 ssse3 cx16 xtpr pdcm pcid sse4_1 sse4_2 x2apic popcnt tsc_deadline_timer aes xsave avx lahf_lm ida arat epb xsaveopt pln pts dtherm tpr_shadow vnmi flexpriority ept vpid
bogomips	: 4988.92
clflush size	: 64
cache_alignment	: 64
address sizes	: 36 bits physical, 48 bits virtual
power management:

processor	: 3
vendor_id	: GenuineIntel
cpu family	: 6
model		: 42
model name	: Intel(R) Core(TM) i5-2520M CPU @ 2.50GHz
stepping	: 7
microcode	: 0x29
cpu MHz		: 2501.000
cache size	: 3072 KB
physical id	: 0
siblings	: 4
core id		: 1
cpu cores	: 2
apicid		: 3
initial apicid	: 3
fpu		: yes
fpu_exception	: yes
cpuid level	: 13
wp		: yes
flags		: fpu vme de pse tsc msr pae mce cx8 apic sep mtrr pge mca cmov pat pse36 clflush dts acpi mmx fxsr sse sse2 ss ht tm pbe syscall nx rdtscp lm constant_tsc arch_perfmon pebs bts rep_good nopl xtopology nonstop_tsc aperfmperf eagerfpu pni pclmulqdq dtes64 monitor ds_cpl vmx smx est tm2 ssse3 cx16 xtpr pdcm pcid sse4_1 sse4_2 x2apic popcnt tsc_deadline_timer aes xsave avx lahf_lm ida arat epb xsaveopt pln pts dtherm tpr_shadow vnmi flexpriority ept vpid
bogomips	: 4988.92
clflush size	: 64
cache_alignment	: 64
address sizes	: 36 bits physical, 48 bits virtual
power management:



Memory: 4k page, physical 3924480k(131400k free), swap 0k(0k free)

vm_info: Java HotSpot(TM) 64-Bit Server VM (25.73-b02) for linux-amd64 JRE (1.8.0_73-b02), built on Jan 29 2016 17:39:45 by "java_re" with gcc 4.3.0 20080428 (Red Hat 4.3.0-8)

time: Mon Jun 13 15:47:40 2016
elapsed time: 9 seconds (0d 0h 0m 9s)

