#
# There is insufficient memory for the Java Runtime Environment to continue.
# Native memory allocation (mmap) failed to map 140509184 bytes for committing reserved memory.
# Possible reasons:
#   The system is out of physical RAM or swap space
#   In 32 bit mode, the process size limit was hit
# Possible solutions:
#   Reduce memory load on the system
#   Increase physical memory or swap space
#   Check if swap backing store is full
#   Use 64 bit Java on a 64 bit OS
#   Decrease Java heap size (-Xmx/-Xms)
#   Decrease number of Java threads
#   Decrease Java thread stack sizes (-Xss)
#   Set larger code cache with -XX:ReservedCodeCacheSize=
# This output file may be truncated or incomplete.
#
#  Out of Memory Error (os_linux.cpp:2627), pid=11919, tid=140283627947776
#
# JRE version: Java(TM) SE Runtime Environment (8.0_73-b02) (build 1.8.0_73-b02)
# Java VM: Java HotSpot(TM) 64-Bit Server VM (25.73-b02 mixed mode linux-amd64 compressed oops)
# Failed to write core dump. Core dumps have been disabled. To enable core dumping, try "ulimit -c unlimited" before starting Java again
#

---------------  T H R E A D  ---------------

Current thread (0x00007f966c078000):  VMThread [stack: 0x00007f9653bfc000,0x00007f9653cfd000] [id=11928]

Stack: [0x00007f9653bfc000,0x00007f9653cfd000],  sp=0x00007f9653cfb160,  free space=1020k
Native frames: (J=compiled Java code, j=interpreted, Vv=VM code, C=native code)
V  [libjvm.so+0xaba71a]  VMError::report_and_die()+0x2ba
V  [libjvm.so+0x4f9ecb]  report_vm_out_of_memory(char const*, int, unsigned long, VMErrorType, char const*)+0x8b
V  [libjvm.so+0x91b553]  os::Linux::commit_memory_impl(char*, unsigned long, bool)+0x103
V  [libjvm.so+0x91baa9]  os::pd_commit_memory(char*, unsigned long, unsigned long, bool)+0x29
V  [libjvm.so+0x915dba]  os::commit_memory(char*, unsigned long, unsigned long, bool)+0x2a
V  [libjvm.so+0x989463]  PSVirtualSpace::expand_by(unsigned long)+0x53
V  [libjvm.so+0x98a868]  PSYoungGen::resize_generation(unsigned long, unsigned long)+0xf8
V  [libjvm.so+0x9899c2]  PSYoungGen::resize(unsigned long, unsigned long)+0x22
V  [libjvm.so+0x986c9b]  PSScavenge::invoke_no_policy()+0xf3b
V  [libjvm.so+0x987421]  PSScavenge::invoke()+0x41
V  [libjvm.so+0x93f1b0]  ParallelScavengeHeap::failed_mem_allocate(unsigned long)+0x70
V  [libjvm.so+0xabc137]  VM_ParallelGCFailedAllocation::doit()+0x97
V  [libjvm.so+0xac3b65]  VM_Operation::evaluate()+0x55
V  [libjvm.so+0xac1f3a]  VMThread::evaluate_operation(VM_Operation*)+0xba
V  [libjvm.so+0xac22be]  VMThread::loop()+0x1ce
V  [libjvm.so+0xac2730]  VMThread::run()+0x70
V  [libjvm.so+0x91d918]  java_start(Thread*)+0x108

VM_Operation (0x00007f9652bab6a0): ParallelGCFailedAllocation, mode: safepoint, requested by thread 0x00007f966c153000


---------------  P R O C E S S  ---------------

Java Threads: ( => current thread )
  0x00007f966c153000 JavaThread "pool-2-thread-4" [_thread_blocked, id=11941, stack(0x00007f9652aad000,0x00007f9652bae000)]
  0x00007f966c151800 JavaThread "pool-2-thread-3" [_thread_blocked, id=11940, stack(0x00007f9652bae000,0x00007f9652caf000)]
  0x00007f966c150000 JavaThread "pool-2-thread-2" [_thread_blocked, id=11939, stack(0x00007f9652caf000,0x00007f9652db0000)]
  0x00007f966c14e800 JavaThread "pool-3-thread-1" [_thread_blocked, id=11938, stack(0x00007f9652db0000,0x00007f9652eb1000)]
  0x00007f966c14c800 JavaThread "pool-2-thread-1" [_thread_blocked, id=11937, stack(0x00007f9652eb1000,0x00007f9652fb2000)]
  0x00007f966c0c0000 JavaThread "Service Thread" daemon [_thread_blocked, id=11935, stack(0x00007f96530b3000,0x00007f96531b4000)]
  0x00007f966c0bd800 JavaThread "C1 CompilerThread2" daemon [_thread_blocked, id=11934, stack(0x00007f96531b4000,0x00007f96532b5000)]
  0x00007f966c0bb800 JavaThread "C2 CompilerThread1" daemon [_thread_blocked, id=11933, stack(0x00007f96532b5000,0x00007f96533b6000)]
  0x00007f966c0b8800 JavaThread "C2 CompilerThread0" daemon [_thread_blocked, id=11932, stack(0x00007f96533b6000,0x00007f96534b7000)]
  0x00007f966c0b7000 JavaThread "Signal Dispatcher" daemon [_thread_blocked, id=11931, stack(0x00007f96534b7000,0x00007f96535b8000)]
  0x00007f966c07f000 JavaThread "Finalizer" daemon [_thread_blocked, id=11930, stack(0x00007f96539fa000,0x00007f9653afb000)]
  0x00007f966c07d000 JavaThread "Reference Handler" daemon [_thread_blocked, id=11929, stack(0x00007f9653afb000,0x00007f9653bfc000)]
  0x00007f966c00a000 JavaThread "main" [_thread_blocked, id=11920, stack(0x00007f9672332000,0x00007f9672433000)]

Other Threads:
=>0x00007f966c078000 VMThread [stack: 0x00007f9653bfc000,0x00007f9653cfd000] [id=11928]
  0x00007f966c0c3000 WatcherThread [stack: 0x00007f9652fb2000,0x00007f96530b3000] [id=11936]

VM state:at safepoint (normal execution)

VM Mutex/Monitor currently owned by a thread:  ([mutex/lock_event])
[0x00007f966c006450] Threads_lock - owner thread: 0x00007f966c078000
[0x00007f966c006950] Heap_lock - owner thread: 0x00007f966c153000

Heap:
 PSYoungGen      total 136192K, used 13821K [0x00000000eab00000, 0x00000000f3e00000, 0x0000000100000000)
  eden space 122368K, 0% used [0x00000000eab00000,0x00000000eab00000,0x00000000f2280000)
  from space 13824K, 99% used [0x00000000f2280000,0x00000000f2fff5f0,0x00000000f3000000)
  to   space 13312K, 0% used [0x00000000f3000000,0x00000000f3000000,0x00000000f3d00000)
 ParOldGen       total 40960K, used 33173K [0x00000000c0000000, 0x00000000c2800000, 0x00000000eab00000)
  object space 40960K, 80% used [0x00000000c0000000,0x00000000c20656e0,0x00000000c2800000)
 Metaspace       used 6196K, capacity 7128K, committed 7424K, reserved 1056768K
  class space    used 606K, capacity 656K, committed 768K, reserved 1048576K

Card table byte_map: [0x00007f965bdbc000,0x00007f965bfbd000] byte_map_base: 0x00007f965b7bc000

Marking Bits: (ParMarkBitMap*) 0x00007f9671812100
 Begin Bits: [0x00007f9659963000, 0x00007f965a963000)
 End Bits:   [0x00007f965a963000, 0x00007f965b963000)

Polling page: 0x00007f9672459000

CodeCache: size=245760Kb used=6360Kb max_used=6360Kb free=239399Kb
 bounds [0x00007f965c37d000, 0x00007f965c9bd000, 0x00007f966b37d000]
 total_blobs=1906 nmethods=1638 adapters=182
 compilation: enabled

Compilation events (10 events):
Event: 5,993 Thread 0x00007f966c0bd800 1955       2       com.android.dx.rop.code.LocalVariableExtractor::extract (14 bytes)
Event: 5,993 Thread 0x00007f966c0bd800 nmethod 1955 0x00007f965c9b05d0 code [0x00007f965c9b0740, 0x00007f965c9b0918]
Event: 5,993 Thread 0x00007f966c0bd800 1954       2       com.android.dx.rop.type.Type::isArray (19 bytes)
Event: 5,993 Thread 0x00007f966c0bd800 nmethod 1954 0x00007f965c9b0a10 code [0x00007f965c9b0b80, 0x00007f965c9b0d88]
Event: 5,993 Thread 0x00007f966c0bd800 1953       2       com.android.dx.rop.code.LocalVariableInfo::<init> (82 bytes)
Event: 5,994 Thread 0x00007f966c0bd800 nmethod 1953 0x00007f965c9b0f10 code [0x00007f965c9b1100, 0x00007f965c9b16a8]
Event: 6,000 Thread 0x00007f966c0bd800 1956       2       com.android.dx.cf.code.Simulator::requiredArrayTypeFor (61 bytes)
Event: 6,001 Thread 0x00007f966c0bd800 nmethod 1956 0x00007f965c9b19d0 code [0x00007f965c9b1b80, 0x00007f965c9b1e58]
Event: 6,037 Thread 0x00007f966c0bd800 1957 %     3       com.android.dx.ssa.SsaConverter::edgeSplitMoveExceptionsAndResults @ 12 (157 bytes)
Event: 6,039 Thread 0x00007f966c0bd800 nmethod 1957% 0x00007f965c9b2110 code [0x00007f965c9b24a0, 0x00007f965c9b40e8]

GC Heap History (10 events):
Event: 1,551 GC heap after
Heap after GC invocations=2 (full 0):
 PSYoungGen      total 33280K, used 2538K [0x00000000eab00000, 0x00000000ece00000, 0x0000000100000000)
  eden space 30720K, 0% used [0x00000000eab00000,0x00000000eab00000,0x00000000ec900000)
  from space 2560K, 99% used [0x00000000ecb80000,0x00000000ecdfaaa0,0x00000000ece00000)
  to   space 2560K, 0% used [0x00000000ec900000,0x00000000ec900000,0x00000000ecb80000)
 ParOldGen       total 40960K, used 3076K [0x00000000c0000000, 0x00000000c2800000, 0x00000000eab00000)
  object space 40960K, 7% used [0x00000000c0000000,0x00000000c0301110,0x00000000c2800000)
 Metaspace       used 5689K, capacity 6704K, committed 6784K, reserved 1056768K
  class space    used 585K, capacity 616K, committed 640K, reserved 1048576K
}
Event: 2,460 GC heap before
{Heap before GC invocations=3 (full 0):
 PSYoungGen      total 33280K, used 33258K [0x00000000eab00000, 0x00000000ece00000, 0x0000000100000000)
  eden space 30720K, 100% used [0x00000000eab00000,0x00000000ec900000,0x00000000ec900000)
  from space 2560K, 99% used [0x00000000ecb80000,0x00000000ecdfaaa0,0x00000000ece00000)
  to   space 2560K, 0% used [0x00000000ec900000,0x00000000ec900000,0x00000000ecb80000)
 ParOldGen       total 40960K, used 3076K [0x00000000c0000000, 0x00000000c2800000, 0x00000000eab00000)
  object space 40960K, 7% used [0x00000000c0000000,0x00000000c0301110,0x00000000c2800000)
 Metaspace       used 5758K, capacity 6768K, committed 7040K, reserved 1056768K
  class space    used 587K, capacity 616K, committed 640K, reserved 1048576K
Event: 2,512 GC heap after
Heap after GC invocations=3 (full 0):
 PSYoungGen      total 33280K, used 2535K [0x00000000eab00000, 0x00000000eec00000, 0x0000000100000000)
  eden space 30720K, 0% used [0x00000000eab00000,0x00000000eab00000,0x00000000ec900000)
  from space 2560K, 99% used [0x00000000ec900000,0x00000000ecb79fa8,0x00000000ecb80000)
  to   space 2560K, 0% used [0x00000000ee980000,0x00000000ee980000,0x00000000eec00000)
 ParOldGen       total 40960K, used 8597K [0x00000000c0000000, 0x00000000c2800000, 0x00000000eab00000)
  object space 40960K, 20% used [0x00000000c0000000,0x00000000c0865558,0x00000000c2800000)
 Metaspace       used 5758K, capacity 6768K, committed 7040K, reserved 1056768K
  class space    used 587K, capacity 616K, committed 640K, reserved 1048576K
}
Event: 2,975 GC heap before
{Heap before GC invocations=4 (full 0):
 PSYoungGen      total 33280K, used 33255K [0x00000000eab00000, 0x00000000eec00000, 0x0000000100000000)
  eden space 30720K, 100% used [0x00000000eab00000,0x00000000ec900000,0x00000000ec900000)
  from space 2560K, 99% used [0x00000000ec900000,0x00000000ecb79fa8,0x00000000ecb80000)
  to   space 2560K, 0% used [0x00000000ee980000,0x00000000ee980000,0x00000000eec00000)
 ParOldGen       total 40960K, used 8597K [0x00000000c0000000, 0x00000000c2800000, 0x00000000eab00000)
  object space 40960K, 20% used [0x00000000c0000000,0x00000000c0865558,0x00000000c2800000)
 Metaspace       used 5760K, capacity 6768K, committed 7040K, reserved 1056768K
  class space    used 587K, capacity 616K, committed 640K, reserved 1048576K
Event: 3,080 GC heap after
Heap after GC invocations=4 (full 0):
 PSYoungGen      total 64000K, used 2543K [0x00000000eab00000, 0x00000000eec00000, 0x0000000100000000)
  eden space 61440K, 0% used [0x00000000eab00000,0x00000000eab00000,0x00000000ee700000)
  from space 2560K, 99% used [0x00000000ee980000,0x00000000eebfbee0,0x00000000eec00000)
  to   space 2560K, 0% used [0x00000000ee700000,0x00000000ee700000,0x00000000ee980000)
 ParOldGen       total 40960K, used 13948K [0x00000000c0000000, 0x00000000c2800000, 0x00000000eab00000)
  object space 40960K, 34% used [0x00000000c0000000,0x00000000c0d9f0d8,0x00000000c2800000)
 Metaspace       used 5760K, capacity 6768K, committed 7040K, reserved 1056768K
  class space    used 587K, capacity 616K, committed 640K, reserved 1048576K
}
Event: 3,796 GC heap before
{Heap before GC invocations=5 (full 0):
 PSYoungGen      total 64000K, used 63983K [0x00000000eab00000, 0x00000000eec00000, 0x0000000100000000)
  eden space 61440K, 100% used [0x00000000eab00000,0x00000000ee700000,0x00000000ee700000)
  from space 2560K, 99% used [0x00000000ee980000,0x00000000eebfbee0,0x00000000eec00000)
  to   space 2560K, 0% used [0x00000000ee700000,0x00000000ee700000,0x00000000ee980000)
 ParOldGen       total 40960K, used 13948K [0x00000000c0000000, 0x00000000c2800000, 0x00000000eab00000)
  object space 40960K, 34% used [0x00000000c0000000,0x00000000c0d9f0d8,0x00000000c2800000)
 Metaspace       used 5820K, capacity 6832K, committed 7040K, reserved 1056768K
  class space    used 587K, capacity 616K, committed 640K, reserved 1048576K
Event: 3,862 GC heap after
Heap after GC invocations=5 (full 0):
 PSYoungGen      total 64000K, used 2536K [0x00000000eab00000, 0x00000000f3d00000, 0x0000000100000000)
  eden space 61440K, 0% used [0x00000000eab00000,0x00000000eab00000,0x00000000ee700000)
  from space 2560K, 99% used [0x00000000ee700000,0x00000000ee97a110,0x00000000ee980000)
  to   space 13312K, 0% used [0x00000000f3000000,0x00000000f3000000,0x00000000f3d00000)
 ParOldGen       total 40960K, used 22892K [0x00000000c0000000, 0x00000000c2800000, 0x00000000eab00000)
  object space 40960K, 55% used [0x00000000c0000000,0x00000000c165b048,0x00000000c2800000)
 Metaspace       used 5820K, capacity 6832K, committed 7040K, reserved 1056768K
  class space    used 587K, capacity 616K, committed 640K, reserved 1048576K
}
Event: 4,476 GC heap before
{Heap before GC invocations=6 (full 0):
 PSYoungGen      total 64000K, used 63976K [0x00000000eab00000, 0x00000000f3d00000, 0x0000000100000000)
  eden space 61440K, 100% used [0x00000000eab00000,0x00000000ee700000,0x00000000ee700000)
  from space 2560K, 99% used [0x00000000ee700000,0x00000000ee97a110,0x00000000ee980000)
  to   space 13312K, 0% used [0x00000000f3000000,0x00000000f3000000,0x00000000f3d00000)
 ParOldGen       total 40960K, used 22892K [0x00000000c0000000, 0x00000000c2800000, 0x00000000eab00000)
  object space 40960K, 55% used [0x00000000c0000000,0x00000000c165b048,0x00000000c2800000)
 Metaspace       used 6002K, capacity 6936K, committed 7168K, reserved 1056768K
  class space    used 606K, capacity 656K, committed 768K, reserved 1048576K
Event: 4,514 GC heap after
Heap after GC invocations=6 (full 0):
 PSYoungGen      total 135680K, used 10409K [0x00000000eab00000, 0x00000000f3e00000, 0x0000000100000000)
  eden space 122368K, 0% used [0x00000000eab00000,0x00000000eab00000,0x00000000f2280000)
  from space 13312K, 78% used [0x00000000f3000000,0x00000000f3a2a658,0x00000000f3d00000)
  to   space 13824K, 0% used [0x00000000f2280000,0x00000000f2280000,0x00000000f3000000)
 ParOldGen       total 40960K, used 22892K [0x00000000c0000000, 0x00000000c2800000, 0x00000000eab00000)
  object space 40960K, 55% used [0x00000000c0000000,0x00000000c165b048,0x00000000c2800000)
 Metaspace       used 6002K, capacity 6936K, committed 7168K, reserved 1056768K
  class space    used 606K, capacity 656K, committed 768K, reserved 1048576K
}
Event: 6,073 GC heap before
{Heap before GC invocations=7 (full 0):
 PSYoungGen      total 135680K, used 132777K [0x00000000eab00000, 0x00000000f3e00000, 0x0000000100000000)
  eden space 122368K, 100% used [0x00000000eab00000,0x00000000f2280000,0x00000000f2280000)
  from space 13312K, 78% used [0x00000000f3000000,0x00000000f3a2a658,0x00000000f3d00000)
  to   space 13824K, 0% used [0x00000000f2280000,0x00000000f2280000,0x00000000f3000000)
 ParOldGen       total 40960K, used 22892K [0x00000000c0000000, 0x00000000c2800000, 0x00000000eab00000)
  object space 40960K, 55% used [0x00000000c0000000,0x00000000c165b048,0x00000000c2800000)
 Metaspace       used 6196K, capacity 7128K, committed 7424K, reserved 1056768K
  class space    used 606K, capacity 656K, committed 768K, reserved 1048576K

Deoptimization events (10 events):
Event: 1,891 Thread 0x00007f966c00a000 Uncommon trap: reason=class_check action=maybe_recompile pc=0x00007f965c4cfadc method=java.util.regex.Matcher.search(I)Z @ 86
Event: 1,891 Thread 0x00007f966c00a000 Uncommon trap: reason=unstable_if action=reinterpret pc=0x00007f965c4cfb24 method=java.util.regex.Matcher.search(I)Z @ 30
Event: 1,895 Thread 0x00007f966c00a000 Uncommon trap: reason=unstable_if action=reinterpret pc=0x00007f965c4d244c method=java.util.regex.Pattern$BnM.optimize(Ljava/util/regex/Pattern$Node;)Ljava/util/regex/Pattern$Node; @ 22
Event: 2,063 Thread 0x00007f966c14c800 Uncommon trap: reason=bimorphic action=maybe_recompile pc=0x00007f965c5a1f04 method=java.util.HashMap.getNode(ILjava/lang/Object;)Ljava/util/HashMap$Node; @ 126
Event: 2,064 Thread 0x00007f966c14c800 Uncommon trap: reason=bimorphic action=maybe_recompile pc=0x00007f965c5a1f04 method=java.util.HashMap.getNode(ILjava/lang/Object;)Ljava/util/HashMap$Node; @ 126
Event: 2,339 Thread 0x00007f966c150000 Uncommon trap: reason=bimorphic action=maybe_recompile pc=0x00007f965c5a1f04 method=java.util.HashMap.getNode(ILjava/lang/Object;)Ljava/util/HashMap$Node; @ 126
Event: 2,348 Thread 0x00007f966c150000 Uncommon trap: reason=bimorphic action=maybe_recompile pc=0x00007f965c5a1f04 method=java.util.HashMap.getNode(ILjava/lang/Object;)Ljava/util/HashMap$Node; @ 126
Event: 4,230 Thread 0x00007f966c153000 Uncommon trap: reason=unstable_if action=reinterpret pc=0x00007f965c7764b0 method=java.util.HashMap.putVal(ILjava/lang/Object;Ljava/lang/Object;ZZ)Ljava/lang/Object; @ 206
Event: 4,363 Thread 0x00007f966c151800 Uncommon trap: reason=unstable_if action=reinterpret pc=0x00007f965c5fe4ac method=java.util.HashMap.putVal(ILjava/lang/Object;Ljava/lang/Object;ZZ)Ljava/lang/Object; @ 162
Event: 4,379 Thread 0x00007f966c151800 Uncommon trap: reason=unstable_if action=reinterpret pc=0x00007f965c5a0d6c method=java.util.HashMap.getNode(ILjava/lang/Object;)Ljava/util/HashMap$Node; @ 84

Internal exceptions (6 events):
Event: 0,137 Thread 0x00007f966c00a000 Exception <a 'java/lang/NoSuchMethodError': Method sun.misc.Unsafe.defineClass(Ljava/lang/String;[BII)Ljava/lang/Class; name or signature does not match> (0x00000000eab12bf0) thrown at [/HUDSON3/workspace/8-2-build-linux-amd64/jdk8u73/6086/hotspot/src/sha
Event: 0,137 Thread 0x00007f966c00a000 Exception <a 'java/lang/NoSuchMethodError': Method sun.misc.Unsafe.prefetchRead(Ljava/lang/Object;J)V name or signature does not match> (0x00000000eab12ed8) thrown at [/HUDSON3/workspace/8-2-build-linux-amd64/jdk8u73/6086/hotspot/src/share/vm/prims/jni.cp
Event: 1,618 Thread 0x00007f966c150000 Implicit null exception at 0x00007f965c620fe9 to 0x00007f965c62362d
Event: 4,365 Thread 0x00007f966c151800 Exception <a 'java/lang/ArrayIndexOutOfBoundsException': 18> (0x00000000edb8b168) thrown at [/HUDSON3/workspace/8-2-build-linux-amd64/jdk8u73/6086/hotspot/src/share/vm/interpreter/interpreterRuntime.cpp, line 366]
Event: 4,366 Thread 0x00007f966c151800 Exception <a 'java/lang/ArrayIndexOutOfBoundsException': 145> (0x00000000edb8cce8) thrown at [/HUDSON3/workspace/8-2-build-linux-amd64/jdk8u73/6086/hotspot/src/share/vm/interpreter/interpreterRuntime.cpp, line 366]
Event: 4,367 Thread 0x00007f966c151800 Exception <a 'java/lang/ArrayIndexOutOfBoundsException': 40> (0x00000000edb8dfd0) thrown at [/HUDSON3/workspace/8-2-build-linux-amd64/jdk8u73/6086/hotspot/src/share/vm/interpreter/interpreterRuntime.cpp, line 366]

Events (10 events):
Event: 5,767 Thread 0x00007f966c150000 DEOPT UNPACKING pc=0x00007f965c3c4633 sp=0x00007f9652dade48 mode 0
Event: 5,783 Thread 0x00007f966c14c800 DEOPT PACKING pc=0x00007f965c8980f7 sp=0x00007f9652fb0020
Event: 5,783 Thread 0x00007f966c14c800 DEOPT UNPACKING pc=0x00007f965c3c4633 sp=0x00007f9652fafe08 mode 0
Event: 5,903 Thread 0x00007f966c153000 DEOPT PACKING pc=0x00007f965c896391 sp=0x00007f9652babe10
Event: 5,903 Thread 0x00007f966c153000 DEOPT UNPACKING pc=0x00007f965c3c4633 sp=0x00007f9652babc18 mode 0
Event: 5,907 Thread 0x00007f966c14c800 DEOPT PACKING pc=0x00007f965c84c52a sp=0x00007f9652fb0050
Event: 5,907 Thread 0x00007f966c14c800 DEOPT UNPACKING pc=0x00007f965c3c4633 sp=0x00007f9652fafe08 mode 0
Event: 5,950 Thread 0x00007f966c150000 DEOPT PACKING pc=0x00007f965c80f36a sp=0x00007f9652dae0f0
Event: 5,950 Thread 0x00007f966c150000 DEOPT UNPACKING pc=0x00007f965c3c4633 sp=0x00007f9652dade70 mode 0
Event: 6,061 Executing VM operation: ParallelGCFailedAllocation


Dynamic libraries:
00400000-00401000 r-xp 00000000 08:02 6294568                            /opt/java/jdk1.8.0_73/bin/java
00600000-00601000 rw-p 00000000 08:02 6294568                            /opt/java/jdk1.8.0_73/bin/java
013d8000-013f9000 rw-p 00000000 00:00 0                                  [heap]
c0000000-c2800000 rw-p 00000000 00:00 0 
c2800000-eab00000 ---p 00000000 00:00 0 
eab00000-f3e00000 rw-p 00000000 00:00 0 
fc400000-100000000 ---p 00000000 00:00 0 
100000000-1000c0000 rw-p 00000000 00:00 0 
1000c0000-140000000 ---p 00000000 00:00 0 
7f9604000000-7f9604021000 rw-p 00000000 00:00 0 
7f9604021000-7f9608000000 ---p 00000000 00:00 0 
7f960c000000-7f960c021000 rw-p 00000000 00:00 0 
7f960c021000-7f9610000000 ---p 00000000 00:00 0 
7f9610000000-7f9610048000 rw-p 00000000 00:00 0 
7f9610048000-7f9614000000 ---p 00000000 00:00 0 
7f9614000000-7f9614044000 rw-p 00000000 00:00 0 
7f9614044000-7f9618000000 ---p 00000000 00:00 0 
7f9618000000-7f9618021000 rw-p 00000000 00:00 0 
7f9618021000-7f961c000000 ---p 00000000 00:00 0 
7f961c000000-7f961c021000 rw-p 00000000 00:00 0 
7f961c021000-7f9620000000 ---p 00000000 00:00 0 
7f9620000000-7f9620021000 rw-p 00000000 00:00 0 
7f9620021000-7f9624000000 ---p 00000000 00:00 0 
7f9624000000-7f9624d47000 rw-p 00000000 00:00 0 
7f9624d47000-7f9628000000 ---p 00000000 00:00 0 
7f9628000000-7f962888d000 rw-p 00000000 00:00 0 
7f962888d000-7f962c000000 ---p 00000000 00:00 0 
7f962c000000-7f962c021000 rw-p 00000000 00:00 0 
7f962c021000-7f9630000000 ---p 00000000 00:00 0 
7f9630000000-7f96307e8000 rw-p 00000000 00:00 0 
7f96307e8000-7f9634000000 ---p 00000000 00:00 0 
7f9634000000-7f9634021000 rw-p 00000000 00:00 0 
7f9634021000-7f9638000000 ---p 00000000 00:00 0 
7f9638000000-7f9638021000 rw-p 00000000 00:00 0 
7f9638021000-7f963c000000 ---p 00000000 00:00 0 
7f963c000000-7f963c021000 rw-p 00000000 00:00 0 
7f963c021000-7f9640000000 ---p 00000000 00:00 0 
7f9640000000-7f964028f000 rw-p 00000000 00:00 0 
7f964028f000-7f9644000000 ---p 00000000 00:00 0 
7f9644000000-7f9644021000 rw-p 00000000 00:00 0 
7f9644021000-7f9648000000 ---p 00000000 00:00 0 
7f964c000000-7f964c021000 rw-p 00000000 00:00 0 
7f964c021000-7f9650000000 ---p 00000000 00:00 0 
7f9652aad000-7f9652ab0000 ---p 00000000 00:00 0 
7f9652ab0000-7f9652bae000 rw-p 00000000 00:00 0                          [stack:11941]
7f9652bae000-7f9652bb1000 ---p 00000000 00:00 0 
7f9652bb1000-7f9652caf000 rw-p 00000000 00:00 0                          [stack:11940]
7f9652caf000-7f9652cb2000 ---p 00000000 00:00 0 
7f9652cb2000-7f9652db0000 rw-p 00000000 00:00 0                          [stack:11939]
7f9652db0000-7f9652db3000 ---p 00000000 00:00 0 
7f9652db3000-7f9652eb1000 rw-p 00000000 00:00 0                          [stack:11938]
7f9652eb1000-7f9652eb4000 ---p 00000000 00:00 0 
7f9652eb4000-7f9652fb2000 rw-p 00000000 00:00 0                          [stack:11937]
7f9652fb2000-7f9652fb3000 ---p 00000000 00:00 0 
7f9652fb3000-7f96530b3000 rw-p 00000000 00:00 0                          [stack:11936]
7f96530b3000-7f96530b6000 ---p 00000000 00:00 0 
7f96530b6000-7f96531b4000 rw-p 00000000 00:00 0                          [stack:11935]
7f96531b4000-7f96531b7000 ---p 00000000 00:00 0 
7f96531b7000-7f96532b5000 rw-p 00000000 00:00 0                          [stack:11934]
7f96532b5000-7f96532b8000 ---p 00000000 00:00 0 
7f96532b8000-7f96533b6000 rw-p 00000000 00:00 0                          [stack:11933]
7f96533b6000-7f96533b9000 ---p 00000000 00:00 0 
7f96533b9000-7f96534b7000 rw-p 00000000 00:00 0                          [stack:11932]
7f96534b7000-7f96534ba000 ---p 00000000 00:00 0 
7f96534ba000-7f96535b8000 rw-p 00000000 00:00 0                          [stack:11931]
7f96535b8000-7f96539fa000 r--p 00000000 08:02 2496928                    /usr/lib/locale/locale-archive
7f96539fa000-7f96539fd000 ---p 00000000 00:00 0 
7f96539fd000-7f9653afb000 rw-p 00000000 00:00 0                          [stack:11930]
7f9653afb000-7f9653afe000 ---p 00000000 00:00 0 
7f9653afe000-7f9653bfc000 rw-p 00000000 00:00 0                          [stack:11929]
7f9653bfc000-7f9653bfd000 ---p 00000000 00:00 0 
7f9653bfd000-7f9654000000 rw-p 00000000 00:00 0                          [stack:11928]
7f9654000000-7f9654021000 rw-p 00000000 00:00 0 
7f9654021000-7f9658000000 ---p 00000000 00:00 0 
7f965805f000-7f9658085000 r--p 00000000 08:02 3147724                    /usr/share/locale-langpack/de/LC_MESSAGES/libc.mo
7f9658085000-7f9658d15000 rw-p 00000000 00:00 0 
7f9658d15000-7f9658eed000 r--s 03d23000 08:02 6294420                    /opt/java/jdk1.8.0_73/jre/lib/rt.jar
7f9658eed000-7f96595e3000 rw-p 00000000 00:00 0 
7f96595e3000-7f9659763000 ---p 00000000 00:00 0 
7f9659763000-7f965b963000 rw-p 00000000 00:00 0 
7f965b963000-7f965b964000 ---p 00000000 00:00 0 
7f965b964000-7f965ba64000 rw-p 00000000 00:00 0                          [stack:11927]
7f965ba64000-7f965ba65000 ---p 00000000 00:00 0 
7f965ba65000-7f965bb65000 rw-p 00000000 00:00 0                          [stack:11926]
7f965bb65000-7f965bb66000 ---p 00000000 00:00 0 
7f965bb66000-7f965bc7a000 rw-p 00000000 00:00 0                          [stack:11924]
7f965bc7a000-7f965bdbc000 ---p 00000000 00:00 0 
7f965bdbc000-7f965bdd0000 rw-p 00000000 00:00 0 
7f965bdd0000-7f965bf11000 ---p 00000000 00:00 0 
7f965bf11000-7f965bf5b000 rw-p 00000000 00:00 0 
7f965bf5b000-7f965bfbc000 ---p 00000000 00:00 0 
7f965bfbc000-7f965bfd6000 rw-p 00000000 00:00 0 
7f965bfd6000-7f965c37d000 ---p 00000000 00:00 0 
7f965c37d000-7f965c9bd000 rwxp 00000000 00:00 0 
7f965c9bd000-7f966b37d000 ---p 00000000 00:00 0 
7f966b37d000-7f966b397000 r-xp 00000000 08:02 6689342                    /opt/java/jdk1.8.0_73/jre/lib/amd64/libzip.so
7f966b397000-7f966b597000 ---p 0001a000 08:02 6689342                    /opt/java/jdk1.8.0_73/jre/lib/amd64/libzip.so
7f966b597000-7f966b598000 rw-p 0001a000 08:02 6689342                    /opt/java/jdk1.8.0_73/jre/lib/amd64/libzip.so
7f966b598000-7f966b5a3000 r-xp 00000000 08:02 4719618                    /lib/x86_64-linux-gnu/libnss_files-2.19.so
7f966b5a3000-7f966b7a2000 ---p 0000b000 08:02 4719618                    /lib/x86_64-linux-gnu/libnss_files-2.19.so
7f966b7a2000-7f966b7a3000 r--p 0000a000 08:02 4719618                    /lib/x86_64-linux-gnu/libnss_files-2.19.so
7f966b7a3000-7f966b7a4000 rw-p 0000b000 08:02 4719618                    /lib/x86_64-linux-gnu/libnss_files-2.19.so
7f966b7a4000-7f966b7af000 r-xp 00000000 08:02 4719581                    /lib/x86_64-linux-gnu/libnss_nis-2.19.so
7f966b7af000-7f966b9ae000 ---p 0000b000 08:02 4719581                    /lib/x86_64-linux-gnu/libnss_nis-2.19.so
7f966b9ae000-7f966b9af000 r--p 0000a000 08:02 4719581                    /lib/x86_64-linux-gnu/libnss_nis-2.19.so
7f966b9af000-7f966b9b0000 rw-p 0000b000 08:02 4719581                    /lib/x86_64-linux-gnu/libnss_nis-2.19.so
7f966b9b0000-7f966b9c7000 r-xp 00000000 08:02 4719571                    /lib/x86_64-linux-gnu/libnsl-2.19.so
7f966b9c7000-7f966bbc6000 ---p 00017000 08:02 4719571                    /lib/x86_64-linux-gnu/libnsl-2.19.so
7f966bbc6000-7f966bbc7000 r--p 00016000 08:02 4719571                    /lib/x86_64-linux-gnu/libnsl-2.19.so
7f966bbc7000-7f966bbc8000 rw-p 00017000 08:02 4719571                    /lib/x86_64-linux-gnu/libnsl-2.19.so
7f966bbc8000-7f966bbca000 rw-p 00000000 00:00 0 
7f966bbca000-7f966bbd3000 r-xp 00000000 08:02 4719565                    /lib/x86_64-linux-gnu/libnss_compat-2.19.so
7f966bbd3000-7f966bdd2000 ---p 00009000 08:02 4719565                    /lib/x86_64-linux-gnu/libnss_compat-2.19.so
7f966bdd2000-7f966bdd3000 r--p 00008000 08:02 4719565                    /lib/x86_64-linux-gnu/libnss_compat-2.19.so
7f966bdd3000-7f966bdd4000 rw-p 00009000 08:02 4719565                    /lib/x86_64-linux-gnu/libnss_compat-2.19.so
7f966bdd4000-7f966bdfe000 r-xp 00000000 08:02 6689347                    /opt/java/jdk1.8.0_73/jre/lib/amd64/libjava.so
7f966bdfe000-7f966bffe000 ---p 0002a000 08:02 6689347                    /opt/java/jdk1.8.0_73/jre/lib/amd64/libjava.so
7f966bffe000-7f966c000000 rw-p 0002a000 08:02 6689347                    /opt/java/jdk1.8.0_73/jre/lib/amd64/libjava.so
7f966c000000-7f966c3ab000 rw-p 00000000 00:00 0 
7f966c3ab000-7f9670000000 ---p 00000000 00:00 0 
7f9670000000-7f9670007000 r--s 00000000 08:02 2888343                    /usr/lib/x86_64-linux-gnu/gconv/gconv-modules.cache
7f9670007000-7f967000f000 r--s 00078000 08:11 103170                     /media/lukas/LUKAS-USB/3bhif/POS1/Project/MailAnalyse/app/libs/mail-1.4.7.jar
7f967000f000-7f967001e000 r--s 000df000 00:1a 5383561                    /home/lukas/Android/Sdk/build-tools/23.0.3/lib/dx.jar
7f967001e000-7f967003f000 rw-p 00000000 00:00 0 
7f967003f000-7f9670040000 ---p 00000000 00:00 0 
7f9670040000-7f9670140000 rw-p 00000000 00:00 0                          [stack:11923]
7f9670140000-7f967014d000 r-xp 00000000 08:02 6689331                    /opt/java/jdk1.8.0_73/jre/lib/amd64/libverify.so
7f967014d000-7f967034d000 ---p 0000d000 08:02 6689331                    /opt/java/jdk1.8.0_73/jre/lib/amd64/libverify.so
7f967034d000-7f967034f000 rw-p 0000d000 08:02 6689331                    /opt/java/jdk1.8.0_73/jre/lib/amd64/libverify.so
7f967034f000-7f9670356000 r-xp 00000000 08:02 4719606                    /lib/x86_64-linux-gnu/librt-2.19.so
7f9670356000-7f9670555000 ---p 00007000 08:02 4719606                    /lib/x86_64-linux-gnu/librt-2.19.so
7f9670555000-7f9670556000 r--p 00006000 08:02 4719606                    /lib/x86_64-linux-gnu/librt-2.19.so
7f9670556000-7f9670557000 rw-p 00007000 08:02 4719606                    /lib/x86_64-linux-gnu/librt-2.19.so
7f9670557000-7f967065c000 r-xp 00000000 08:02 4719556                    /lib/x86_64-linux-gnu/libm-2.19.so
7f967065c000-7f967085b000 ---p 00105000 08:02 4719556                    /lib/x86_64-linux-gnu/libm-2.19.so
7f967085b000-7f967085c000 r--p 00104000 08:02 4719556                    /lib/x86_64-linux-gnu/libm-2.19.so
7f967085c000-7f967085d000 rw-p 00105000 08:02 4719556                    /lib/x86_64-linux-gnu/libm-2.19.so
7f967085d000-7f967151c000 r-xp 00000000 08:02 6689310                    /opt/java/jdk1.8.0_73/jre/lib/amd64/server/libjvm.so
7f967151c000-7f967171b000 ---p 00cbf000 08:02 6689310                    /opt/java/jdk1.8.0_73/jre/lib/amd64/server/libjvm.so
7f967171b000-7f96717f4000 rw-p 00cbe000 08:02 6689310                    /opt/java/jdk1.8.0_73/jre/lib/amd64/server/libjvm.so
7f96717f4000-7f967183d000 rw-p 00000000 00:00 0 
7f967183d000-7f96719f8000 r-xp 00000000 08:02 4719607                    /lib/x86_64-linux-gnu/libc-2.19.so
7f96719f8000-7f9671bf7000 ---p 001bb000 08:02 4719607                    /lib/x86_64-linux-gnu/libc-2.19.so
7f9671bf7000-7f9671bfb000 r--p 001ba000 08:02 4719607                    /lib/x86_64-linux-gnu/libc-2.19.so
7f9671bfb000-7f9671bfd000 rw-p 001be000 08:02 4719607                    /lib/x86_64-linux-gnu/libc-2.19.so
7f9671bfd000-7f9671c02000 rw-p 00000000 00:00 0 
7f9671c02000-7f9671c05000 r-xp 00000000 08:02 4719558                    /lib/x86_64-linux-gnu/libdl-2.19.so
7f9671c05000-7f9671e04000 ---p 00003000 08:02 4719558                    /lib/x86_64-linux-gnu/libdl-2.19.so
7f9671e04000-7f9671e05000 r--p 00002000 08:02 4719558                    /lib/x86_64-linux-gnu/libdl-2.19.so
7f9671e05000-7f9671e06000 rw-p 00003000 08:02 4719558                    /lib/x86_64-linux-gnu/libdl-2.19.so
7f9671e06000-7f9671e1b000 r-xp 00000000 08:02 6818542                    /opt/java/jdk1.8.0_73/lib/amd64/jli/libjli.so
7f9671e1b000-7f967201b000 ---p 00015000 08:02 6818542                    /opt/java/jdk1.8.0_73/lib/amd64/jli/libjli.so
7f967201b000-7f967201c000 rw-p 00015000 08:02 6818542                    /opt/java/jdk1.8.0_73/lib/amd64/jli/libjli.so
7f967201c000-7f9672035000 r-xp 00000000 08:02 4719572                    /lib/x86_64-linux-gnu/libpthread-2.19.so
7f9672035000-7f9672234000 ---p 00019000 08:02 4719572                    /lib/x86_64-linux-gnu/libpthread-2.19.so
7f9672234000-7f9672235000 r--p 00018000 08:02 4719572                    /lib/x86_64-linux-gnu/libpthread-2.19.so
7f9672235000-7f9672236000 rw-p 00019000 08:02 4719572                    /lib/x86_64-linux-gnu/libpthread-2.19.so
7f9672236000-7f967223a000 rw-p 00000000 00:00 0 
7f967223a000-7f967225d000 r-xp 00000000 08:02 4719577                    /lib/x86_64-linux-gnu/ld-2.19.so
7f9672260000-7f9672332000 rw-p 00000000 00:00 0 
7f9672332000-7f9672335000 ---p 00000000 00:00 0 
7f9672335000-7f9672437000 rw-p 00000000 00:00 0                          [stack:11920]
7f967243b000-7f9672450000 rw-p 00000000 00:00 0 
7f9672450000-7f9672458000 rw-s 00000000 08:02 2228291                    /tmp/hsperfdata_lukas/11919
7f9672458000-7f9672459000 rw-p 00000000 00:00 0 
7f9672459000-7f967245a000 ---p 00000000 00:00 0 
7f967245a000-7f967245c000 rw-p 00000000 00:00 0 
7f967245c000-7f967245d000 r--p 00022000 08:02 4719577                    /lib/x86_64-linux-gnu/ld-2.19.so
7f967245d000-7f967245e000 rw-p 00023000 08:02 4719577                    /lib/x86_64-linux-gnu/ld-2.19.so
7f967245e000-7f967245f000 rw-p 00000000 00:00 0 
7fffd94c5000-7fffd94e6000 rw-p 00000000 00:00 0                          [stack]
7fffd95fe000-7fffd9600000 r-xp 00000000 00:00 0                          [vdso]
ffffffffff600000-ffffffffff601000 r-xp 00000000 00:00 0                  [vsyscall]

VM Arguments:
jvm_args: -Djava.awt.headless=true -Xmx1024M -Dfile.encoding=UTF-8 -Duser.country=AT -Duser.language=de -Duser.variant 
java_command: com.android.dx.command.Main --dex --force-jumbo --num-threads=4 --multi-dex --output /media/lukas/LUKAS-USB/3bhif/POS1/Project/MailAnalyse/app/build/intermediates/transforms/dex/debug/folders/1000/2/mail-1.4.7_67ca5eba69c7394f91a67c6b627e09fab5c1fb52 /media/lukas/LUKAS-USB/3bhif/POS1/Project/MailAnalyse/app/libs/mail-1.4.7.jar
java_class_path (initial): /home/lukas/Android/Sdk/build-tools/23.0.3/lib/dx.jar
Launcher Type: SUN_STANDARD

Environment Variables:
JAVA_HOME=/usr/lib/jvm/jdk.1.8.0_73
PATH=/usr/local/sbin:/usr/local/bin:/usr/sbin:/usr/bin:/sbin:/bin:/usr/games:/usr/local/games:/usr/lib/jvm/java-8-oracle/bin:/usr/lib/jvm/java-8-oracle/db/bin:/usr/lib/jvm/java-8-oracle/jre/bin:/usr/lib/jvm/jdk.1.8.0_73/bin
USERNAME=lukas
LD_LIBRARY_PATH=/opt/android-studio/bin:
SHELL=/bin/bash
DISPLAY=:0

Signal Handlers:
SIGSEGV: [libjvm.so+0xabafa0], sa_mask[0]=11111111011111111101111111111110, sa_flags=SA_RESTART|SA_SIGINFO
SIGBUS: [libjvm.so+0xabafa0], sa_mask[0]=11111111011111111101111111111110, sa_flags=SA_RESTART|SA_SIGINFO
SIGFPE: [libjvm.so+0x9183c0], sa_mask[0]=11111111011111111101111111111110, sa_flags=SA_RESTART|SA_SIGINFO
SIGPIPE: [libjvm.so+0x9183c0], sa_mask[0]=11111111011111111101111111111110, sa_flags=SA_RESTART|SA_SIGINFO
SIGXFSZ: [libjvm.so+0x9183c0], sa_mask[0]=11111111011111111101111111111110, sa_flags=SA_RESTART|SA_SIGINFO
SIGILL: [libjvm.so+0x9183c0], sa_mask[0]=11111111011111111101111111111110, sa_flags=SA_RESTART|SA_SIGINFO
SIGUSR1: SIG_DFL, sa_mask[0]=00000000000000000000000000000000, sa_flags=none
SIGUSR2: [libjvm.so+0x9199f0], sa_mask[0]=00100000000000000000000000000000, sa_flags=SA_RESTART|SA_SIGINFO
SIGHUP: [libjvm.so+0x91adf0], sa_mask[0]=11111111011111111101111111111110, sa_flags=SA_RESTART|SA_SIGINFO
SIGINT: [libjvm.so+0x91adf0], sa_mask[0]=11111111011111111101111111111110, sa_flags=SA_RESTART|SA_SIGINFO
SIGTERM: [libjvm.so+0x91adf0], sa_mask[0]=11111111011111111101111111111110, sa_flags=SA_RESTART|SA_SIGINFO
SIGQUIT: [libjvm.so+0x91adf0], sa_mask[0]=11111111011111111101111111111110, sa_flags=SA_RESTART|SA_SIGINFO


---------------  S Y S T E M  ---------------

OS:DISTRIB_ID=LinuxMint
DISTRIB_RELEASE=17
DISTRIB_CODENAME=qiana
DISTRIB_DESCRIPTION="Linux Mint 17 Qiana"

uname:Linux 3.13.0-24-generic #47-Ubuntu SMP Fri May 2 23:30:00 UTC 2014 x86_64
libc:glibc 2.19 NPTL 2.19 
rlimit: STACK 8192k, CORE 0k, NPROC 29926, NOFILE 4096, AS infinity
load average:4,49 2,74 2,57

/proc/meminfo:
MemTotal:        3924480 kB
MemFree:          111060 kB
Buffers:             400 kB
Cached:            55880 kB
SwapCached:            0 kB
Active:          3533128 kB
Inactive:          39000 kB
Active(anon):    3517360 kB
Inactive(anon):    24340 kB
Active(file):      15768 kB
Inactive(file):    14660 kB
Unevictable:          32 kB
Mlocked:              32 kB
SwapTotal:             0 kB
SwapFree:              0 kB
Dirty:               148 kB
Writeback:           612 kB
AnonPages:       3516076 kB
Mapped:            90196 kB
Shmem:             25656 kB
Slab:              78652 kB
SReclaimable:      32080 kB
SUnreclaim:        46572 kB
KernelStack:        5456 kB
PageTables:        31408 kB
NFS_Unstable:          0 kB
Bounce:                0 kB
WritebackTmp:          0 kB
CommitLimit:     1962240 kB
Committed_AS:    6247196 kB
VmallocTotal:   34359738367 kB
VmallocUsed:      384852 kB
VmallocChunk:   34359331324 kB
HardwareCorrupted:     0 kB
AnonHugePages:    618496 kB
HugePages_Total:       0
HugePages_Free:        0
HugePages_Rsvd:        0
HugePages_Surp:        0
Hugepagesize:       2048 kB
DirectMap4k:      220224 kB
DirectMap2M:     3852288 kB


CPU:total 4 (2 cores per cpu, 2 threads per core) family 6 model 42 stepping 7, cmov, cx8, fxsr, mmx, sse, sse2, sse3, ssse3, sse4.1, sse4.2, popcnt, avx, aes, clmul, ht, tsc, tscinvbit

/proc/cpuinfo:
processor	: 0
vendor_id	: GenuineIntel
cpu family	: 6
model		: 42
model name	: Intel(R) Core(TM) i5-2520M CPU @ 2.50GHz
stepping	: 7
microcode	: 0x29
cpu MHz		: 2501.000
cache size	: 3072 KB
physical id	: 0
siblings	: 4
core id		: 0
cpu cores	: 2
apicid		: 0
initial apicid	: 0
fpu		: yes
fpu_exception	: yes
cpuid level	: 13
wp		: yes
flags		: fpu vme de pse tsc msr pae mce cx8 apic sep mtrr pge mca cmov pat pse36 clflush dts acpi mmx fxsr sse sse2 ss ht tm pbe syscall nx rdtscp lm constant_tsc arch_perfmon pebs bts rep_good nopl xtopology nonstop_tsc aperfmperf eagerfpu pni pclmulqdq dtes64 monitor ds_cpl vmx smx est tm2 ssse3 cx16 xtpr pdcm pcid sse4_1 sse4_2 x2apic popcnt tsc_deadline_timer aes xsave avx lahf_lm ida arat epb xsaveopt pln pts dtherm tpr_shadow vnmi flexpriority ept vpid
bogomips	: 4989.04
clflush size	: 64
cache_alignment	: 64
address sizes	: 36 bits physical, 48 bits virtual
power management:

processor	: 1
vendor_id	: GenuineIntel
cpu family	: 6
model		: 42
model name	: Intel(R) Core(TM) i5-2520M CPU @ 2.50GHz
stepping	: 7
microcode	: 0x29
cpu MHz		: 800.000
cache size	: 3072 KB
physical id	: 0
siblings	: 4
core id		: 1
cpu cores	: 2
apicid		: 2
initial apicid	: 2
fpu		: yes
fpu_exception	: yes
cpuid level	: 13
wp		: yes
flags		: fpu vme de pse tsc msr pae mce cx8 apic sep mtrr pge mca cmov pat pse36 clflush dts acpi mmx fxsr sse sse2 ss ht tm pbe syscall nx rdtscp lm constant_tsc arch_perfmon pebs bts rep_good nopl xtopology nonstop_tsc aperfmperf eagerfpu pni pclmulqdq dtes64 monitor ds_cpl vmx smx est tm2 ssse3 cx16 xtpr pdcm pcid sse4_1 sse4_2 x2apic popcnt tsc_deadline_timer aes xsave avx lahf_lm ida arat epb xsaveopt pln pts dtherm tpr_shadow vnmi flexpriority ept vpid
bogomips	: 4989.04
clflush size	: 64
cache_alignment	: 64
address sizes	: 36 bits physical, 48 bits virtual
power management:

processor	: 2
vendor_id	: GenuineIntel
cpu family	: 6
model		: 42
model name	: Intel(R) Core(TM) i5-2520M CPU @ 2.50GHz
stepping	: 7
microcode	: 0x29
cpu MHz		: 2501.000
cache size	: 3072 KB
physical id	: 0
siblings	: 4
core id		: 0
cpu cores	: 2
apicid		: 1
initial apicid	: 1
fpu		: yes
fpu_exception	: yes
cpuid level	: 13
wp		: yes
flags		: fpu vme de pse tsc msr pae mce cx8 apic sep mtrr pge mca cmov pat pse36 clflush dts acpi mmx fxsr sse sse2 ss ht tm pbe syscall nx rdtscp lm constant_tsc arch_perfmon pebs bts rep_good nopl xtopology nonstop_tsc aperfmperf eagerfpu pni pclmulqdq dtes64 monitor ds_cpl vmx smx est tm2 ssse3 cx16 xtpr pdcm pcid sse4_1 sse4_2 x2apic popcnt tsc_deadline_timer aes xsave avx lahf_lm ida arat epb xsaveopt pln pts dtherm tpr_shadow vnmi flexpriority ept vpid
bogomips	: 4989.04
clflush size	: 64
cache_alignment	: 64
address sizes	: 36 bits physical, 48 bits virtual
power management:

processor	: 3
vendor_id	: GenuineIntel
cpu family	: 6
model		: 42
model name	: Intel(R) Core(TM) i5-2520M CPU @ 2.50GHz
stepping	: 7
microcode	: 0x29
cpu MHz		: 800.000
cache size	: 3072 KB
physical id	: 0
siblings	: 4
core id		: 1
cpu cores	: 2
apicid		: 3
initial apicid	: 3
fpu		: yes
fpu_exception	: yes
cpuid level	: 13
wp		: yes
flags		: fpu vme de pse tsc msr pae mce cx8 apic sep mtrr pge mca cmov pat pse36 clflush dts acpi mmx fxsr sse sse2 ss ht tm pbe syscall nx rdtscp lm constant_tsc arch_perfmon pebs bts rep_good nopl xtopology nonstop_tsc aperfmperf eagerfpu pni pclmulqdq dtes64 monitor ds_cpl vmx smx est tm2 ssse3 cx16 xtpr pdcm pcid sse4_1 sse4_2 x2apic popcnt tsc_deadline_timer aes xsave avx lahf_lm ida arat epb xsaveopt pln pts dtherm tpr_shadow vnmi flexpriority ept vpid
bogomips	: 4989.04
clflush size	: 64
cache_alignment	: 64
address sizes	: 36 bits physical, 48 bits virtual
power management:



Memory: 4k page, physical 3924480k(111060k free), swap 0k(0k free)

vm_info: Java HotSpot(TM) 64-Bit Server VM (25.73-b02) for linux-amd64 JRE (1.8.0_73-b02), built on Jan 29 2016 17:39:45 by "java_re" with gcc 4.3.0 20080428 (Red Hat 4.3.0-8)

time: Mon May 30 14:14:06 2016
elapsed time: 14 seconds (0d 0h 0m 14s)

