#
# There is insufficient memory for the Java Runtime Environment to continue.
# Native memory allocation (mmap) failed to map 81788928 bytes for committing reserved memory.
# Possible reasons:
#   The system is out of physical RAM or swap space
#   In 32 bit mode, the process size limit was hit
# Possible solutions:
#   Reduce memory load on the system
#   Increase physical memory or swap space
#   Check if swap backing store is full
#   Use 64 bit Java on a 64 bit OS
#   Decrease Java heap size (-Xmx/-Xms)
#   Decrease number of Java threads
#   Decrease Java thread stack sizes (-Xss)
#   Set larger code cache with -XX:ReservedCodeCacheSize=
# This output file may be truncated or incomplete.
#
#  Out of Memory Error (os_linux.cpp:2627), pid=16089, tid=140189420766976
#
# JRE version: Java(TM) SE Runtime Environment (8.0_73-b02) (build 1.8.0_73-b02)
# Java VM: Java HotSpot(TM) 64-Bit Server VM (25.73-b02 mixed mode linux-amd64 compressed oops)
# Failed to write core dump. Core dumps have been disabled. To enable core dumping, try "ulimit -c unlimited" before starting Java again
#

---------------  T H R E A D  ---------------

Current thread (0x00007f8078078000):  VMThread [stack: 0x00007f8064904000,0x00007f8064a05000] [id=16100]

Stack: [0x00007f8064904000,0x00007f8064a05000],  sp=0x00007f8064a03060,  free space=1020k
Native frames: (J=compiled Java code, j=interpreted, Vv=VM code, C=native code)
V  [libjvm.so+0xaba71a]  VMError::report_and_die()+0x2ba
V  [libjvm.so+0x4f9ecb]  report_vm_out_of_memory(char const*, int, unsigned long, VMErrorType, char const*)+0x8b
V  [libjvm.so+0x91b553]  os::Linux::commit_memory_impl(char*, unsigned long, bool)+0x103
V  [libjvm.so+0x91baa9]  os::pd_commit_memory(char*, unsigned long, unsigned long, bool)+0x29
V  [libjvm.so+0x915dba]  os::commit_memory(char*, unsigned long, unsigned long, bool)+0x2a
V  [libjvm.so+0x989463]  PSVirtualSpace::expand_by(unsigned long)+0x53
V  [libjvm.so+0x98a868]  PSYoungGen::resize_generation(unsigned long, unsigned long)+0xf8
V  [libjvm.so+0x9899c2]  PSYoungGen::resize(unsigned long, unsigned long)+0x22
V  [libjvm.so+0x986c9b]  PSScavenge::invoke_no_policy()+0xf3b
V  [libjvm.so+0x987421]  PSScavenge::invoke()+0x41
V  [libjvm.so+0x93f1b0]  ParallelScavengeHeap::failed_mem_allocate(unsigned long)+0x70
V  [libjvm.so+0xabc137]  VM_ParallelGCFailedAllocation::doit()+0x97
V  [libjvm.so+0xac3b65]  VM_Operation::evaluate()+0x55
V  [libjvm.so+0xac1f3a]  VMThread::evaluate_operation(VM_Operation*)+0xba
V  [libjvm.so+0xac22be]  VMThread::loop()+0x1ce
V  [libjvm.so+0xac2730]  VMThread::run()+0x70
V  [libjvm.so+0x91d918]  java_start(Thread*)+0x108

VM_Operation (0x00007f807f0a1420): ParallelGCFailedAllocation, mode: safepoint, requested by thread 0x00007f807800a000


---------------  P R O C E S S  ---------------

Java Threads: ( => current thread )
  0x00007f807813c000 JavaThread "pool-2-thread-4" [_thread_blocked, id=16115, stack(0x00007f80476f7000,0x00007f80477f8000)]
  0x00007f807813a800 JavaThread "pool-2-thread-3" [_thread_blocked, id=16114, stack(0x00007f80477f8000,0x00007f80478f9000)]
  0x00007f8078139800 JavaThread "pool-2-thread-2" [_thread_blocked, id=16112, stack(0x00007f80478f9000,0x00007f80479fa000)]
  0x00007f8078136800 JavaThread "pool-3-thread-1" [_thread_blocked, id=16111, stack(0x00007f80479fa000,0x00007f8047afb000)]
  0x00007f8078134800 JavaThread "pool-2-thread-1" [_thread_blocked, id=16110, stack(0x00007f8047afb000,0x00007f8047bfc000)]
  0x00007f80780c0000 JavaThread "Service Thread" daemon [_thread_blocked, id=16108, stack(0x00007f8047cfd000,0x00007f8047dfe000)]
  0x00007f80780bd800 JavaThread "C1 CompilerThread2" daemon [_thread_blocked, id=16107, stack(0x00007f8047dfe000,0x00007f8047eff000)]
  0x00007f80780bb800 JavaThread "C2 CompilerThread1" daemon [_thread_in_native, id=16106, stack(0x00007f8047eff000,0x00007f8048000000)]
  0x00007f80780b8800 JavaThread "C2 CompilerThread0" daemon [_thread_blocked, id=16105, stack(0x00007f80640be000,0x00007f80641bf000)]
  0x00007f80780b7000 JavaThread "Signal Dispatcher" daemon [_thread_blocked, id=16104, stack(0x00007f80641bf000,0x00007f80642c0000)]
  0x00007f807807f000 JavaThread "Finalizer" daemon [_thread_blocked, id=16102, stack(0x00007f8064702000,0x00007f8064803000)]
  0x00007f807807d000 JavaThread "Reference Handler" daemon [_thread_blocked, id=16101, stack(0x00007f8064803000,0x00007f8064904000)]
  0x00007f807800a000 JavaThread "main" [_thread_blocked, id=16091, stack(0x00007f807efa3000,0x00007f807f0a4000)]

Other Threads:
=>0x00007f8078078000 VMThread [stack: 0x00007f8064904000,0x00007f8064a05000] [id=16100]
  0x00007f80780c3000 WatcherThread [stack: 0x00007f8047bfc000,0x00007f8047cfd000] [id=16109]

VM state:at safepoint (normal execution)

VM Mutex/Monitor currently owned by a thread:  ([mutex/lock_event])
[0x00007f8078006450] Threads_lock - owner thread: 0x00007f8078078000
[0x00007f8078006950] Heap_lock - owner thread: 0x00007f807800a000

Heap:
 PSYoungGen      total 134144K, used 15853K [0x00000000eab00000, 0x00000000f4100000, 0x0000000100000000)
  eden space 118272K, 0% used [0x00000000eab00000,0x00000000eab00000,0x00000000f1e80000)
  from space 15872K, 99% used [0x00000000f1e80000,0x00000000f2dfb440,0x00000000f2e00000)
  to   space 12288K, 0% used [0x00000000f2e00000,0x00000000f2e00000,0x00000000f3a00000)
 ParOldGen       total 40960K, used 31966K [0x00000000c0000000, 0x00000000c2800000, 0x00000000eab00000)
  object space 40960K, 78% used [0x00000000c0000000,0x00000000c1f379d0,0x00000000c2800000)
 Metaspace       used 6278K, capacity 7128K, committed 7424K, reserved 1056768K
  class space    used 607K, capacity 656K, committed 768K, reserved 1048576K

Card table byte_map: [0x00007f8068a3f000,0x00007f8068c40000] byte_map_base: 0x00007f806843f000

Marking Bits: (ParMarkBitMap*) 0x00007f807e483100
 Begin Bits: [0x00007f80665e6000, 0x00007f80675e6000)
 End Bits:   [0x00007f80675e6000, 0x00007f80685e6000)

Polling page: 0x00007f807f0ca000

CodeCache: size=245760Kb used=7467Kb max_used=7467Kb free=238292Kb
 bounds [0x00007f8069000000, 0x00007f8069750000, 0x00007f8078000000]
 total_blobs=2117 nmethods=1848 adapters=182
 compilation: enabled

Compilation events (10 events):
Event: 13,832 Thread 0x00007f80780bd800 nmethod 2135 0x00007f806974bf90 code [0x00007f806974c100, 0x00007f806974c288]
Event: 13,832 Thread 0x00007f80780bd800 2146   !   2       java.util.zip.ZipFile$ZipFileInflaterInputStream::close (67 bytes)
Event: 13,833 Thread 0x00007f80780bd800 nmethod 2146 0x00007f806974c310 code [0x00007f806974c4c0, 0x00007f806974c8f8]
Event: 13,833 Thread 0x00007f80780bd800 2139       2       com.android.dx.cf.direct.FieldListParser::set (30 bytes)
Event: 13,834 Thread 0x00007f80780bd800 nmethod 2139 0x00007f806974cbd0 code [0x00007f806974cd80, 0x00007f806974d298]
Event: 13,834 Thread 0x00007f80780bd800 2140       2       com.android.dx.cf.iface.StdField::<init> (10 bytes)
Event: 13,834 Thread 0x00007f80780bd800 nmethod 2140 0x00007f806974d910 code [0x00007f806974da80, 0x00007f806974dbe8]
Event: 13,834 Thread 0x00007f80780bd800 2141       2       com.android.dx.cf.iface.StdFieldList::set (7 bytes)
Event: 13,834 Thread 0x00007f80780bd800 nmethod 2141 0x00007f806974dc90 code [0x00007f806974de40, 0x00007f806974e288]
Event: 13,834 Thread 0x00007f80780bd800 2142       2       com.android.dx.cf.direct.StdAttributeFactory::exceptions (105 bytes)

GC Heap History (10 events):
Event: 3,310 GC heap after
Heap after GC invocations=4 (full 0):
 PSYoungGen      total 33280K, used 2545K [0x00000000eab00000, 0x00000000ece00000, 0x0000000100000000)
  eden space 30720K, 0% used [0x00000000eab00000,0x00000000eab00000,0x00000000ec900000)
  from space 2560K, 99% used [0x00000000ecb80000,0x00000000ecdfc5a0,0x00000000ece00000)
  to   space 2560K, 0% used [0x00000000ec900000,0x00000000ec900000,0x00000000ecb80000)
 ParOldGen       total 40960K, used 8171K [0x00000000c0000000, 0x00000000c2800000, 0x00000000eab00000)
  object space 40960K, 19% used [0x00000000c0000000,0x00000000c07fae50,0x00000000c2800000)
 Metaspace       used 5796K, capacity 6768K, committed 7040K, reserved 1056768K
  class space    used 587K, capacity 616K, committed 640K, reserved 1048576K
}
Event: 3,971 GC heap before
{Heap before GC invocations=5 (full 0):
 PSYoungGen      total 33280K, used 33265K [0x00000000eab00000, 0x00000000ece00000, 0x0000000100000000)
  eden space 30720K, 100% used [0x00000000eab00000,0x00000000ec900000,0x00000000ec900000)
  from space 2560K, 99% used [0x00000000ecb80000,0x00000000ecdfc5a0,0x00000000ece00000)
  to   space 2560K, 0% used [0x00000000ec900000,0x00000000ec900000,0x00000000ecb80000)
 ParOldGen       total 40960K, used 8171K [0x00000000c0000000, 0x00000000c2800000, 0x00000000eab00000)
  object space 40960K, 19% used [0x00000000c0000000,0x00000000c07fae50,0x00000000c2800000)
 Metaspace       used 5805K, capacity 6768K, committed 7040K, reserved 1056768K
  class space    used 587K, capacity 616K, committed 640K, reserved 1048576K
Event: 4,021 GC heap after
Heap after GC invocations=5 (full 0):
 PSYoungGen      total 33280K, used 2535K [0x00000000eab00000, 0x00000000ef700000, 0x0000000100000000)
  eden space 30720K, 0% used [0x00000000eab00000,0x00000000eab00000,0x00000000ec900000)
  from space 2560K, 99% used [0x00000000ec900000,0x00000000ecb79fa8,0x00000000ecb80000)
  to   space 8192K, 0% used [0x00000000eef00000,0x00000000eef00000,0x00000000ef700000)
 ParOldGen       total 40960K, used 13708K [0x00000000c0000000, 0x00000000c2800000, 0x00000000eab00000)
  object space 40960K, 33% used [0x00000000c0000000,0x00000000c0d63008,0x00000000c2800000)
 Metaspace       used 5805K, capacity 6768K, committed 7040K, reserved 1056768K
  class space    used 587K, capacity 616K, committed 640K, reserved 1048576K
}
Event: 4,757 GC heap before
{Heap before GC invocations=6 (full 0):
 PSYoungGen      total 33280K, used 33255K [0x00000000eab00000, 0x00000000ef700000, 0x0000000100000000)
  eden space 30720K, 100% used [0x00000000eab00000,0x00000000ec900000,0x00000000ec900000)
  from space 2560K, 99% used [0x00000000ec900000,0x00000000ecb79fa8,0x00000000ecb80000)
  to   space 8192K, 0% used [0x00000000eef00000,0x00000000eef00000,0x00000000ef700000)
 ParOldGen       total 40960K, used 13708K [0x00000000c0000000, 0x00000000c2800000, 0x00000000eab00000)
  object space 40960K, 33% used [0x00000000c0000000,0x00000000c0d63008,0x00000000c2800000)
 Metaspace       used 5909K, capacity 6896K, committed 7040K, reserved 1056768K
  class space    used 587K, capacity 616K, committed 640K, reserved 1048576K
Event: 4,817 GC heap after
Heap after GC invocations=6 (full 0):
 PSYoungGen      total 69120K, used 6746K [0x00000000eab00000, 0x00000000ef800000, 0x0000000100000000)
  eden space 60928K, 0% used [0x00000000eab00000,0x00000000eab00000,0x00000000ee680000)
  from space 8192K, 82% used [0x00000000eef00000,0x00000000ef5969c8,0x00000000ef700000)
  to   space 8704K, 0% used [0x00000000ee680000,0x00000000ee680000,0x00000000eef00000)
 ParOldGen       total 40960K, used 13708K [0x00000000c0000000, 0x00000000c2800000, 0x00000000eab00000)
  object space 40960K, 33% used [0x00000000c0000000,0x00000000c0d63008,0x00000000c2800000)
 Metaspace       used 5909K, capacity 6896K, committed 7040K, reserved 1056768K
  class space    used 587K, capacity 616K, committed 640K, reserved 1048576K
}
Event: 11,703 GC heap before
{Heap before GC invocations=7 (full 0):
 PSYoungGen      total 69120K, used 67674K [0x00000000eab00000, 0x00000000ef800000, 0x0000000100000000)
  eden space 60928K, 100% used [0x00000000eab00000,0x00000000ee680000,0x00000000ee680000)
  from space 8192K, 82% used [0x00000000eef00000,0x00000000ef5969c8,0x00000000ef700000)
  to   space 8704K, 0% used [0x00000000ee680000,0x00000000ee680000,0x00000000eef00000)
 ParOldGen       total 40960K, used 13708K [0x00000000c0000000, 0x00000000c2800000, 0x00000000eab00000)
  object space 40960K, 33% used [0x00000000c0000000,0x00000000c0d63008,0x00000000c2800000)
 Metaspace       used 6020K, capacity 6960K, committed 7040K, reserved 1056768K
  class space    used 587K, capacity 616K, committed 640K, reserved 1048576K
Event: 11,758 GC heap after
Heap after GC invocations=7 (full 0):
 PSYoungGen      total 69632K, used 8688K [0x00000000eab00000, 0x00000000f3a00000, 0x0000000100000000)
  eden space 60928K, 0% used [0x00000000eab00000,0x00000000eab00000,0x00000000ee680000)
  from space 8704K, 99% used [0x00000000ee680000,0x00000000eeefc1e8,0x00000000eef00000)
  to   space 12288K, 0% used [0x00000000f2e00000,0x00000000f2e00000,0x00000000f3a00000)
 ParOldGen       total 40960K, used 18617K [0x00000000c0000000, 0x00000000c2800000, 0x00000000eab00000)
  object space 40960K, 45% used [0x00000000c0000000,0x00000000c122e6c0,0x00000000c2800000)
 Metaspace       used 6020K, capacity 6960K, committed 7040K, reserved 1056768K
  class space    used 587K, capacity 616K, committed 640K, reserved 1048576K
}
Event: 12,264 GC heap before
{Heap before GC invocations=8 (full 0):
 PSYoungGen      total 69632K, used 69616K [0x00000000eab00000, 0x00000000f3a00000, 0x0000000100000000)
  eden space 60928K, 100% used [0x00000000eab00000,0x00000000ee680000,0x00000000ee680000)
  from space 8704K, 99% used [0x00000000ee680000,0x00000000eeefc1e8,0x00000000eef00000)
  to   space 12288K, 0% used [0x00000000f2e00000,0x00000000f2e00000,0x00000000f3a00000)
 ParOldGen       total 40960K, used 18617K [0x00000000c0000000, 0x00000000c2800000, 0x00000000eab00000)
  object space 40960K, 45% used [0x00000000c0000000,0x00000000c122e6c0,0x00000000c2800000)
 Metaspace       used 6122K, capacity 7000K, committed 7168K, reserved 1056768K
  class space    used 607K, capacity 656K, committed 768K, reserved 1048576K
Event: 12,361 GC heap after
Heap after GC invocations=8 (full 0):
 PSYoungGen      total 130560K, used 12285K [0x00000000eab00000, 0x00000000f4100000, 0x0000000100000000)
  eden space 118272K, 0% used [0x00000000eab00000,0x00000000eab00000,0x00000000f1e80000)
  from space 12288K, 99% used [0x00000000f2e00000,0x00000000f39ff6c8,0x00000000f3a00000)
  to   space 15872K, 0% used [0x00000000f1e80000,0x00000000f1e80000,0x00000000f2e00000)
 ParOldGen       total 40960K, used 22929K [0x00000000c0000000, 0x00000000c2800000, 0x00000000eab00000)
  object space 40960K, 55% used [0x00000000c0000000,0x00000000c1664480,0x00000000c2800000)
 Metaspace       used 6122K, capacity 7000K, committed 7168K, reserved 1056768K
  class space    used 607K, capacity 656K, committed 768K, reserved 1048576K
}
Event: 13,852 GC heap before
{Heap before GC invocations=9 (full 0):
 PSYoungGen      total 130560K, used 130557K [0x00000000eab00000, 0x00000000f4100000, 0x0000000100000000)
  eden space 118272K, 100% used [0x00000000eab00000,0x00000000f1e80000,0x00000000f1e80000)
  from space 12288K, 99% used [0x00000000f2e00000,0x00000000f39ff6c8,0x00000000f3a00000)
  to   space 15872K, 0% used [0x00000000f1e80000,0x00000000f1e80000,0x00000000f2e00000)
 ParOldGen       total 40960K, used 22929K [0x00000000c0000000, 0x00000000c2800000, 0x00000000eab00000)
  object space 40960K, 55% used [0x00000000c0000000,0x00000000c1664480,0x00000000c2800000)
 Metaspace       used 6278K, capacity 7128K, committed 7424K, reserved 1056768K
  class space    used 607K, capacity 656K, committed 768K, reserved 1048576K

Deoptimization events (10 events):
Event: 11,583 Thread 0x00007f8078139800 Uncommon trap: reason=bimorphic action=maybe_recompile pc=0x00007f80695296d0 method=com.android.dx.ssa.SCCP.simulatePhi(Lcom/android/dx/ssa/PhiInsn;)V @ 124
Event: 11,583 Thread 0x00007f8078139800 Uncommon trap: reason=bimorphic action=maybe_recompile pc=0x00007f80695296d0 method=com.android.dx.ssa.SCCP.simulatePhi(Lcom/android/dx/ssa/PhiInsn;)V @ 124
Event: 11,583 Thread 0x00007f8078139800 Uncommon trap: reason=bimorphic action=maybe_recompile pc=0x00007f80695296d0 method=com.android.dx.ssa.SCCP.simulatePhi(Lcom/android/dx/ssa/PhiInsn;)V @ 124
Event: 11,583 Thread 0x00007f8078139800 Uncommon trap: reason=bimorphic action=maybe_recompile pc=0x00007f80695296d0 method=com.android.dx.ssa.SCCP.simulatePhi(Lcom/android/dx/ssa/PhiInsn;)V @ 124
Event: 11,881 Thread 0x00007f807813a800 Uncommon trap: reason=unstable_if action=reinterpret pc=0x00007f8069587b78 method=com.android.dx.rop.cst.CstNat.equals(Ljava/lang/Object;)Z @ 25
Event: 11,889 Thread 0x00007f8078134800 Uncommon trap: reason=unstable_if action=reinterpret pc=0x00007f8069353250 method=java.util.HashMap.putVal(ILjava/lang/Object;Ljava/lang/Object;ZZ)Ljava/lang/Object; @ 162
Event: 11,908 Thread 0x00007f8078134800 Uncommon trap: reason=unstable_if action=reinterpret pc=0x00007f806922d278 method=java.util.HashMap.getNode(ILjava/lang/Object;)Ljava/util/HashMap$Node; @ 84
Event: 11,958 Thread 0x00007f8078134800 Uncommon trap: reason=unstable_if action=reinterpret pc=0x00007f8069238ff0 method=java.util.HashMap.getNode(ILjava/lang/Object;)Ljava/util/HashMap$Node; @ 84
Event: 12,026 Thread 0x00007f8078139800 Uncommon trap: reason=unstable_if action=reinterpret pc=0x00007f8069544820 method=java.util.HashMap.resize()[Ljava/util/HashMap$Node; @ 206
Event: 12,391 Thread 0x00007f807813c000 Uncommon trap: reason=unstable_if action=reinterpret pc=0x00007f80694ee974 method=java.util.HashMap.getNode(ILjava/lang/Object;)Ljava/util/HashMap$Node; @ 84

Internal exceptions (7 events):
Event: 0,170 Thread 0x00007f807800a000 Exception <a 'java/lang/NoSuchMethodError': Method sun.misc.Unsafe.defineClass(Ljava/lang/String;[BII)Ljava/lang/Class; name or signature does not match> (0x00000000eab12bf0) thrown at [/HUDSON3/workspace/8-2-build-linux-amd64/jdk8u73/6086/hotspot/src/sha
Event: 0,171 Thread 0x00007f807800a000 Exception <a 'java/lang/NoSuchMethodError': Method sun.misc.Unsafe.prefetchRead(Ljava/lang/Object;J)V name or signature does not match> (0x00000000eab12ed8) thrown at [/HUDSON3/workspace/8-2-build-linux-amd64/jdk8u73/6086/hotspot/src/share/vm/prims/jni.cp
Event: 2,931 Thread 0x00007f8078139800 Implicit null exception at 0x00007f80692e470c to 0x00007f80692e7341
Event: 2,950 Thread 0x00007f807813a800 Implicit null exception at 0x00007f80692ca408 to 0x00007f80692cc9d5
Event: 11,898 Thread 0x00007f8078134800 Exception <a 'java/lang/ArrayIndexOutOfBoundsException': 18> (0x00000000ebc2f1c8) thrown at [/HUDSON3/workspace/8-2-build-linux-amd64/jdk8u73/6086/hotspot/src/share/vm/interpreter/interpreterRuntime.cpp, line 366]
Event: 11,900 Thread 0x00007f8078134800 Exception <a 'java/lang/ArrayIndexOutOfBoundsException': 145> (0x00000000ebc30d48) thrown at [/HUDSON3/workspace/8-2-build-linux-amd64/jdk8u73/6086/hotspot/src/share/vm/interpreter/interpreterRuntime.cpp, line 366]
Event: 11,905 Thread 0x00007f8078134800 Exception <a 'java/lang/ArrayIndexOutOfBoundsException': 40> (0x00000000ebc32030) thrown at [/HUDSON3/workspace/8-2-build-linux-amd64/jdk8u73/6086/hotspot/src/share/vm/interpreter/interpreterRuntime.cpp, line 366]

Events (10 events):
Event: 13,163 Thread 0x00007f8078139800 DEOPT UNPACKING pc=0x00007f8069047633 sp=0x00007f80479f7998 mode 0
Event: 13,219 Thread 0x00007f8078139800 DEOPT PACKING pc=0x00007f8069269b83 sp=0x00007f80479f7ed0
Event: 13,219 Thread 0x00007f8078139800 DEOPT UNPACKING pc=0x00007f8069047633 sp=0x00007f80479f7c48 mode 0
Event: 13,753 Thread 0x00007f8078139800 DEOPT PACKING pc=0x00007f8069269b83 sp=0x00007f80479f7bf0
Event: 13,753 Thread 0x00007f8078139800 DEOPT UNPACKING pc=0x00007f8069047633 sp=0x00007f80479f7968 mode 0
Event: 13,795 Thread 0x00007f8078134800 DEOPT PACKING pc=0x00007f80692a3ce4 sp=0x00007f8047bf9b90
Event: 13,795 Thread 0x00007f8078134800 DEOPT UNPACKING pc=0x00007f8069047633 sp=0x00007f8047bf98d8 mode 0
Event: 13,805 Thread 0x00007f807813a800 DEOPT PACKING pc=0x00007f8069269b83 sp=0x00007f80478f6de0
Event: 13,805 Thread 0x00007f807813a800 DEOPT UNPACKING pc=0x00007f8069047633 sp=0x00007f80478f6b58 mode 0
Event: 13,843 Executing VM operation: ParallelGCFailedAllocation


Dynamic libraries:
00400000-00401000 r-xp 00000000 08:02 6294568                            /opt/java/jdk1.8.0_73/bin/java
00600000-00601000 rw-p 00000000 08:02 6294568                            /opt/java/jdk1.8.0_73/bin/java
00e38000-00e59000 rw-p 00000000 00:00 0                                  [heap]
c0000000-c2800000 rw-p 00000000 00:00 0 
c2800000-eab00000 ---p 00000000 00:00 0 
eab00000-f4100000 rw-p 00000000 00:00 0 
f8f00000-100000000 ---p 00000000 00:00 0 
100000000-1000c0000 rw-p 00000000 00:00 0 
1000c0000-140000000 ---p 00000000 00:00 0 
7f8014000000-7f8014034000 rw-p 00000000 00:00 0 
7f8014034000-7f8018000000 ---p 00000000 00:00 0 
7f801c000000-7f801c032000 rw-p 00000000 00:00 0 
7f801c032000-7f8020000000 ---p 00000000 00:00 0 
7f8020000000-7f8020021000 rw-p 00000000 00:00 0 
7f8020021000-7f8024000000 ---p 00000000 00:00 0 
7f8024000000-7f802402f000 rw-p 00000000 00:00 0 
7f802402f000-7f8028000000 ---p 00000000 00:00 0 
7f8028000000-7f8028021000 rw-p 00000000 00:00 0 
7f8028021000-7f802c000000 ---p 00000000 00:00 0 
7f802c000000-7f802c021000 rw-p 00000000 00:00 0 
7f802c021000-7f8030000000 ---p 00000000 00:00 0 
7f8030000000-7f8030021000 rw-p 00000000 00:00 0 
7f8030021000-7f8034000000 ---p 00000000 00:00 0 
7f8034000000-7f8035073000 rw-p 00000000 00:00 0 
7f8035073000-7f8038000000 ---p 00000000 00:00 0 
7f8038000000-7f8038be9000 rw-p 00000000 00:00 0 
7f8038be9000-7f803c000000 ---p 00000000 00:00 0 
7f803c000000-7f803d073000 rw-p 00000000 00:00 0 
7f803d073000-7f8040000000 ---p 00000000 00:00 0 
7f8040000000-7f8040021000 rw-p 00000000 00:00 0 
7f8040021000-7f8044000000 ---p 00000000 00:00 0 
7f80476f7000-7f80476fa000 ---p 00000000 00:00 0 
7f80476fa000-7f80477f8000 rw-p 00000000 00:00 0                          [stack:16115]
7f80477f8000-7f80477fb000 ---p 00000000 00:00 0 
7f80477fb000-7f80478f9000 rw-p 00000000 00:00 0                          [stack:16114]
7f80478f9000-7f80478fc000 ---p 00000000 00:00 0 
7f80478fc000-7f80479fa000 rw-p 00000000 00:00 0                          [stack:16112]
7f80479fa000-7f80479fd000 ---p 00000000 00:00 0 
7f80479fd000-7f8047afb000 rw-p 00000000 00:00 0                          [stack:16111]
7f8047afb000-7f8047afe000 ---p 00000000 00:00 0 
7f8047afe000-7f8047bfc000 rw-p 00000000 00:00 0                          [stack:16110]
7f8047bfc000-7f8047bfd000 ---p 00000000 00:00 0 
7f8047bfd000-7f8047cfd000 rw-p 00000000 00:00 0                          [stack:16109]
7f8047cfd000-7f8047d00000 ---p 00000000 00:00 0 
7f8047d00000-7f8047dfe000 rw-p 00000000 00:00 0                          [stack:16108]
7f8047dfe000-7f8047e01000 ---p 00000000 00:00 0 
7f8047e01000-7f8047eff000 rw-p 00000000 00:00 0                          [stack:16107]
7f8047eff000-7f8047f02000 ---p 00000000 00:00 0 
7f8047f02000-7f8048000000 rw-p 00000000 00:00 0                          [stack:16106]
7f8048000000-7f8048021000 rw-p 00000000 00:00 0 
7f8048021000-7f804c000000 ---p 00000000 00:00 0 
7f804c000000-7f804c021000 rw-p 00000000 00:00 0 
7f804c021000-7f8050000000 ---p 00000000 00:00 0 
7f8050000000-7f8050021000 rw-p 00000000 00:00 0 
7f8050021000-7f8054000000 ---p 00000000 00:00 0 
7f8054000000-7f805428f000 rw-p 00000000 00:00 0 
7f805428f000-7f8058000000 ---p 00000000 00:00 0 
7f8058000000-7f8058021000 rw-p 00000000 00:00 0 
7f8058021000-7f805c000000 ---p 00000000 00:00 0 
7f805c000000-7f805c021000 rw-p 00000000 00:00 0 
7f805c021000-7f8060000000 ---p 00000000 00:00 0 
7f8060000000-7f8060021000 rw-p 00000000 00:00 0 
7f8060021000-7f8064000000 ---p 00000000 00:00 0 
7f8064082000-7f8064089000 r--s 00000000 08:02 2888343                    /usr/lib/x86_64-linux-gnu/gconv/gconv-modules.cache
7f8064089000-7f80640af000 r--p 00000000 08:02 3147724                    /usr/share/locale-langpack/de/LC_MESSAGES/libc.mo
7f80640af000-7f80640be000 r--s 000df000 00:1a 5383561                    /home/lukas/Android/Sdk/build-tools/23.0.3/lib/dx.jar
7f80640be000-7f80640c1000 ---p 00000000 00:00 0 
7f80640c1000-7f80641bf000 rw-p 00000000 00:00 0                          [stack:16105]
7f80641bf000-7f80641c2000 ---p 00000000 00:00 0 
7f80641c2000-7f80642c0000 rw-p 00000000 00:00 0                          [stack:16104]
7f80642c0000-7f8064702000 r--p 00000000 08:02 2496928                    /usr/lib/locale/locale-archive
7f8064702000-7f8064705000 ---p 00000000 00:00 0 
7f8064705000-7f8064803000 rw-p 00000000 00:00 0                          [stack:16102]
7f8064803000-7f8064806000 ---p 00000000 00:00 0 
7f8064806000-7f8064904000 rw-p 00000000 00:00 0                          [stack:16101]
7f8064904000-7f8064905000 ---p 00000000 00:00 0 
7f8064905000-7f8065998000 rw-p 00000000 00:00 0                          [stack:16100]
7f8065998000-7f8065b70000 r--s 03d23000 08:02 6294420                    /opt/java/jdk1.8.0_73/jre/lib/rt.jar
7f8065b70000-7f8066266000 rw-p 00000000 00:00 0 
7f8066266000-7f80663e6000 ---p 00000000 00:00 0 
7f80663e6000-7f80685e6000 rw-p 00000000 00:00 0 
7f80685e6000-7f80685e7000 ---p 00000000 00:00 0 
7f80685e7000-7f80686e7000 rw-p 00000000 00:00 0                          [stack:16097]
7f80686e7000-7f80686e8000 ---p 00000000 00:00 0 
7f80686e8000-7f80687e8000 rw-p 00000000 00:00 0                          [stack:16096]
7f80687e8000-7f80687e9000 ---p 00000000 00:00 0 
7f80687e9000-7f80688fd000 rw-p 00000000 00:00 0                          [stack:16094]
7f80688fd000-7f8068a3f000 ---p 00000000 00:00 0 
7f8068a3f000-7f8068a53000 rw-p 00000000 00:00 0 
7f8068a53000-7f8068b94000 ---p 00000000 00:00 0 
7f8068b94000-7f8068be0000 rw-p 00000000 00:00 0 
7f8068be0000-7f8068c3f000 ---p 00000000 00:00 0 
7f8068c3f000-7f8068c5e000 rw-p 00000000 00:00 0 
7f8068c5e000-7f8069000000 ---p 00000000 00:00 0 
7f8069000000-7f8069750000 rwxp 00000000 00:00 0 
7f8069750000-7f8078000000 ---p 00000000 00:00 0 
7f8078000000-7f807838e000 rw-p 00000000 00:00 0 
7f807838e000-7f807c000000 ---p 00000000 00:00 0 
7f807c004000-7f807c00c000 r--s 00078000 08:11 103170                     /media/lukas/LUKAS-USB/3bhif/POS1/Project/MailAnalyse/app/libs/mail-1.4.7.jar
7f807c00c000-7f807c02d000 rw-p 00000000 00:00 0 
7f807c02d000-7f807c02e000 ---p 00000000 00:00 0 
7f807c02e000-7f807c12e000 rw-p 00000000 00:00 0                          [stack:16093]
7f807c12e000-7f807c148000 r-xp 00000000 08:02 6689342                    /opt/java/jdk1.8.0_73/jre/lib/amd64/libzip.so
7f807c148000-7f807c348000 ---p 0001a000 08:02 6689342                    /opt/java/jdk1.8.0_73/jre/lib/amd64/libzip.so
7f807c348000-7f807c349000 rw-p 0001a000 08:02 6689342                    /opt/java/jdk1.8.0_73/jre/lib/amd64/libzip.so
7f807c349000-7f807c354000 r-xp 00000000 08:02 4719618                    /lib/x86_64-linux-gnu/libnss_files-2.19.so
7f807c354000-7f807c553000 ---p 0000b000 08:02 4719618                    /lib/x86_64-linux-gnu/libnss_files-2.19.so
7f807c553000-7f807c554000 r--p 0000a000 08:02 4719618                    /lib/x86_64-linux-gnu/libnss_files-2.19.so
7f807c554000-7f807c555000 rw-p 0000b000 08:02 4719618                    /lib/x86_64-linux-gnu/libnss_files-2.19.so
7f807c555000-7f807c560000 r-xp 00000000 08:02 4719581                    /lib/x86_64-linux-gnu/libnss_nis-2.19.so
7f807c560000-7f807c75f000 ---p 0000b000 08:02 4719581                    /lib/x86_64-linux-gnu/libnss_nis-2.19.so
7f807c75f000-7f807c760000 r--p 0000a000 08:02 4719581                    /lib/x86_64-linux-gnu/libnss_nis-2.19.so
7f807c760000-7f807c761000 rw-p 0000b000 08:02 4719581                    /lib/x86_64-linux-gnu/libnss_nis-2.19.so
7f807c761000-7f807c778000 r-xp 00000000 08:02 4719571                    /lib/x86_64-linux-gnu/libnsl-2.19.so
7f807c778000-7f807c977000 ---p 00017000 08:02 4719571                    /lib/x86_64-linux-gnu/libnsl-2.19.so
7f807c977000-7f807c978000 r--p 00016000 08:02 4719571                    /lib/x86_64-linux-gnu/libnsl-2.19.so
7f807c978000-7f807c979000 rw-p 00017000 08:02 4719571                    /lib/x86_64-linux-gnu/libnsl-2.19.so
7f807c979000-7f807c97b000 rw-p 00000000 00:00 0 
7f807c97b000-7f807c984000 r-xp 00000000 08:02 4719565                    /lib/x86_64-linux-gnu/libnss_compat-2.19.so
7f807c984000-7f807cb83000 ---p 00009000 08:02 4719565                    /lib/x86_64-linux-gnu/libnss_compat-2.19.so
7f807cb83000-7f807cb84000 r--p 00008000 08:02 4719565                    /lib/x86_64-linux-gnu/libnss_compat-2.19.so
7f807cb84000-7f807cb85000 rw-p 00009000 08:02 4719565                    /lib/x86_64-linux-gnu/libnss_compat-2.19.so
7f807cb85000-7f807cbaf000 r-xp 00000000 08:02 6689347                    /opt/java/jdk1.8.0_73/jre/lib/amd64/libjava.so
7f807cbaf000-7f807cdaf000 ---p 0002a000 08:02 6689347                    /opt/java/jdk1.8.0_73/jre/lib/amd64/libjava.so
7f807cdaf000-7f807cdb1000 rw-p 0002a000 08:02 6689347                    /opt/java/jdk1.8.0_73/jre/lib/amd64/libjava.so
7f807cdb1000-7f807cdbe000 r-xp 00000000 08:02 6689331                    /opt/java/jdk1.8.0_73/jre/lib/amd64/libverify.so
7f807cdbe000-7f807cfbe000 ---p 0000d000 08:02 6689331                    /opt/java/jdk1.8.0_73/jre/lib/amd64/libverify.so
7f807cfbe000-7f807cfc0000 rw-p 0000d000 08:02 6689331                    /opt/java/jdk1.8.0_73/jre/lib/amd64/libverify.so
7f807cfc0000-7f807cfc7000 r-xp 00000000 08:02 4719606                    /lib/x86_64-linux-gnu/librt-2.19.so
7f807cfc7000-7f807d1c6000 ---p 00007000 08:02 4719606                    /lib/x86_64-linux-gnu/librt-2.19.so
7f807d1c6000-7f807d1c7000 r--p 00006000 08:02 4719606                    /lib/x86_64-linux-gnu/librt-2.19.so
7f807d1c7000-7f807d1c8000 rw-p 00007000 08:02 4719606                    /lib/x86_64-linux-gnu/librt-2.19.so
7f807d1c8000-7f807d2cd000 r-xp 00000000 08:02 4719556                    /lib/x86_64-linux-gnu/libm-2.19.so
7f807d2cd000-7f807d4cc000 ---p 00105000 08:02 4719556                    /lib/x86_64-linux-gnu/libm-2.19.so
7f807d4cc000-7f807d4cd000 r--p 00104000 08:02 4719556                    /lib/x86_64-linux-gnu/libm-2.19.so
7f807d4cd000-7f807d4ce000 rw-p 00105000 08:02 4719556                    /lib/x86_64-linux-gnu/libm-2.19.so
7f807d4ce000-7f807e18d000 r-xp 00000000 08:02 6689310                    /opt/java/jdk1.8.0_73/jre/lib/amd64/server/libjvm.so
7f807e18d000-7f807e38c000 ---p 00cbf000 08:02 6689310                    /opt/java/jdk1.8.0_73/jre/lib/amd64/server/libjvm.so
7f807e38c000-7f807e465000 rw-p 00cbe000 08:02 6689310                    /opt/java/jdk1.8.0_73/jre/lib/amd64/server/libjvm.so
7f807e465000-7f807e4ae000 rw-p 00000000 00:00 0 
7f807e4ae000-7f807e669000 r-xp 00000000 08:02 4719607                    /lib/x86_64-linux-gnu/libc-2.19.so
7f807e669000-7f807e868000 ---p 001bb000 08:02 4719607                    /lib/x86_64-linux-gnu/libc-2.19.so
7f807e868000-7f807e86c000 r--p 001ba000 08:02 4719607                    /lib/x86_64-linux-gnu/libc-2.19.so
7f807e86c000-7f807e86e000 rw-p 001be000 08:02 4719607                    /lib/x86_64-linux-gnu/libc-2.19.so
7f807e86e000-7f807e873000 rw-p 00000000 00:00 0 
7f807e873000-7f807e876000 r-xp 00000000 08:02 4719558                    /lib/x86_64-linux-gnu/libdl-2.19.so
7f807e876000-7f807ea75000 ---p 00003000 08:02 4719558                    /lib/x86_64-linux-gnu/libdl-2.19.so
7f807ea75000-7f807ea76000 r--p 00002000 08:02 4719558                    /lib/x86_64-linux-gnu/libdl-2.19.so
7f807ea76000-7f807ea77000 rw-p 00003000 08:02 4719558                    /lib/x86_64-linux-gnu/libdl-2.19.so
7f807ea77000-7f807ea8c000 r-xp 00000000 08:02 6818542                    /opt/java/jdk1.8.0_73/lib/amd64/jli/libjli.so
7f807ea8c000-7f807ec8c000 ---p 00015000 08:02 6818542                    /opt/java/jdk1.8.0_73/lib/amd64/jli/libjli.so
7f807ec8c000-7f807ec8d000 rw-p 00015000 08:02 6818542                    /opt/java/jdk1.8.0_73/lib/amd64/jli/libjli.so
7f807ec8d000-7f807eca6000 r-xp 00000000 08:02 4719572                    /lib/x86_64-linux-gnu/libpthread-2.19.so
7f807eca6000-7f807eea5000 ---p 00019000 08:02 4719572                    /lib/x86_64-linux-gnu/libpthread-2.19.so
7f807eea5000-7f807eea6000 r--p 00018000 08:02 4719572                    /lib/x86_64-linux-gnu/libpthread-2.19.so
7f807eea6000-7f807eea7000 rw-p 00019000 08:02 4719572                    /lib/x86_64-linux-gnu/libpthread-2.19.so
7f807eea7000-7f807eeab000 rw-p 00000000 00:00 0 
7f807eeab000-7f807eece000 r-xp 00000000 08:02 4719577                    /lib/x86_64-linux-gnu/ld-2.19.so
7f807eed1000-7f807efa3000 rw-p 00000000 00:00 0 
7f807efa3000-7f807efa6000 ---p 00000000 00:00 0 
7f807efa6000-7f807f0a8000 rw-p 00000000 00:00 0                          [stack:16091]
7f807f0ac000-7f807f0c1000 rw-p 00000000 00:00 0 
7f807f0c1000-7f807f0c9000 rw-s 00000000 08:02 2228304                    /tmp/hsperfdata_lukas/16089
7f807f0c9000-7f807f0ca000 rw-p 00000000 00:00 0 
7f807f0ca000-7f807f0cb000 ---p 00000000 00:00 0 
7f807f0cb000-7f807f0cd000 rw-p 00000000 00:00 0 
7f807f0cd000-7f807f0ce000 r--p 00022000 08:02 4719577                    /lib/x86_64-linux-gnu/ld-2.19.so
7f807f0ce000-7f807f0cf000 rw-p 00023000 08:02 4719577                    /lib/x86_64-linux-gnu/ld-2.19.so
7f807f0cf000-7f807f0d0000 rw-p 00000000 00:00 0 
7fffaeb7a000-7fffaeb9b000 rw-p 00000000 00:00 0                          [stack]
7fffaebfe000-7fffaec00000 r-xp 00000000 00:00 0                          [vdso]
ffffffffff600000-ffffffffff601000 r-xp 00000000 00:00 0                  [vsyscall]

VM Arguments:
jvm_args: -Djava.awt.headless=true -Xmx1024M -Dfile.encoding=UTF-8 -Duser.country=AT -Duser.language=de -Duser.variant 
java_command: com.android.dx.command.Main --dex --force-jumbo --num-threads=4 --multi-dex --output /media/lukas/LUKAS-USB/3bhif/POS1/Project/MailAnalyse/app/build/intermediates/transforms/dex/debug/folders/1000/2/mail-1.4.7_67ca5eba69c7394f91a67c6b627e09fab5c1fb52 /media/lukas/LUKAS-USB/3bhif/POS1/Project/MailAnalyse/app/libs/mail-1.4.7.jar
java_class_path (initial): /home/lukas/Android/Sdk/build-tools/23.0.3/lib/dx.jar
Launcher Type: SUN_STANDARD

Environment Variables:
JAVA_HOME=/usr/lib/jvm/jdk.1.8.0_73
PATH=/usr/local/sbin:/usr/local/bin:/usr/sbin:/usr/bin:/sbin:/bin:/usr/games:/usr/local/games:/usr/lib/jvm/java-8-oracle/bin:/usr/lib/jvm/java-8-oracle/db/bin:/usr/lib/jvm/java-8-oracle/jre/bin:/usr/lib/jvm/jdk.1.8.0_73/bin
USERNAME=lukas
LD_LIBRARY_PATH=/opt/android-studio/bin:
SHELL=/bin/bash
DISPLAY=:0

Signal Handlers:
SIGSEGV: [libjvm.so+0xabafa0], sa_mask[0]=11111111011111111101111111111110, sa_flags=SA_RESTART|SA_SIGINFO
SIGBUS: [libjvm.so+0xabafa0], sa_mask[0]=11111111011111111101111111111110, sa_flags=SA_RESTART|SA_SIGINFO
SIGFPE: [libjvm.so+0x9183c0], sa_mask[0]=11111111011111111101111111111110, sa_flags=SA_RESTART|SA_SIGINFO
SIGPIPE: [libjvm.so+0x9183c0], sa_mask[0]=11111111011111111101111111111110, sa_flags=SA_RESTART|SA_SIGINFO
SIGXFSZ: [libjvm.so+0x9183c0], sa_mask[0]=11111111011111111101111111111110, sa_flags=SA_RESTART|SA_SIGINFO
SIGILL: [libjvm.so+0x9183c0], sa_mask[0]=11111111011111111101111111111110, sa_flags=SA_RESTART|SA_SIGINFO
SIGUSR1: SIG_DFL, sa_mask[0]=00000000000000000000000000000000, sa_flags=none
SIGUSR2: [libjvm.so+0x9199f0], sa_mask[0]=00100000000000000000000000000000, sa_flags=SA_RESTART|SA_SIGINFO
SIGHUP: [libjvm.so+0x91adf0], sa_mask[0]=11111111011111111101111111111110, sa_flags=SA_RESTART|SA_SIGINFO
SIGINT: [libjvm.so+0x91adf0], sa_mask[0]=11111111011111111101111111111110, sa_flags=SA_RESTART|SA_SIGINFO
SIGTERM: [libjvm.so+0x91adf0], sa_mask[0]=11111111011111111101111111111110, sa_flags=SA_RESTART|SA_SIGINFO
SIGQUIT: [libjvm.so+0x91adf0], sa_mask[0]=11111111011111111101111111111110, sa_flags=SA_RESTART|SA_SIGINFO


---------------  S Y S T E M  ---------------

OS:DISTRIB_ID=LinuxMint
DISTRIB_RELEASE=17
DISTRIB_CODENAME=qiana
DISTRIB_DESCRIPTION="Linux Mint 17 Qiana"

uname:Linux 3.13.0-24-generic #47-Ubuntu SMP Fri May 2 23:30:00 UTC 2014 x86_64
libc:glibc 2.19 NPTL 2.19 
rlimit: STACK 8192k, CORE 0k, NPROC 29926, NOFILE 4096, AS infinity
load average:8,09 3,15 2,15

/proc/meminfo:
MemTotal:        3924480 kB
MemFree:          114400 kB
Buffers:            2036 kB
Cached:            77104 kB
SwapCached:            0 kB
Active:          3518536 kB
Inactive:          57984 kB
Active(anon):    3498952 kB
Inactive(anon):    26420 kB
Active(file):      19584 kB
Inactive(file):    31564 kB
Unevictable:          16 kB
Mlocked:              16 kB
SwapTotal:             0 kB
SwapFree:              0 kB
Dirty:                96 kB
Writeback:            80 kB
AnonPages:       3497720 kB
Mapped:            98860 kB
Shmem:             27772 kB
Slab:              73928 kB
SReclaimable:      29252 kB
SUnreclaim:        44676 kB
KernelStack:        5424 kB
PageTables:        31524 kB
NFS_Unstable:          0 kB
Bounce:                0 kB
WritebackTmp:          0 kB
CommitLimit:     1962240 kB
Committed_AS:    5961736 kB
VmallocTotal:   34359738367 kB
VmallocUsed:      384852 kB
VmallocChunk:   34359331324 kB
HardwareCorrupted:     0 kB
AnonHugePages:    745472 kB
HugePages_Total:       0
HugePages_Free:        0
HugePages_Rsvd:        0
HugePages_Surp:        0
Hugepagesize:       2048 kB
DirectMap4k:      230464 kB
DirectMap2M:     3842048 kB


CPU:total 4 (2 cores per cpu, 2 threads per core) family 6 model 42 stepping 7, cmov, cx8, fxsr, mmx, sse, sse2, sse3, ssse3, sse4.1, sse4.2, popcnt, avx, aes, clmul, ht, tsc, tscinvbit

/proc/cpuinfo:
processor	: 0
vendor_id	: GenuineIntel
cpu family	: 6
model		: 42
model name	: Intel(R) Core(TM) i5-2520M CPU @ 2.50GHz
stepping	: 7
microcode	: 0x29
cpu MHz		: 2501.000
cache size	: 3072 KB
physical id	: 0
siblings	: 4
core id		: 0
cpu cores	: 2
apicid		: 0
initial apicid	: 0
fpu		: yes
fpu_exception	: yes
cpuid level	: 13
wp		: yes
flags		: fpu vme de pse tsc msr pae mce cx8 apic sep mtrr pge mca cmov pat pse36 clflush dts acpi mmx fxsr sse sse2 ss ht tm pbe syscall nx rdtscp lm constant_tsc arch_perfmon pebs bts rep_good nopl xtopology nonstop_tsc aperfmperf eagerfpu pni pclmulqdq dtes64 monitor ds_cpl vmx smx est tm2 ssse3 cx16 xtpr pdcm pcid sse4_1 sse4_2 x2apic popcnt tsc_deadline_timer aes xsave avx lahf_lm ida arat epb xsaveopt pln pts dtherm tpr_shadow vnmi flexpriority ept vpid
bogomips	: 4989.04
clflush size	: 64
cache_alignment	: 64
address sizes	: 36 bits physical, 48 bits virtual
power management:

processor	: 1
vendor_id	: GenuineIntel
cpu family	: 6
model		: 42
model name	: Intel(R) Core(TM) i5-2520M CPU @ 2.50GHz
stepping	: 7
microcode	: 0x29
cpu MHz		: 2501.000
cache size	: 3072 KB
physical id	: 0
siblings	: 4
core id		: 1
cpu cores	: 2
apicid		: 2
initial apicid	: 2
fpu		: yes
fpu_exception	: yes
cpuid level	: 13
wp		: yes
flags		: fpu vme de pse tsc msr pae mce cx8 apic sep mtrr pge mca cmov pat pse36 clflush dts acpi mmx fxsr sse sse2 ss ht tm pbe syscall nx rdtscp lm constant_tsc arch_perfmon pebs bts rep_good nopl xtopology nonstop_tsc aperfmperf eagerfpu pni pclmulqdq dtes64 monitor ds_cpl vmx smx est tm2 ssse3 cx16 xtpr pdcm pcid sse4_1 sse4_2 x2apic popcnt tsc_deadline_timer aes xsave avx lahf_lm ida arat epb xsaveopt pln pts dtherm tpr_shadow vnmi flexpriority ept vpid
bogomips	: 4989.04
clflush size	: 64
cache_alignment	: 64
address sizes	: 36 bits physical, 48 bits virtual
power management:

processor	: 2
vendor_id	: GenuineIntel
cpu family	: 6
model		: 42
model name	: Intel(R) Core(TM) i5-2520M CPU @ 2.50GHz
stepping	: 7
microcode	: 0x29
cpu MHz		: 2501.000
cache size	: 3072 KB
physical id	: 0
siblings	: 4
core id		: 0
cpu cores	: 2
apicid		: 1
initial apicid	: 1
fpu		: yes
fpu_exception	: yes
cpuid level	: 13
wp		: yes
flags		: fpu vme de pse tsc msr pae mce cx8 apic sep mtrr pge mca cmov pat pse36 clflush dts acpi mmx fxsr sse sse2 ss ht tm pbe syscall nx rdtscp lm constant_tsc arch_perfmon pebs bts rep_good nopl xtopology nonstop_tsc aperfmperf eagerfpu pni pclmulqdq dtes64 monitor ds_cpl vmx smx est tm2 ssse3 cx16 xtpr pdcm pcid sse4_1 sse4_2 x2apic popcnt tsc_deadline_timer aes xsave avx lahf_lm ida arat epb xsaveopt pln pts dtherm tpr_shadow vnmi flexpriority ept vpid
bogomips	: 4989.04
clflush size	: 64
cache_alignment	: 64
address sizes	: 36 bits physical, 48 bits virtual
power management:

processor	: 3
vendor_id	: GenuineIntel
cpu family	: 6
model		: 42
model name	: Intel(R) Core(TM) i5-2520M CPU @ 2.50GHz
stepping	: 7
microcode	: 0x29
cpu MHz		: 2501.000
cache size	: 3072 KB
physical id	: 0
siblings	: 4
core id		: 1
cpu cores	: 2
apicid		: 3
initial apicid	: 3
fpu		: yes
fpu_exception	: yes
cpuid level	: 13
wp		: yes
flags		: fpu vme de pse tsc msr pae mce cx8 apic sep mtrr pge mca cmov pat pse36 clflush dts acpi mmx fxsr sse sse2 ss ht tm pbe syscall nx rdtscp lm constant_tsc arch_perfmon pebs bts rep_good nopl xtopology nonstop_tsc aperfmperf eagerfpu pni pclmulqdq dtes64 monitor ds_cpl vmx smx est tm2 ssse3 cx16 xtpr pdcm pcid sse4_1 sse4_2 x2apic popcnt tsc_deadline_timer aes xsave avx lahf_lm ida arat epb xsaveopt pln pts dtherm tpr_shadow vnmi flexpriority ept vpid
bogomips	: 4989.04
clflush size	: 64
cache_alignment	: 64
address sizes	: 36 bits physical, 48 bits virtual
power management:



Memory: 4k page, physical 3924480k(114400k free), swap 0k(0k free)

vm_info: Java HotSpot(TM) 64-Bit Server VM (25.73-b02) for linux-amd64 JRE (1.8.0_73-b02), built on Jan 29 2016 17:39:45 by "java_re" with gcc 4.3.0 20080428 (Red Hat 4.3.0-8)

time: Mon May 30 14:53:20 2016
elapsed time: 14 seconds (0d 0h 0m 14s)

