#
# There is insufficient memory for the Java Runtime Environment to continue.
# Native memory allocation (mmap) failed to map 15728640 bytes for committing reserved memory.
# Possible reasons:
#   The system is out of physical RAM or swap space
#   In 32 bit mode, the process size limit was hit
# Possible solutions:
#   Reduce memory load on the system
#   Increase physical memory or swap space
#   Check if swap backing store is full
#   Use 64 bit Java on a 64 bit OS
#   Decrease Java heap size (-Xmx/-Xms)
#   Decrease number of Java threads
#   Decrease Java thread stack sizes (-Xss)
#   Set larger code cache with -XX:ReservedCodeCacheSize=
# This output file may be truncated or incomplete.
#
#  Out of Memory Error (os_linux.cpp:2627), pid=8122, tid=140114520831744
#
# JRE version: Java(TM) SE Runtime Environment (8.0_73-b02) (build 1.8.0_73-b02)
# Java VM: Java HotSpot(TM) 64-Bit Server VM (25.73-b02 mixed mode linux-amd64 compressed oops)
# Failed to write core dump. Core dumps have been disabled. To enable core dumping, try "ulimit -c unlimited" before starting Java again
#

---------------  T H R E A D  ---------------

Current thread (0x00007f6ef0078000):  VMThread [stack: 0x00007f6ef42df000,0x00007f6ef43e0000] [id=8161]

Stack: [0x00007f6ef42df000,0x00007f6ef43e0000],  sp=0x00007f6ef43ddfe0,  free space=1019k
Native frames: (J=compiled Java code, j=interpreted, Vv=VM code, C=native code)
V  [libjvm.so+0xaba71a]  VMError::report_and_die()+0x2ba
V  [libjvm.so+0x4f9ecb]  report_vm_out_of_memory(char const*, int, unsigned long, VMErrorType, char const*)+0x8b
V  [libjvm.so+0x91b553]  os::Linux::commit_memory_impl(char*, unsigned long, bool)+0x103
V  [libjvm.so+0x91baa9]  os::pd_commit_memory(char*, unsigned long, unsigned long, bool)+0x29
V  [libjvm.so+0x915dba]  os::commit_memory(char*, unsigned long, unsigned long, bool)+0x2a
V  [libjvm.so+0x989463]  PSVirtualSpace::expand_by(unsigned long)+0x53
V  [libjvm.so+0x98a868]  PSYoungGen::resize_generation(unsigned long, unsigned long)+0xf8
V  [libjvm.so+0x9899c2]  PSYoungGen::resize(unsigned long, unsigned long)+0x22
V  [libjvm.so+0x986c9b]  PSScavenge::invoke_no_policy()+0xf3b
V  [libjvm.so+0x987421]  PSScavenge::invoke()+0x41
V  [libjvm.so+0x93f1b0]  ParallelScavengeHeap::failed_mem_allocate(unsigned long)+0x70
V  [libjvm.so+0xabc137]  VM_ParallelGCFailedAllocation::doit()+0x97
V  [libjvm.so+0xac3b65]  VM_Operation::evaluate()+0x55
V  [libjvm.so+0xac1f3a]  VMThread::evaluate_operation(VM_Operation*)+0xba
V  [libjvm.so+0xac22be]  VMThread::loop()+0x1ce
V  [libjvm.so+0xac2730]  VMThread::run()+0x70
V  [libjvm.so+0x91d918]  java_start(Thread*)+0x108

VM_Operation (0x00007f6ede4b50f0): ParallelGCFailedAllocation, mode: safepoint, requested by thread 0x00007f6ef0146800


---------------  P R O C E S S  ---------------

Java Threads: ( => current thread )
  0x00007f6ef0146800 JavaThread "pool-1-thread-1" [_thread_blocked, id=8218, stack(0x00007f6ede3b6000,0x00007f6ede4b7000)]
  0x00007f6ef00be000 JavaThread "Service Thread" daemon [_thread_blocked, id=8185, stack(0x00007f6ede6b9000,0x00007f6ede7ba000)]
  0x00007f6ef00bb000 JavaThread "C1 CompilerThread2" daemon [_thread_blocked, id=8177, stack(0x00007f6ede7ba000,0x00007f6ede8bb000)]
  0x00007f6ef00b9800 JavaThread "C2 CompilerThread1" daemon [_thread_blocked, id=8176, stack(0x00007f6ede8bb000,0x00007f6ede9bc000)]
  0x00007f6ef00b6800 JavaThread "C2 CompilerThread0" daemon [_thread_blocked, id=8175, stack(0x00007f6ede9bc000,0x00007f6edeabd000)]
  0x00007f6ef00b5000 JavaThread "Signal Dispatcher" daemon [_thread_blocked, id=8174, stack(0x00007f6edeabd000,0x00007f6edebbe000)]
  0x00007f6ef007f000 JavaThread "Finalizer" daemon [_thread_blocked, id=8170, stack(0x00007f6ef40dd000,0x00007f6ef41de000)]
  0x00007f6ef007d000 JavaThread "Reference Handler" daemon [_thread_blocked, id=8168, stack(0x00007f6ef41de000,0x00007f6ef42df000)]
  0x00007f6ef000a000 JavaThread "main" [_thread_blocked, id=8133, stack(0x00007f6ef9972000,0x00007f6ef9a73000)]

Other Threads:
=>0x00007f6ef0078000 VMThread [stack: 0x00007f6ef42df000,0x00007f6ef43e0000] [id=8161]
  0x00007f6ef00c1000 WatcherThread [stack: 0x00007f6ede5b8000,0x00007f6ede6b9000] [id=8190]

VM state:at safepoint (normal execution)

VM Mutex/Monitor currently owned by a thread:  ([mutex/lock_event])
[0x00007f6ef0006530] Threads_lock - owner thread: 0x00007f6ef0078000
[0x00007f6ef0006a30] Heap_lock - owner thread: 0x00007f6ef0146800

Heap:
 PSYoungGen      total 17920K, used 2538K [0x00000000eab00000, 0x00000000ebf00000, 0x0000000100000000)
  eden space 15360K, 0% used [0x00000000eab00000,0x00000000eab00000,0x00000000eba00000)
  from space 2560K, 99% used [0x00000000eba00000,0x00000000ebc7ab48,0x00000000ebc80000)
  to   space 2560K, 0% used [0x00000000ebc80000,0x00000000ebc80000,0x00000000ebf00000)
 ParOldGen       total 40960K, used 1093K [0x00000000c0000000, 0x00000000c2800000, 0x00000000eab00000)
  object space 40960K, 2% used [0x00000000c0000000,0x00000000c01114b0,0x00000000c2800000)
 Metaspace       used 5832K, capacity 6832K, committed 7040K, reserved 1056768K
  class space    used 605K, capacity 616K, committed 640K, reserved 1048576K

Card table byte_map: [0x00007f6ef653c000,0x00007f6ef673d000] byte_map_base: 0x00007f6ef5f3c000

Marking Bits: (ParMarkBitMap*) 0x00007f6ef8e52100
 Begin Bits: [0x00007f6edf000000, 0x00007f6ee0000000)
 End Bits:   [0x00007f6ee0000000, 0x00007f6ee1000000)

Polling page: 0x00007f6ef9a99000

CodeCache: size=245760Kb used=3414Kb max_used=3423Kb free=242345Kb
 bounds [0x00007f6ee1000000, 0x00007f6ee1360000, 0x00007f6ef0000000]
 total_blobs=1110 nmethods=842 adapters=182
 compilation: enabled

Compilation events (10 events):
Event: 3,655 Thread 0x00007f6ef00bb000 nmethod 895 0x00007f6ee1350150 code [0x00007f6ee13502c0, 0x00007f6ee1350508]
Event: 3,656 Thread 0x00007f6ef00bb000  896       3       com.android.dx.dex.code.InsnFormat::unsignedFitsInNibble (14 bytes)
Event: 3,656 Thread 0x00007f6ef00bb000 nmethod 896 0x00007f6ee1356450 code [0x00007f6ee13565c0, 0x00007f6ee1356750]
Event: 3,680 Thread 0x00007f6ef00bb000  897       3       com.android.dx.dex.code.FixedSizeInsn::codeSize (11 bytes)
Event: 3,680 Thread 0x00007f6ef00bb000 nmethod 897 0x00007f6ee13567d0 code [0x00007f6ee1356940, 0x00007f6ee1356c88]
Event: 3,707 Thread 0x00007f6ef00b6800  898       4       com.android.dx.rop.code.BasicBlockList::labelToBlock (46 bytes)
Event: 3,710 Thread 0x00007f6ef00b6800 nmethod 898 0x00007f6ee1359ad0 code [0x00007f6ee1359c40, 0x00007f6ee1359dd8]
Event: 3,712 Thread 0x00007f6ef00bb000  899       3       com.android.dx.dex.file.DexFile::findItemOrNull (66 bytes)
Event: 3,713 Thread 0x00007f6ef00bb000 nmethod 899 0x00007f6ee1358e90 code [0x00007f6ee1359060, 0x00007f6ee1359958]
Event: 3,764 Thread 0x00007f6ef00bb000  900       3       com.android.dx.dex.code.OutputFinisher::assignIndices (61 bytes)

GC Heap History (1 events):
Event: 3,772 GC heap before
{Heap before GC invocations=1 (full 0):
 PSYoungGen      total 17920K, used 15360K [0x00000000eab00000, 0x00000000ebf00000, 0x0000000100000000)
  eden space 15360K, 100% used [0x00000000eab00000,0x00000000eba00000,0x00000000eba00000)
  from space 2560K, 0% used [0x00000000ebc80000,0x00000000ebc80000,0x00000000ebf00000)
  to   space 2560K, 0% used [0x00000000eba00000,0x00000000eba00000,0x00000000ebc80000)
 ParOldGen       total 40960K, used 0K [0x00000000c0000000, 0x00000000c2800000, 0x00000000eab00000)
  object space 40960K, 0% used [0x00000000c0000000,0x00000000c0000000,0x00000000c2800000)
 Metaspace       used 5832K, capacity 6832K, committed 7040K, reserved 1056768K
  class space    used 605K, capacity 616K, committed 640K, reserved 1048576K

Deoptimization events (3 events):
Event: 1,428 Thread 0x00007f6ef0134000 Uncommon trap: reason=unstable_if action=reinterpret pc=0x00007f6ee11d6f64 method=java.util.HashMap.getNode(ILjava/lang/Object;)Ljava/util/HashMap$Node; @ 62
Event: 2,875 Thread 0x00007f6ef0134000 Uncommon trap: reason=class_check action=maybe_recompile pc=0x00007f6ee12377d0 method=com.android.dx.ssa.NormalSsaInsn.accept(Lcom/android/dx/ssa/SsaInsn$Visitor;)V @ 9
Event: 2,879 Thread 0x00007f6ef0134000 Uncommon trap: reason=class_check action=maybe_recompile pc=0x00007f6ee12377d0 method=com.android.dx.ssa.NormalSsaInsn.accept(Lcom/android/dx/ssa/SsaInsn$Visitor;)V @ 9

Internal exceptions (2 events):
Event: 0,061 Thread 0x00007f6ef000a000 Exception <a 'java/lang/NoSuchMethodError': Method sun.misc.Unsafe.defineClass(Ljava/lang/String;[BII)Ljava/lang/Class; name or signature does not match> (0x00000000eab12b40) thrown at [/HUDSON3/workspace/8-2-build-linux-amd64/jdk8u73/6086/hotspot/src/sha
Event: 0,061 Thread 0x00007f6ef000a000 Exception <a 'java/lang/NoSuchMethodError': Method sun.misc.Unsafe.prefetchRead(Ljava/lang/Object;J)V name or signature does not match> (0x00000000eab12e28) thrown at [/HUDSON3/workspace/8-2-build-linux-amd64/jdk8u73/6086/hotspot/src/share/vm/prims/jni.cp

Events (10 events):
Event: 3,611 loading class com/android/dx/dex/code/CatchHandlerList done
Event: 3,612 loading class com/android/dx/dex/code/CatchTable
Event: 3,612 loading class com/android/dx/dex/code/CatchTable done
Event: 3,651 loading class com/android/dx/dex/code/CatchHandlerList$Entry
Event: 3,651 loading class com/android/dx/dex/code/CatchHandlerList$Entry done
Event: 3,652 loading class com/android/dx/dex/code/CatchTable$Entry
Event: 3,652 loading class com/android/dx/dex/code/CatchTable$Entry done
Event: 3,652 loading class com/android/dx/util/ByteArrayAnnotatedOutput
Event: 3,652 loading class com/android/dx/util/ByteArrayAnnotatedOutput done
Event: 3,772 Executing VM operation: ParallelGCFailedAllocation


Dynamic libraries:
00400000-00401000 r-xp 00000000 08:02 6294568                            /opt/java/jdk1.8.0_73/bin/java
00600000-00601000 rw-p 00000000 08:02 6294568                            /opt/java/jdk1.8.0_73/bin/java
019a0000-019c1000 rw-p 00000000 00:00 0                                  [heap]
c0000000-c2800000 rw-p 00000000 00:00 0 
c2800000-eab00000 ---p 00000000 00:00 0 
eab00000-ebf00000 rw-p 00000000 00:00 0 
ece00000-100000000 ---p 00000000 00:00 0 
100000000-1000a0000 rw-p 00000000 00:00 0 
1000a0000-140000000 ---p 00000000 00:00 0 
7f6e90000000-7f6e90021000 rw-p 00000000 00:00 0 
7f6e90021000-7f6e94000000 ---p 00000000 00:00 0 
7f6e98000000-7f6e98024000 rw-p 00000000 00:00 0 
7f6e98024000-7f6e9c000000 ---p 00000000 00:00 0 
7f6e9c000000-7f6e9c021000 rw-p 00000000 00:00 0 
7f6e9c021000-7f6ea0000000 ---p 00000000 00:00 0 
7f6ea0000000-7f6ea00bb000 rw-p 00000000 00:00 0 
7f6ea00bb000-7f6ea4000000 ---p 00000000 00:00 0 
7f6ea4000000-7f6ea4021000 rw-p 00000000 00:00 0 
7f6ea4021000-7f6ea8000000 ---p 00000000 00:00 0 
7f6ea8000000-7f6ea8021000 rw-p 00000000 00:00 0 
7f6ea8021000-7f6eac000000 ---p 00000000 00:00 0 
7f6eac000000-7f6eac021000 rw-p 00000000 00:00 0 
7f6eac021000-7f6eb0000000 ---p 00000000 00:00 0 
7f6eb0000000-7f6eb0209000 rw-p 00000000 00:00 0 
7f6eb0209000-7f6eb4000000 ---p 00000000 00:00 0 
7f6eb4000000-7f6eb46c1000 rw-p 00000000 00:00 0 
7f6eb46c1000-7f6eb8000000 ---p 00000000 00:00 0 
7f6eb8000000-7f6eb8021000 rw-p 00000000 00:00 0 
7f6eb8021000-7f6ebc000000 ---p 00000000 00:00 0 
7f6ebc000000-7f6ebc4ee000 rw-p 00000000 00:00 0 
7f6ebc4ee000-7f6ec0000000 ---p 00000000 00:00 0 
7f6ec0000000-7f6ec0021000 rw-p 00000000 00:00 0 
7f6ec0021000-7f6ec4000000 ---p 00000000 00:00 0 
7f6ec4000000-7f6ec4021000 rw-p 00000000 00:00 0 
7f6ec4021000-7f6ec8000000 ---p 00000000 00:00 0 
7f6ec8000000-7f6ec8021000 rw-p 00000000 00:00 0 
7f6ec8021000-7f6ecc000000 ---p 00000000 00:00 0 
7f6ecc000000-7f6ecc28f000 rw-p 00000000 00:00 0 
7f6ecc28f000-7f6ed0000000 ---p 00000000 00:00 0 
7f6ed0000000-7f6ed0021000 rw-p 00000000 00:00 0 
7f6ed0021000-7f6ed4000000 ---p 00000000 00:00 0 
7f6ed4000000-7f6ed4021000 rw-p 00000000 00:00 0 
7f6ed4021000-7f6ed8000000 ---p 00000000 00:00 0 
7f6ed8000000-7f6ed8021000 rw-p 00000000 00:00 0 
7f6ed8021000-7f6edc000000 ---p 00000000 00:00 0 
7f6ede0b3000-7f6ede0b6000 ---p 00000000 00:00 0 
7f6ede0b6000-7f6ede1b4000 rw-p 00000000 00:00 0 
7f6ede1b4000-7f6ede1b7000 ---p 00000000 00:00 0 
7f6ede1b7000-7f6ede2b5000 rw-p 00000000 00:00 0 
7f6ede2b5000-7f6ede2b8000 ---p 00000000 00:00 0 
7f6ede2b8000-7f6ede3b6000 rw-p 00000000 00:00 0 
7f6ede3b6000-7f6ede3b9000 ---p 00000000 00:00 0 
7f6ede3b9000-7f6ede4b7000 rw-p 00000000 00:00 0                          [stack:8218]
7f6ede4b7000-7f6ede4ba000 ---p 00000000 00:00 0 
7f6ede4ba000-7f6ede5b8000 rw-p 00000000 00:00 0 
7f6ede5b8000-7f6ede5b9000 ---p 00000000 00:00 0 
7f6ede5b9000-7f6ede6b9000 rw-p 00000000 00:00 0                          [stack:8190]
7f6ede6b9000-7f6ede6bc000 ---p 00000000 00:00 0 
7f6ede6bc000-7f6ede7ba000 rw-p 00000000 00:00 0                          [stack:8185]
7f6ede7ba000-7f6ede7bd000 ---p 00000000 00:00 0 
7f6ede7bd000-7f6ede8bb000 rw-p 00000000 00:00 0                          [stack:8177]
7f6ede8bb000-7f6ede8be000 ---p 00000000 00:00 0 
7f6ede8be000-7f6ede9bc000 rw-p 00000000 00:00 0                          [stack:8176]
7f6ede9bc000-7f6ede9bf000 ---p 00000000 00:00 0 
7f6ede9bf000-7f6edeabd000 rw-p 00000000 00:00 0                          [stack:8175]
7f6edeabd000-7f6edeac0000 ---p 00000000 00:00 0 
7f6edeac0000-7f6edebbe000 rw-p 00000000 00:00 0                          [stack:8174]
7f6edebbe000-7f6edf000000 r--p 00000000 08:02 2496928                    /usr/lib/locale/locale-archive
7f6edf000000-7f6ee1000000 rw-p 00000000 00:00 0 
7f6ee1000000-7f6ee1360000 rwxp 00000000 00:00 0 
7f6ee1360000-7f6ef0000000 ---p 00000000 00:00 0 
7f6ef0000000-7f6ef038c000 rw-p 00000000 00:00 0 
7f6ef038c000-7f6ef4000000 ---p 00000000 00:00 0 
7f6ef40a1000-7f6ef40a8000 r--s 00000000 08:02 2888343                    /usr/lib/x86_64-linux-gnu/gconv/gconv-modules.cache
7f6ef40a8000-7f6ef40ce000 r--p 00000000 08:02 3147724                    /usr/share/locale-langpack/de/LC_MESSAGES/libc.mo
7f6ef40ce000-7f6ef40dd000 r--s 000df000 00:1a 5383561                    /home/lukas/Android/Sdk/build-tools/23.0.3/lib/dx.jar
7f6ef40dd000-7f6ef40e0000 ---p 00000000 00:00 0 
7f6ef40e0000-7f6ef41de000 rw-p 00000000 00:00 0                          [stack:8170]
7f6ef41de000-7f6ef41e1000 ---p 00000000 00:00 0 
7f6ef41e1000-7f6ef42df000 rw-p 00000000 00:00 0                          [stack:8168]
7f6ef42df000-7f6ef42e0000 ---p 00000000 00:00 0 
7f6ef42e0000-7f6ef5394000 rw-p 00000000 00:00 0                          [stack:8161]
7f6ef5394000-7f6ef556c000 r--s 03d23000 08:02 6294420                    /opt/java/jdk1.8.0_73/jre/lib/rt.jar
7f6ef556c000-7f6ef5c22000 rw-p 00000000 00:00 0 
7f6ef5c22000-7f6ef5de2000 ---p 00000000 00:00 0 
7f6ef5de2000-7f6ef5fe2000 rw-p 00000000 00:00 0 
7f6ef5fe2000-7f6ef5fe3000 ---p 00000000 00:00 0 
7f6ef5fe3000-7f6ef60e3000 rw-p 00000000 00:00 0                          [stack:8156]
7f6ef60e3000-7f6ef60e4000 ---p 00000000 00:00 0 
7f6ef60e4000-7f6ef61e4000 rw-p 00000000 00:00 0                          [stack:8154]
7f6ef61e4000-7f6ef61e5000 ---p 00000000 00:00 0 
7f6ef61e5000-7f6ef62e5000 rw-p 00000000 00:00 0                          [stack:8152]
7f6ef62e5000-7f6ef62e6000 ---p 00000000 00:00 0 
7f6ef62e6000-7f6ef63fa000 rw-p 00000000 00:00 0                          [stack:8151]
7f6ef63fa000-7f6ef653c000 ---p 00000000 00:00 0 
7f6ef653c000-7f6ef6550000 rw-p 00000000 00:00 0 
7f6ef6550000-7f6ef6691000 ---p 00000000 00:00 0 
7f6ef6691000-7f6ef669c000 rw-p 00000000 00:00 0 
7f6ef669c000-7f6ef673c000 ---p 00000000 00:00 0 
7f6ef673c000-7f6ef674b000 rw-p 00000000 00:00 0 
7f6ef674b000-7f6ef6afd000 ---p 00000000 00:00 0 
7f6ef6afd000-7f6ef6b17000 r-xp 00000000 08:02 6689342                    /opt/java/jdk1.8.0_73/jre/lib/amd64/libzip.so
7f6ef6b17000-7f6ef6d17000 ---p 0001a000 08:02 6689342                    /opt/java/jdk1.8.0_73/jre/lib/amd64/libzip.so
7f6ef6d17000-7f6ef6d18000 rw-p 0001a000 08:02 6689342                    /opt/java/jdk1.8.0_73/jre/lib/amd64/libzip.so
7f6ef6d18000-7f6ef6d23000 r-xp 00000000 08:02 4719618                    /lib/x86_64-linux-gnu/libnss_files-2.19.so
7f6ef6d23000-7f6ef6f22000 ---p 0000b000 08:02 4719618                    /lib/x86_64-linux-gnu/libnss_files-2.19.so
7f6ef6f22000-7f6ef6f23000 r--p 0000a000 08:02 4719618                    /lib/x86_64-linux-gnu/libnss_files-2.19.so
7f6ef6f23000-7f6ef6f24000 rw-p 0000b000 08:02 4719618                    /lib/x86_64-linux-gnu/libnss_files-2.19.so
7f6ef6f24000-7f6ef6f2f000 r-xp 00000000 08:02 4719581                    /lib/x86_64-linux-gnu/libnss_nis-2.19.so
7f6ef6f2f000-7f6ef712e000 ---p 0000b000 08:02 4719581                    /lib/x86_64-linux-gnu/libnss_nis-2.19.so
7f6ef712e000-7f6ef712f000 r--p 0000a000 08:02 4719581                    /lib/x86_64-linux-gnu/libnss_nis-2.19.so
7f6ef712f000-7f6ef7130000 rw-p 0000b000 08:02 4719581                    /lib/x86_64-linux-gnu/libnss_nis-2.19.so
7f6ef7130000-7f6ef7147000 r-xp 00000000 08:02 4719571                    /lib/x86_64-linux-gnu/libnsl-2.19.so
7f6ef7147000-7f6ef7346000 ---p 00017000 08:02 4719571                    /lib/x86_64-linux-gnu/libnsl-2.19.so
7f6ef7346000-7f6ef7347000 r--p 00016000 08:02 4719571                    /lib/x86_64-linux-gnu/libnsl-2.19.so
7f6ef7347000-7f6ef7348000 rw-p 00017000 08:02 4719571                    /lib/x86_64-linux-gnu/libnsl-2.19.so
7f6ef7348000-7f6ef734a000 rw-p 00000000 00:00 0 
7f6ef734a000-7f6ef7353000 r-xp 00000000 08:02 4719565                    /lib/x86_64-linux-gnu/libnss_compat-2.19.so
7f6ef7353000-7f6ef7552000 ---p 00009000 08:02 4719565                    /lib/x86_64-linux-gnu/libnss_compat-2.19.so
7f6ef7552000-7f6ef7553000 r--p 00008000 08:02 4719565                    /lib/x86_64-linux-gnu/libnss_compat-2.19.so
7f6ef7553000-7f6ef7554000 rw-p 00009000 08:02 4719565                    /lib/x86_64-linux-gnu/libnss_compat-2.19.so
7f6ef7554000-7f6ef757e000 r-xp 00000000 08:02 6689347                    /opt/java/jdk1.8.0_73/jre/lib/amd64/libjava.so
7f6ef757e000-7f6ef777e000 ---p 0002a000 08:02 6689347                    /opt/java/jdk1.8.0_73/jre/lib/amd64/libjava.so
7f6ef777e000-7f6ef7780000 rw-p 0002a000 08:02 6689347                    /opt/java/jdk1.8.0_73/jre/lib/amd64/libjava.so
7f6ef7780000-7f6ef778d000 r-xp 00000000 08:02 6689331                    /opt/java/jdk1.8.0_73/jre/lib/amd64/libverify.so
7f6ef778d000-7f6ef798d000 ---p 0000d000 08:02 6689331                    /opt/java/jdk1.8.0_73/jre/lib/amd64/libverify.so
7f6ef798d000-7f6ef798f000 rw-p 0000d000 08:02 6689331                    /opt/java/jdk1.8.0_73/jre/lib/amd64/libverify.so
7f6ef798f000-7f6ef7996000 r-xp 00000000 08:02 4719606                    /lib/x86_64-linux-gnu/librt-2.19.so
7f6ef7996000-7f6ef7b95000 ---p 00007000 08:02 4719606                    /lib/x86_64-linux-gnu/librt-2.19.so
7f6ef7b95000-7f6ef7b96000 r--p 00006000 08:02 4719606                    /lib/x86_64-linux-gnu/librt-2.19.so
7f6ef7b96000-7f6ef7b97000 rw-p 00007000 08:02 4719606                    /lib/x86_64-linux-gnu/librt-2.19.so
7f6ef7b97000-7f6ef7c9c000 r-xp 00000000 08:02 4719556                    /lib/x86_64-linux-gnu/libm-2.19.so
7f6ef7c9c000-7f6ef7e9b000 ---p 00105000 08:02 4719556                    /lib/x86_64-linux-gnu/libm-2.19.so
7f6ef7e9b000-7f6ef7e9c000 r--p 00104000 08:02 4719556                    /lib/x86_64-linux-gnu/libm-2.19.so
7f6ef7e9c000-7f6ef7e9d000 rw-p 00105000 08:02 4719556                    /lib/x86_64-linux-gnu/libm-2.19.so
7f6ef7e9d000-7f6ef8b5c000 r-xp 00000000 08:02 6689310                    /opt/java/jdk1.8.0_73/jre/lib/amd64/server/libjvm.so
7f6ef8b5c000-7f6ef8d5b000 ---p 00cbf000 08:02 6689310                    /opt/java/jdk1.8.0_73/jre/lib/amd64/server/libjvm.so
7f6ef8d5b000-7f6ef8e34000 rw-p 00cbe000 08:02 6689310                    /opt/java/jdk1.8.0_73/jre/lib/amd64/server/libjvm.so
7f6ef8e34000-7f6ef8e7d000 rw-p 00000000 00:00 0 
7f6ef8e7d000-7f6ef9038000 r-xp 00000000 08:02 4719607                    /lib/x86_64-linux-gnu/libc-2.19.so
7f6ef9038000-7f6ef9237000 ---p 001bb000 08:02 4719607                    /lib/x86_64-linux-gnu/libc-2.19.so
7f6ef9237000-7f6ef923b000 r--p 001ba000 08:02 4719607                    /lib/x86_64-linux-gnu/libc-2.19.so
7f6ef923b000-7f6ef923d000 rw-p 001be000 08:02 4719607                    /lib/x86_64-linux-gnu/libc-2.19.so
7f6ef923d000-7f6ef9242000 rw-p 00000000 00:00 0 
7f6ef9242000-7f6ef9245000 r-xp 00000000 08:02 4719558                    /lib/x86_64-linux-gnu/libdl-2.19.so
7f6ef9245000-7f6ef9444000 ---p 00003000 08:02 4719558                    /lib/x86_64-linux-gnu/libdl-2.19.so
7f6ef9444000-7f6ef9445000 r--p 00002000 08:02 4719558                    /lib/x86_64-linux-gnu/libdl-2.19.so
7f6ef9445000-7f6ef9446000 rw-p 00003000 08:02 4719558                    /lib/x86_64-linux-gnu/libdl-2.19.so
7f6ef9446000-7f6ef945b000 r-xp 00000000 08:02 6818542                    /opt/java/jdk1.8.0_73/lib/amd64/jli/libjli.so
7f6ef945b000-7f6ef965b000 ---p 00015000 08:02 6818542                    /opt/java/jdk1.8.0_73/lib/amd64/jli/libjli.so
7f6ef965b000-7f6ef965c000 rw-p 00015000 08:02 6818542                    /opt/java/jdk1.8.0_73/lib/amd64/jli/libjli.so
7f6ef965c000-7f6ef9675000 r-xp 00000000 08:02 4719572                    /lib/x86_64-linux-gnu/libpthread-2.19.so
7f6ef9675000-7f6ef9874000 ---p 00019000 08:02 4719572                    /lib/x86_64-linux-gnu/libpthread-2.19.so
7f6ef9874000-7f6ef9875000 r--p 00018000 08:02 4719572                    /lib/x86_64-linux-gnu/libpthread-2.19.so
7f6ef9875000-7f6ef9876000 rw-p 00019000 08:02 4719572                    /lib/x86_64-linux-gnu/libpthread-2.19.so
7f6ef9876000-7f6ef987a000 rw-p 00000000 00:00 0 
7f6ef987a000-7f6ef989d000 r-xp 00000000 08:02 4719577                    /lib/x86_64-linux-gnu/ld-2.19.so
7f6ef98a0000-7f6ef9972000 rw-p 00000000 00:00 0 
7f6ef9972000-7f6ef9975000 ---p 00000000 00:00 0 
7f6ef9975000-7f6ef9a77000 rw-p 00000000 00:00 0                          [stack:8133]
7f6ef9a7b000-7f6ef9a90000 rw-p 00000000 00:00 0 
7f6ef9a90000-7f6ef9a98000 rw-s 00000000 08:02 2228341                    /tmp/hsperfdata_lukas/8122
7f6ef9a98000-7f6ef9a99000 rw-p 00000000 00:00 0 
7f6ef9a99000-7f6ef9a9a000 ---p 00000000 00:00 0 
7f6ef9a9a000-7f6ef9a9c000 rw-p 00000000 00:00 0 
7f6ef9a9c000-7f6ef9a9d000 r--p 00022000 08:02 4719577                    /lib/x86_64-linux-gnu/ld-2.19.so
7f6ef9a9d000-7f6ef9a9e000 rw-p 00023000 08:02 4719577                    /lib/x86_64-linux-gnu/ld-2.19.so
7f6ef9a9e000-7f6ef9a9f000 rw-p 00000000 00:00 0 
7fffa6533000-7fffa6554000 rw-p 00000000 00:00 0                          [stack]
7fffa65fe000-7fffa6600000 r-xp 00000000 00:00 0                          [vdso]
ffffffffff600000-ffffffffff601000 r-xp 00000000 00:00 0                  [vsyscall]

VM Arguments:
jvm_args: -Djava.awt.headless=true -Xmx1024M -Dfile.encoding=UTF-8 -Duser.country=AT -Duser.language=de -Duser.variant 
java_command: com.android.dx.command.Main --dex --force-jumbo --num-threads=4 --multi-dex --output /media/lukas/LUKAS-USB/3bhif/POS1/Project/MailAnalyse/app/build/intermediates/transforms/dex/debug/folders/1000/10/com.android.support-animated-vector-drawable-23.3.0_12f18408cf4c7d179d6124313261a3fa4e57dc75 /media/lukas/LUKAS-USB/3bhif/POS1/Project/MailAnalyse/app/build/intermediates/exploded-aar/com.android.support/animated-vector-drawable/23.3.0/jars/classes.jar
java_class_path (initial): /home/lukas/Android/Sdk/build-tools/23.0.3/lib/dx.jar
Launcher Type: SUN_STANDARD

Environment Variables:
JAVA_HOME=/usr/lib/jvm/jdk.1.8.0_73
PATH=/usr/local/sbin:/usr/local/bin:/usr/sbin:/usr/bin:/sbin:/bin:/usr/games:/usr/local/games:/usr/lib/jvm/java-8-oracle/bin:/usr/lib/jvm/java-8-oracle/db/bin:/usr/lib/jvm/java-8-oracle/jre/bin:/usr/lib/jvm/jdk.1.8.0_73/bin
USERNAME=lukas
LD_LIBRARY_PATH=/opt/android-studio/bin:
SHELL=/bin/bash
DISPLAY=:0.0

Signal Handlers:
SIGSEGV: [libjvm.so+0xabafa0], sa_mask[0]=11111111011111111101111111111110, sa_flags=SA_RESTART|SA_SIGINFO
SIGBUS: [libjvm.so+0xabafa0], sa_mask[0]=11111111011111111101111111111110, sa_flags=SA_RESTART|SA_SIGINFO
SIGFPE: [libjvm.so+0x9183c0], sa_mask[0]=11111111011111111101111111111110, sa_flags=SA_RESTART|SA_SIGINFO
SIGPIPE: [libjvm.so+0x9183c0], sa_mask[0]=11111111011111111101111111111110, sa_flags=SA_RESTART|SA_SIGINFO
SIGXFSZ: [libjvm.so+0x9183c0], sa_mask[0]=11111111011111111101111111111110, sa_flags=SA_RESTART|SA_SIGINFO
SIGILL: [libjvm.so+0x9183c0], sa_mask[0]=11111111011111111101111111111110, sa_flags=SA_RESTART|SA_SIGINFO
SIGUSR1: SIG_DFL, sa_mask[0]=00000000000000000000000000000000, sa_flags=none
SIGUSR2: [libjvm.so+0x9199f0], sa_mask[0]=00100000000000000000000000000000, sa_flags=SA_RESTART|SA_SIGINFO
SIGHUP: [libjvm.so+0x91adf0], sa_mask[0]=11111111011111111101111111111110, sa_flags=SA_RESTART|SA_SIGINFO
SIGINT: [libjvm.so+0x91adf0], sa_mask[0]=11111111011111111101111111111110, sa_flags=SA_RESTART|SA_SIGINFO
SIGTERM: [libjvm.so+0x91adf0], sa_mask[0]=11111111011111111101111111111110, sa_flags=SA_RESTART|SA_SIGINFO
SIGQUIT: [libjvm.so+0x91adf0], sa_mask[0]=11111111011111111101111111111110, sa_flags=SA_RESTART|SA_SIGINFO


---------------  S Y S T E M  ---------------

OS:DISTRIB_ID=LinuxMint
DISTRIB_RELEASE=17
DISTRIB_CODENAME=qiana
DISTRIB_DESCRIPTION="Linux Mint 17 Qiana"

uname:Linux 3.13.0-24-generic #47-Ubuntu SMP Fri May 2 23:30:00 UTC 2014 x86_64
libc:glibc 2.19 NPTL 2.19 
rlimit: STACK 8192k, CORE 0k, NPROC 29925, NOFILE 4096, AS infinity
load average:3,15 1,76 1,72

/proc/meminfo:
MemTotal:        3924480 kB
MemFree:          452668 kB
Buffers:            2760 kB
Cached:            75808 kB
SwapCached:            0 kB
Active:          3149644 kB
Inactive:          73248 kB
Active(anon):    3145564 kB
Inactive(anon):    24764 kB
Active(file):       4080 kB
Inactive(file):    48484 kB
Unevictable:          32 kB
Mlocked:              32 kB
SwapTotal:             0 kB
SwapFree:              0 kB
Dirty:               340 kB
Writeback:           108 kB
AnonPages:       3144456 kB
Mapped:            94196 kB
Shmem:             25904 kB
Slab:              74384 kB
SReclaimable:      29288 kB
SUnreclaim:        45096 kB
KernelStack:        5552 kB
PageTables:        33628 kB
NFS_Unstable:          0 kB
Bounce:                0 kB
WritebackTmp:          0 kB
CommitLimit:     1962240 kB
Committed_AS:    6198128 kB
VmallocTotal:   34359738367 kB
VmallocUsed:      384896 kB
VmallocChunk:   34359348220 kB
HardwareCorrupted:     0 kB
AnonHugePages:    931840 kB
HugePages_Total:       0
HugePages_Free:        0
HugePages_Rsvd:        0
HugePages_Surp:        0
Hugepagesize:       2048 kB
DirectMap4k:      238656 kB
DirectMap2M:     3833856 kB


CPU:total 4 (2 cores per cpu, 2 threads per core) family 6 model 42 stepping 7, cmov, cx8, fxsr, mmx, sse, sse2, sse3, ssse3, sse4.1, sse4.2, popcnt, avx, aes, clmul, ht, tsc, tscinvbit

/proc/cpuinfo:
processor	: 0
vendor_id	: GenuineIntel
cpu family	: 6
model		: 42
model name	: Intel(R) Core(TM) i5-2520M CPU @ 2.50GHz
stepping	: 7
microcode	: 0x29
cpu MHz		: 2501.000
cache size	: 3072 KB
physical id	: 0
siblings	: 4
core id		: 0
cpu cores	: 2
apicid		: 0
initial apicid	: 0
fpu		: yes
fpu_exception	: yes
cpuid level	: 13
wp		: yes
flags		: fpu vme de pse tsc msr pae mce cx8 apic sep mtrr pge mca cmov pat pse36 clflush dts acpi mmx fxsr sse sse2 ss ht tm pbe syscall nx rdtscp lm constant_tsc arch_perfmon pebs bts rep_good nopl xtopology nonstop_tsc aperfmperf eagerfpu pni pclmulqdq dtes64 monitor ds_cpl vmx smx est tm2 ssse3 cx16 xtpr pdcm pcid sse4_1 sse4_2 x2apic popcnt tsc_deadline_timer aes xsave avx lahf_lm ida arat epb xsaveopt pln pts dtherm tpr_shadow vnmi flexpriority ept vpid
bogomips	: 4988.63
clflush size	: 64
cache_alignment	: 64
address sizes	: 36 bits physical, 48 bits virtual
power management:

processor	: 1
vendor_id	: GenuineIntel
cpu family	: 6
model		: 42
model name	: Intel(R) Core(TM) i5-2520M CPU @ 2.50GHz
stepping	: 7
microcode	: 0x29
cpu MHz		: 2501.000
cache size	: 3072 KB
physical id	: 0
siblings	: 4
core id		: 1
cpu cores	: 2
apicid		: 2
initial apicid	: 2
fpu		: yes
fpu_exception	: yes
cpuid level	: 13
wp		: yes
flags		: fpu vme de pse tsc msr pae mce cx8 apic sep mtrr pge mca cmov pat pse36 clflush dts acpi mmx fxsr sse sse2 ss ht tm pbe syscall nx rdtscp lm constant_tsc arch_perfmon pebs bts rep_good nopl xtopology nonstop_tsc aperfmperf eagerfpu pni pclmulqdq dtes64 monitor ds_cpl vmx smx est tm2 ssse3 cx16 xtpr pdcm pcid sse4_1 sse4_2 x2apic popcnt tsc_deadline_timer aes xsave avx lahf_lm ida arat epb xsaveopt pln pts dtherm tpr_shadow vnmi flexpriority ept vpid
bogomips	: 4988.63
clflush size	: 64
cache_alignment	: 64
address sizes	: 36 bits physical, 48 bits virtual
power management:

processor	: 2
vendor_id	: GenuineIntel
cpu family	: 6
model		: 42
model name	: Intel(R) Core(TM) i5-2520M CPU @ 2.50GHz
stepping	: 7
microcode	: 0x29
cpu MHz		: 800.000
cache size	: 3072 KB
physical id	: 0
siblings	: 4
core id		: 0
cpu cores	: 2
apicid		: 1
initial apicid	: 1
fpu		: yes
fpu_exception	: yes
cpuid level	: 13
wp		: yes
flags		: fpu vme de pse tsc msr pae mce cx8 apic sep mtrr pge mca cmov pat pse36 clflush dts acpi mmx fxsr sse sse2 ss ht tm pbe syscall nx rdtscp lm constant_tsc arch_perfmon pebs bts rep_good nopl xtopology nonstop_tsc aperfmperf eagerfpu pni pclmulqdq dtes64 monitor ds_cpl vmx smx est tm2 ssse3 cx16 xtpr pdcm pcid sse4_1 sse4_2 x2apic popcnt tsc_deadline_timer aes xsave avx lahf_lm ida arat epb xsaveopt pln pts dtherm tpr_shadow vnmi flexpriority ept vpid
bogomips	: 4988.63
clflush size	: 64
cache_alignment	: 64
address sizes	: 36 bits physical, 48 bits virtual
power management:

processor	: 3
vendor_id	: GenuineIntel
cpu family	: 6
model		: 42
model name	: Intel(R) Core(TM) i5-2520M CPU @ 2.50GHz
stepping	: 7
microcode	: 0x29
cpu MHz		: 2500.000
cache size	: 3072 KB
physical id	: 0
siblings	: 4
core id		: 1
cpu cores	: 2
apicid		: 3
initial apicid	: 3
fpu		: yes
fpu_exception	: yes
cpuid level	: 13
wp		: yes
flags		: fpu vme de pse tsc msr pae mce cx8 apic sep mtrr pge mca cmov pat pse36 clflush dts acpi mmx fxsr sse sse2 ss ht tm pbe syscall nx rdtscp lm constant_tsc arch_perfmon pebs bts rep_good nopl xtopology nonstop_tsc aperfmperf eagerfpu pni pclmulqdq dtes64 monitor ds_cpl vmx smx est tm2 ssse3 cx16 xtpr pdcm pcid sse4_1 sse4_2 x2apic popcnt tsc_deadline_timer aes xsave avx lahf_lm ida arat epb xsaveopt pln pts dtherm tpr_shadow vnmi flexpriority ept vpid
bogomips	: 4988.63
clflush size	: 64
cache_alignment	: 64
address sizes	: 36 bits physical, 48 bits virtual
power management:



Memory: 4k page, physical 3924480k(452668k free), swap 0k(0k free)

vm_info: Java HotSpot(TM) 64-Bit Server VM (25.73-b02) for linux-amd64 JRE (1.8.0_73-b02), built on Jan 29 2016 17:39:45 by "java_re" with gcc 4.3.0 20080428 (Red Hat 4.3.0-8)

time: Mon May 23 14:37:02 2016
elapsed time: 16 seconds (0d 0h 0m 16s)

