#
# There is insufficient memory for the Java Runtime Environment to continue.
# Native memory allocation (mmap) failed to map 79691776 bytes for committing reserved memory.
# Possible reasons:
#   The system is out of physical RAM or swap space
#   In 32 bit mode, the process size limit was hit
# Possible solutions:
#   Reduce memory load on the system
#   Increase physical memory or swap space
#   Check if swap backing store is full
#   Use 64 bit Java on a 64 bit OS
#   Decrease Java heap size (-Xmx/-Xms)
#   Decrease number of Java threads
#   Decrease Java thread stack sizes (-Xss)
#   Set larger code cache with -XX:ReservedCodeCacheSize=
# This output file may be truncated or incomplete.
#
#  Out of Memory Error (os_linux.cpp:2627), pid=8658, tid=140645142345472
#
# JRE version: Java(TM) SE Runtime Environment (8.0_73-b02) (build 1.8.0_73-b02)
# Java VM: Java HotSpot(TM) 64-Bit Server VM (25.73-b02 mixed mode linux-amd64 compressed oops)
# Failed to write core dump. Core dumps have been disabled. To enable core dumping, try "ulimit -c unlimited" before starting Java again
#

---------------  T H R E A D  ---------------

Current thread (0x00007fea98078000):  VMThread [stack: 0x00007fea7fafb000,0x00007fea7fbfc000] [id=8667]

Stack: [0x00007fea7fafb000,0x00007fea7fbfc000],  sp=0x00007fea7fbf9fe0,  free space=1019k
Native frames: (J=compiled Java code, j=interpreted, Vv=VM code, C=native code)
V  [libjvm.so+0xaba71a]  VMError::report_and_die()+0x2ba
V  [libjvm.so+0x4f9ecb]  report_vm_out_of_memory(char const*, int, unsigned long, VMErrorType, char const*)+0x8b
V  [libjvm.so+0x91b553]  os::Linux::commit_memory_impl(char*, unsigned long, bool)+0x103
V  [libjvm.so+0x91baa9]  os::pd_commit_memory(char*, unsigned long, unsigned long, bool)+0x29
V  [libjvm.so+0x915dba]  os::commit_memory(char*, unsigned long, unsigned long, bool)+0x2a
V  [libjvm.so+0x989463]  PSVirtualSpace::expand_by(unsigned long)+0x53
V  [libjvm.so+0x98a868]  PSYoungGen::resize_generation(unsigned long, unsigned long)+0xf8
V  [libjvm.so+0x9899c2]  PSYoungGen::resize(unsigned long, unsigned long)+0x22
V  [libjvm.so+0x986c9b]  PSScavenge::invoke_no_policy()+0xf3b
V  [libjvm.so+0x987421]  PSScavenge::invoke()+0x41
V  [libjvm.so+0x93f1b0]  ParallelScavengeHeap::failed_mem_allocate(unsigned long)+0x70
V  [libjvm.so+0xabc137]  VM_ParallelGCFailedAllocation::doit()+0x97
V  [libjvm.so+0xac3b65]  VM_Operation::evaluate()+0x55
V  [libjvm.so+0xac1f3a]  VMThread::evaluate_operation(VM_Operation*)+0xba
V  [libjvm.so+0xac22be]  VMThread::loop()+0x1ce
V  [libjvm.so+0xac2730]  VMThread::run()+0x70
V  [libjvm.so+0x91d918]  java_start(Thread*)+0x108

VM_Operation (0x00007fea7ebabbe0): ParallelGCFailedAllocation, mode: safepoint, requested by thread 0x00007fea9814b800


---------------  P R O C E S S  ---------------

Java Threads: ( => current thread )
  0x00007fea9814d000 JavaThread "pool-2-thread-4" [_thread_blocked, id=8683, stack(0x00007fea7e9ac000,0x00007fea7eaad000)]
  0x00007fea9814b800 JavaThread "pool-2-thread-3" [_thread_blocked, id=8682, stack(0x00007fea7eaad000,0x00007fea7ebae000)]
  0x00007fea9814a000 JavaThread "pool-2-thread-2" [_thread_blocked, id=8681, stack(0x00007fea7ebae000,0x00007fea7ecaf000)]
  0x00007fea98145800 JavaThread "pool-3-thread-1" [_thread_blocked, id=8680, stack(0x00007fea7ecaf000,0x00007fea7edb0000)]
  0x00007fea98144800 JavaThread "pool-2-thread-1" [_thread_blocked, id=8679, stack(0x00007fea7edb0000,0x00007fea7eeb1000)]
  0x00007fea980c0000 JavaThread "Service Thread" daemon [_thread_blocked, id=8674, stack(0x00007fea7efb2000,0x00007fea7f0b3000)]
  0x00007fea980bd000 JavaThread "C1 CompilerThread2" daemon [_thread_blocked, id=8673, stack(0x00007fea7f0b3000,0x00007fea7f1b4000)]
  0x00007fea980bb800 JavaThread "C2 CompilerThread1" daemon [_thread_blocked, id=8672, stack(0x00007fea7f1b4000,0x00007fea7f2b5000)]
  0x00007fea980b8800 JavaThread "C2 CompilerThread0" daemon [_thread_blocked, id=8671, stack(0x00007fea7f2b5000,0x00007fea7f3b6000)]
  0x00007fea980b7000 JavaThread "Signal Dispatcher" daemon [_thread_blocked, id=8670, stack(0x00007fea7f3b6000,0x00007fea7f4b7000)]
  0x00007fea9807f000 JavaThread "Finalizer" daemon [_thread_blocked, id=8669, stack(0x00007fea7f8f9000,0x00007fea7f9fa000)]
  0x00007fea9807d000 JavaThread "Reference Handler" daemon [_thread_blocked, id=8668, stack(0x00007fea7f9fa000,0x00007fea7fafb000)]
  0x00007fea9800a000 JavaThread "main" [_thread_blocked, id=8661, stack(0x00007fea9e22f000,0x00007fea9e330000)]

Other Threads:
=>0x00007fea98078000 VMThread [stack: 0x00007fea7fafb000,0x00007fea7fbfc000] [id=8667]
  0x00007fea980c3000 WatcherThread [stack: 0x00007fea7eeb1000,0x00007fea7efb2000] [id=8677]

VM state:at safepoint (normal execution)

VM Mutex/Monitor currently owned by a thread:  ([mutex/lock_event])
[0x00007fea98006450] Threads_lock - owner thread: 0x00007fea98078000
[0x00007fea98006950] Heap_lock - owner thread: 0x00007fea9814b800

Heap:
 PSYoungGen      total 135168K, used 17387K [0x00000000eab00000, 0x00000000f4400000, 0x0000000100000000)
  eden space 117760K, 0% used [0x00000000eab00000,0x00000000eab00000,0x00000000f1e00000)
  from space 17408K, 99% used [0x00000000f1e00000,0x00000000f2efae30,0x00000000f2f00000)
  to   space 13312K, 0% used [0x00000000f2f00000,0x00000000f2f00000,0x00000000f3c00000)
 ParOldGen       total 40960K, used 31212K [0x00000000c0000000, 0x00000000c2800000, 0x00000000eab00000)
  object space 40960K, 76% used [0x00000000c0000000,0x00000000c1e7b298,0x00000000c2800000)
 Metaspace       used 6173K, capacity 7064K, committed 7424K, reserved 1056768K
  class space    used 607K, capacity 656K, committed 768K, reserved 1048576K

Card table byte_map: [0x00007fea87dbc000,0x00007fea87fbd000] byte_map_base: 0x00007fea877bc000

Marking Bits: (ParMarkBitMap*) 0x00007fea9d70f100
 Begin Bits: [0x00007fea85862000, 0x00007fea86862000)
 End Bits:   [0x00007fea86862000, 0x00007fea87862000)

Polling page: 0x00007fea9e356000

CodeCache: size=245760Kb used=6756Kb max_used=6756Kb free=239003Kb
 bounds [0x00007fea8837d000, 0x00007fea88a1d000, 0x00007fea9737d000]
 total_blobs=1936 nmethods=1667 adapters=182
 compilation: enabled

Compilation events (10 events):
Event: 9,860 Thread 0x00007fea980bd000 1971       2       com.android.dx.ssa.MoveParamCombiner::run (45 bytes)
Event: 9,860 Thread 0x00007fea980bd000 nmethod 1971 0x00007fea88a18350 code [0x00007fea88a184e0, 0x00007fea88a18898]
Event: 9,861 Thread 0x00007fea980bd000 1972       2       com.android.dx.ssa.back.FirstFitLocalCombiningAllocator::<init> (141 bytes)
Event: 9,862 Thread 0x00007fea980bd000 nmethod 1972 0x00007fea88a17690 code [0x00007fea88a17860, 0x00007fea88a17fe8]
Event: 9,863 Thread 0x00007fea980bd000 1973       2       com.android.dx.ssa.back.FirstFitLocalCombiningAllocator::allocateRegisters (37 bytes)
Event: 9,863 Thread 0x00007fea980bd000 nmethod 1973 0x00007fea88a13890 code [0x00007fea88a13a60, 0x00007fea88a13d38]
Event: 9,875 Thread 0x00007fea980bd000 1976       2       java.util.HashMap$EntryIterator::next (5 bytes)
Event: 9,875 Thread 0x00007fea980bd000 nmethod 1976 0x00007fea88a07550 code [0x00007fea88a076c0, 0x00007fea88a07828]
Event: 9,883 Thread 0x00007fea980bd000 1977       2       com.android.dx.ssa.ConstCollector::run (236 bytes)
Event: 9,887 Thread 0x00007fea980bd000 nmethod 1977 0x00007fea88a18a50 code [0x00007fea88a18e40, 0x00007fea88a1a0b8]

GC Heap History (10 events):
Event: 3,977 GC heap after
Heap after GC invocations=4 (full 0):
 PSYoungGen      total 33280K, used 2529K [0x00000000eab00000, 0x00000000ece00000, 0x0000000100000000)
  eden space 30720K, 0% used [0x00000000eab00000,0x00000000eab00000,0x00000000ec900000)
  from space 2560K, 98% used [0x00000000ecb80000,0x00000000ecdf87e0,0x00000000ece00000)
  to   space 2560K, 0% used [0x00000000ec900000,0x00000000ec900000,0x00000000ecb80000)
 ParOldGen       total 40960K, used 7591K [0x00000000c0000000, 0x00000000c2800000, 0x00000000eab00000)
  object space 40960K, 18% used [0x00000000c0000000,0x00000000c0769f30,0x00000000c2800000)
 Metaspace       used 5767K, capacity 6768K, committed 7040K, reserved 1056768K
  class space    used 587K, capacity 616K, committed 640K, reserved 1048576K
}
Event: 4,422 GC heap before
{Heap before GC invocations=5 (full 0):
 PSYoungGen      total 33280K, used 33249K [0x00000000eab00000, 0x00000000ece00000, 0x0000000100000000)
  eden space 30720K, 100% used [0x00000000eab00000,0x00000000ec900000,0x00000000ec900000)
  from space 2560K, 98% used [0x00000000ecb80000,0x00000000ecdf87e0,0x00000000ece00000)
  to   space 2560K, 0% used [0x00000000ec900000,0x00000000ec900000,0x00000000ecb80000)
 ParOldGen       total 40960K, used 7591K [0x00000000c0000000, 0x00000000c2800000, 0x00000000eab00000)
  object space 40960K, 18% used [0x00000000c0000000,0x00000000c0769f30,0x00000000c2800000)
 Metaspace       used 5801K, capacity 6768K, committed 7040K, reserved 1056768K
  class space    used 587K, capacity 616K, committed 640K, reserved 1048576K
Event: 4,501 GC heap after
Heap after GC invocations=5 (full 0):
 PSYoungGen      total 33280K, used 2559K [0x00000000eab00000, 0x00000000ef900000, 0x0000000100000000)
  eden space 30720K, 0% used [0x00000000eab00000,0x00000000eab00000,0x00000000ec900000)
  from space 2560K, 99% used [0x00000000ec900000,0x00000000ecb7fee8,0x00000000ecb80000)
  to   space 9216K, 0% used [0x00000000ef000000,0x00000000ef000000,0x00000000ef900000)
 ParOldGen       total 40960K, used 14564K [0x00000000c0000000, 0x00000000c2800000, 0x00000000eab00000)
  object space 40960K, 35% used [0x00000000c0000000,0x00000000c0e390b0,0x00000000c2800000)
 Metaspace       used 5801K, capacity 6768K, committed 7040K, reserved 1056768K
  class space    used 587K, capacity 616K, committed 640K, reserved 1048576K
}
Event: 4,860 GC heap before
{Heap before GC invocations=6 (full 0):
 PSYoungGen      total 33280K, used 33279K [0x00000000eab00000, 0x00000000ef900000, 0x0000000100000000)
  eden space 30720K, 100% used [0x00000000eab00000,0x00000000ec900000,0x00000000ec900000)
  from space 2560K, 99% used [0x00000000ec900000,0x00000000ecb7fee8,0x00000000ecb80000)
  to   space 9216K, 0% used [0x00000000ef000000,0x00000000ef000000,0x00000000ef900000)
 ParOldGen       total 40960K, used 14564K [0x00000000c0000000, 0x00000000c2800000, 0x00000000eab00000)
  object space 40960K, 35% used [0x00000000c0000000,0x00000000c0e390b0,0x00000000c2800000)
 Metaspace       used 5842K, capacity 6832K, committed 7040K, reserved 1056768K
  class space    used 587K, capacity 616K, committed 640K, reserved 1048576K
Event: 4,911 GC heap after
Heap after GC invocations=6 (full 0):
 PSYoungGen      total 70144K, used 7354K [0x00000000eab00000, 0x00000000efa00000, 0x0000000100000000)
  eden space 60928K, 0% used [0x00000000eab00000,0x00000000eab00000,0x00000000ee680000)
  from space 9216K, 79% used [0x00000000ef000000,0x00000000ef72ea08,0x00000000ef900000)
  to   space 9728K, 0% used [0x00000000ee680000,0x00000000ee680000,0x00000000ef000000)
 ParOldGen       total 40960K, used 14564K [0x00000000c0000000, 0x00000000c2800000, 0x00000000eab00000)
  object space 40960K, 35% used [0x00000000c0000000,0x00000000c0e390b0,0x00000000c2800000)
 Metaspace       used 5842K, capacity 6832K, committed 7040K, reserved 1056768K
  class space    used 587K, capacity 616K, committed 640K, reserved 1048576K
}
Event: 5,450 GC heap before
{Heap before GC invocations=7 (full 0):
 PSYoungGen      total 70144K, used 68282K [0x00000000eab00000, 0x00000000efa00000, 0x0000000100000000)
  eden space 60928K, 100% used [0x00000000eab00000,0x00000000ee680000,0x00000000ee680000)
  from space 9216K, 79% used [0x00000000ef000000,0x00000000ef72ea08,0x00000000ef900000)
  to   space 9728K, 0% used [0x00000000ee680000,0x00000000ee680000,0x00000000ef000000)
 ParOldGen       total 40960K, used 14564K [0x00000000c0000000, 0x00000000c2800000, 0x00000000eab00000)
  object space 40960K, 35% used [0x00000000c0000000,0x00000000c0e390b0,0x00000000c2800000)
 Metaspace       used 5891K, capacity 6896K, committed 7040K, reserved 1056768K
  class space    used 587K, capacity 616K, committed 640K, reserved 1048576K
Event: 5,526 GC heap after
Heap after GC invocations=7 (full 0):
 PSYoungGen      total 70656K, used 9698K [0x00000000eab00000, 0x00000000f3c00000, 0x0000000100000000)
  eden space 60928K, 0% used [0x00000000eab00000,0x00000000eab00000,0x00000000ee680000)
  from space 9728K, 99% used [0x00000000ee680000,0x00000000eeff8ac8,0x00000000ef000000)
  to   space 13312K, 0% used [0x00000000f2f00000,0x00000000f2f00000,0x00000000f3c00000)
 ParOldGen       total 40960K, used 18821K [0x00000000c0000000, 0x00000000c2800000, 0x00000000eab00000)
  object space 40960K, 45% used [0x00000000c0000000,0x00000000c12615a8,0x00000000c2800000)
 Metaspace       used 5891K, capacity 6896K, committed 7040K, reserved 1056768K
  class space    used 587K, capacity 616K, committed 640K, reserved 1048576K
}
Event: 6,002 GC heap before
{Heap before GC invocations=8 (full 0):
 PSYoungGen      total 70656K, used 70626K [0x00000000eab00000, 0x00000000f3c00000, 0x0000000100000000)
  eden space 60928K, 100% used [0x00000000eab00000,0x00000000ee680000,0x00000000ee680000)
  from space 9728K, 99% used [0x00000000ee680000,0x00000000eeff8ac8,0x00000000ef000000)
  to   space 13312K, 0% used [0x00000000f2f00000,0x00000000f2f00000,0x00000000f3c00000)
 ParOldGen       total 40960K, used 18821K [0x00000000c0000000, 0x00000000c2800000, 0x00000000eab00000)
  object space 40960K, 45% used [0x00000000c0000000,0x00000000c12615a8,0x00000000c2800000)
 Metaspace       used 6064K, capacity 7000K, committed 7168K, reserved 1056768K
  class space    used 607K, capacity 656K, committed 768K, reserved 1048576K
Event: 6,075 GC heap after
Heap after GC invocations=8 (full 0):
 PSYoungGen      total 131072K, used 13308K [0x00000000eab00000, 0x00000000f4400000, 0x0000000100000000)
  eden space 117760K, 0% used [0x00000000eab00000,0x00000000eab00000,0x00000000f1e00000)
  from space 13312K, 99% used [0x00000000f2f00000,0x00000000f3bff2a8,0x00000000f3c00000)
  to   space 17408K, 0% used [0x00000000f1e00000,0x00000000f1e00000,0x00000000f2f00000)
 ParOldGen       total 40960K, used 22979K [0x00000000c0000000, 0x00000000c2800000, 0x00000000eab00000)
  object space 40960K, 56% used [0x00000000c0000000,0x00000000c1670e48,0x00000000c2800000)
 Metaspace       used 6064K, capacity 7000K, committed 7168K, reserved 1056768K
  class space    used 607K, capacity 656K, committed 768K, reserved 1048576K
}
Event: 9,905 GC heap before
{Heap before GC invocations=9 (full 0):
 PSYoungGen      total 131072K, used 131068K [0x00000000eab00000, 0x00000000f4400000, 0x0000000100000000)
  eden space 117760K, 100% used [0x00000000eab00000,0x00000000f1e00000,0x00000000f1e00000)
  from space 13312K, 99% used [0x00000000f2f00000,0x00000000f3bff2a8,0x00000000f3c00000)
  to   space 17408K, 0% used [0x00000000f1e00000,0x00000000f1e00000,0x00000000f2f00000)
 ParOldGen       total 40960K, used 22979K [0x00000000c0000000, 0x00000000c2800000, 0x00000000eab00000)
  object space 40960K, 56% used [0x00000000c0000000,0x00000000c1670e48,0x00000000c2800000)
 Metaspace       used 6173K, capacity 7064K, committed 7424K, reserved 1056768K
  class space    used 607K, capacity 656K, committed 768K, reserved 1048576K

Deoptimization events (10 events):
Event: 3,304 Thread 0x00007fea9814a000 Uncommon trap: reason=null_check action=make_not_entrant pc=0x00007fea88647738 method=com.android.dx.ssa.SsaRenamer.getLocalForNewReg(I)Lcom/android/dx/rop/code/LocalItem; @ 19
Event: 3,318 Thread 0x00007fea9800a000 Uncommon trap: reason=unstable_if action=reinterpret pc=0x00007fea884f41e0 method=java.util.regex.Pattern$BnM.optimize(Ljava/util/regex/Pattern$Node;)Ljava/util/regex/Pattern$Node; @ 22
Event: 3,322 Thread 0x00007fea9800a000 Uncommon trap: reason=class_check action=maybe_recompile pc=0x00007fea884ea044 method=java.util.regex.Matcher.search(I)Z @ 86
Event: 3,322 Thread 0x00007fea9800a000 Uncommon trap: reason=unstable_if action=reinterpret pc=0x00007fea884ea08c method=java.util.regex.Matcher.search(I)Z @ 30
Event: 3,346 Thread 0x00007fea9800a000 Uncommon trap: reason=unstable_if action=reinterpret pc=0x00007fea884ca60c method=java.util.regex.Pattern$BnM.optimize(Ljava/util/regex/Pattern$Node;)Ljava/util/regex/Pattern$Node; @ 22
Event: 3,639 Thread 0x00007fea98144800 Uncommon trap: reason=null_check action=make_not_entrant pc=0x00007fea88628860 method=com.android.dx.ssa.SsaRenamer.getLocalForNewReg(I)Lcom/android/dx/rop/code/LocalItem; @ 19
Event: 5,433 Thread 0x00007fea9814a000 Uncommon trap: reason=unstable_if action=reinterpret pc=0x00007fea88754010 method=java.util.HashMap.putVal(ILjava/lang/Object;Ljava/lang/Object;ZZ)Ljava/lang/Object; @ 206
Event: 5,701 Thread 0x00007fea9814a000 Uncommon trap: reason=unstable_if action=reinterpret pc=0x00007fea886bba60 method=java.util.HashMap.putVal(ILjava/lang/Object;Ljava/lang/Object;ZZ)Ljava/lang/Object; @ 162
Event: 5,718 Thread 0x00007fea9814a000 Uncommon trap: reason=unstable_if action=reinterpret pc=0x00007fea8859b278 method=java.util.HashMap.getNode(ILjava/lang/Object;)Ljava/util/HashMap$Node; @ 84
Event: 5,722 Thread 0x00007fea9814a000 Uncommon trap: reason=unstable_if action=reinterpret pc=0x00007fea885a01f0 method=java.util.HashMap.getNode(ILjava/lang/Object;)Ljava/util/HashMap$Node; @ 84

Internal exceptions (7 events):
Event: 0,252 Thread 0x00007fea9800a000 Exception <a 'java/lang/NoSuchMethodError': Method sun.misc.Unsafe.defineClass(Ljava/lang/String;[BII)Ljava/lang/Class; name or signature does not match> (0x00000000eab12bf0) thrown at [/HUDSON3/workspace/8-2-build-linux-amd64/jdk8u73/6086/hotspot/src/sha
Event: 0,252 Thread 0x00007fea9800a000 Exception <a 'java/lang/NoSuchMethodError': Method sun.misc.Unsafe.prefetchRead(Ljava/lang/Object;J)V name or signature does not match> (0x00000000eab12ed8) thrown at [/HUDSON3/workspace/8-2-build-linux-amd64/jdk8u73/6086/hotspot/src/share/vm/prims/jni.cp
Event: 3,304 Thread 0x00007fea9814a000 Implicit null exception at 0x00007fea88644b04 to 0x00007fea886476fd
Event: 3,639 Thread 0x00007fea98144800 Implicit null exception at 0x00007fea886261a9 to 0x00007fea8862883d
Event: 5,715 Thread 0x00007fea9814a000 Exception <a 'java/lang/ArrayIndexOutOfBoundsException': 18> (0x00000000ec2ed6a0) thrown at [/HUDSON3/workspace/8-2-build-linux-amd64/jdk8u73/6086/hotspot/src/share/vm/interpreter/interpreterRuntime.cpp, line 366]
Event: 5,715 Thread 0x00007fea9814a000 Exception <a 'java/lang/ArrayIndexOutOfBoundsException': 145> (0x00000000ec2ef220) thrown at [/HUDSON3/workspace/8-2-build-linux-amd64/jdk8u73/6086/hotspot/src/share/vm/interpreter/interpreterRuntime.cpp, line 366]
Event: 5,717 Thread 0x00007fea9814a000 Exception <a 'java/lang/ArrayIndexOutOfBoundsException': 40> (0x00000000ec2f0508) thrown at [/HUDSON3/workspace/8-2-build-linux-amd64/jdk8u73/6086/hotspot/src/share/vm/interpreter/interpreterRuntime.cpp, line 366]

Events (10 events):
Event: 7,438 Thread 0x00007fea9814b800 DEOPT UNPACKING pc=0x00007fea883c4633 sp=0x00007fea7ebabe68 mode 0
Event: 7,435 Thread 0x00007fea9814d000 DEOPT PACKING pc=0x00007fea8887d147 sp=0x00007fea7eaaad30
Event: 7,438 Thread 0x00007fea9814d000 DEOPT UNPACKING pc=0x00007fea883c4633 sp=0x00007fea7eaaaab8 mode 0
Event: 7,529 Thread 0x00007fea98144800 DEOPT PACKING pc=0x00007fea887f1333 sp=0x00007fea7eeaee20
Event: 7,562 Thread 0x00007fea98144800 DEOPT UNPACKING pc=0x00007fea883c4633 sp=0x00007fea7eeaebd0 mode 0
Event: 7,582 Thread 0x00007fea98144800 DEOPT PACKING pc=0x00007fea888cbeaf sp=0x00007fea7eeaee30
Event: 7,582 Thread 0x00007fea98144800 DEOPT UNPACKING pc=0x00007fea883c4633 sp=0x00007fea7eeaeb78 mode 0
Event: 7,760 Thread 0x00007fea9814b800 DEOPT PACKING pc=0x00007fea8891d2c5 sp=0x00007fea7ebabc40
Event: 7,762 Thread 0x00007fea9814b800 DEOPT UNPACKING pc=0x00007fea883c4633 sp=0x00007fea7ebab9e0 mode 0
Event: 9,903 Executing VM operation: ParallelGCFailedAllocation


Dynamic libraries:
00400000-00401000 r-xp 00000000 08:02 6294568                            /opt/java/jdk1.8.0_73/bin/java
00600000-00601000 rw-p 00000000 08:02 6294568                            /opt/java/jdk1.8.0_73/bin/java
01dc5000-01de6000 rw-p 00000000 00:00 0                                  [heap]
c0000000-c2800000 rw-p 00000000 00:00 0 
c2800000-eab00000 ---p 00000000 00:00 0 
eab00000-f4400000 rw-p 00000000 00:00 0 
f9000000-100000000 ---p 00000000 00:00 0 
100000000-1000c0000 rw-p 00000000 00:00 0 
1000c0000-140000000 ---p 00000000 00:00 0 
7fea30000000-7fea30021000 rw-p 00000000 00:00 0 
7fea30021000-7fea34000000 ---p 00000000 00:00 0 
7fea38000000-7fea38021000 rw-p 00000000 00:00 0 
7fea38021000-7fea3c000000 ---p 00000000 00:00 0 
7fea3c000000-7fea3c039000 rw-p 00000000 00:00 0 
7fea3c039000-7fea40000000 ---p 00000000 00:00 0 
7fea40000000-7fea40041000 rw-p 00000000 00:00 0 
7fea40041000-7fea44000000 ---p 00000000 00:00 0 
7fea44000000-7fea44021000 rw-p 00000000 00:00 0 
7fea44021000-7fea48000000 ---p 00000000 00:00 0 
7fea48000000-7fea48021000 rw-p 00000000 00:00 0 
7fea48021000-7fea4c000000 ---p 00000000 00:00 0 
7fea4c000000-7fea4c021000 rw-p 00000000 00:00 0 
7fea4c021000-7fea50000000 ---p 00000000 00:00 0 
7fea50000000-7fea51239000 rw-p 00000000 00:00 0 
7fea51239000-7fea54000000 ---p 00000000 00:00 0 
7fea54000000-7fea54b89000 rw-p 00000000 00:00 0 
7fea54b89000-7fea58000000 ---p 00000000 00:00 0 
7fea58000000-7fea58021000 rw-p 00000000 00:00 0 
7fea58021000-7fea5c000000 ---p 00000000 00:00 0 
7fea5c000000-7fea5c998000 rw-p 00000000 00:00 0 
7fea5c998000-7fea60000000 ---p 00000000 00:00 0 
7fea60000000-7fea60021000 rw-p 00000000 00:00 0 
7fea60021000-7fea64000000 ---p 00000000 00:00 0 
7fea64000000-7fea64021000 rw-p 00000000 00:00 0 
7fea64021000-7fea68000000 ---p 00000000 00:00 0 
7fea68000000-7fea68021000 rw-p 00000000 00:00 0 
7fea68021000-7fea6c000000 ---p 00000000 00:00 0 
7fea6c000000-7fea6c28f000 rw-p 00000000 00:00 0 
7fea6c28f000-7fea70000000 ---p 00000000 00:00 0 
7fea70000000-7fea70021000 rw-p 00000000 00:00 0 
7fea70021000-7fea74000000 ---p 00000000 00:00 0 
7fea78000000-7fea78021000 rw-p 00000000 00:00 0 
7fea78021000-7fea7c000000 ---p 00000000 00:00 0 
7fea7e9ac000-7fea7e9af000 ---p 00000000 00:00 0 
7fea7e9af000-7fea7eaad000 rw-p 00000000 00:00 0                          [stack:8683]
7fea7eaad000-7fea7eab0000 ---p 00000000 00:00 0 
7fea7eab0000-7fea7ebae000 rw-p 00000000 00:00 0                          [stack:8682]
7fea7ebae000-7fea7ebb1000 ---p 00000000 00:00 0 
7fea7ebb1000-7fea7ecaf000 rw-p 00000000 00:00 0                          [stack:8681]
7fea7ecaf000-7fea7ecb2000 ---p 00000000 00:00 0 
7fea7ecb2000-7fea7edb0000 rw-p 00000000 00:00 0                          [stack:8680]
7fea7edb0000-7fea7edb3000 ---p 00000000 00:00 0 
7fea7edb3000-7fea7eeb1000 rw-p 00000000 00:00 0                          [stack:8679]
7fea7eeb1000-7fea7eeb2000 ---p 00000000 00:00 0 
7fea7eeb2000-7fea7efb2000 rw-p 00000000 00:00 0                          [stack:8677]
7fea7efb2000-7fea7efb5000 ---p 00000000 00:00 0 
7fea7efb5000-7fea7f0b3000 rw-p 00000000 00:00 0                          [stack:8674]
7fea7f0b3000-7fea7f0b6000 ---p 00000000 00:00 0 
7fea7f0b6000-7fea7f1b4000 rw-p 00000000 00:00 0                          [stack:8673]
7fea7f1b4000-7fea7f1b7000 ---p 00000000 00:00 0 
7fea7f1b7000-7fea7f2b5000 rw-p 00000000 00:00 0                          [stack:8672]
7fea7f2b5000-7fea7f2b8000 ---p 00000000 00:00 0 
7fea7f2b8000-7fea7f3b6000 rw-p 00000000 00:00 0                          [stack:8671]
7fea7f3b6000-7fea7f3b9000 ---p 00000000 00:00 0 
7fea7f3b9000-7fea7f4b7000 rw-p 00000000 00:00 0                          [stack:8670]
7fea7f4b7000-7fea7f8f9000 r--p 00000000 08:02 2496928                    /usr/lib/locale/locale-archive
7fea7f8f9000-7fea7f8fc000 ---p 00000000 00:00 0 
7fea7f8fc000-7fea7f9fa000 rw-p 00000000 00:00 0                          [stack:8669]
7fea7f9fa000-7fea7f9fd000 ---p 00000000 00:00 0 
7fea7f9fd000-7fea7fafb000 rw-p 00000000 00:00 0                          [stack:8668]
7fea7fafb000-7fea7fafc000 ---p 00000000 00:00 0 
7fea7fafc000-7fea80000000 rw-p 00000000 00:00 0                          [stack:8667]
7fea80000000-7fea80021000 rw-p 00000000 00:00 0 
7fea80021000-7fea84000000 ---p 00000000 00:00 0 
7fea84058000-7fea8405f000 r--s 00000000 08:02 2888343                    /usr/lib/x86_64-linux-gnu/gconv/gconv-modules.cache
7fea8405f000-7fea84085000 r--p 00000000 08:02 3147724                    /usr/share/locale-langpack/de/LC_MESSAGES/libc.mo
7fea84085000-7fea84c14000 rw-p 00000000 00:00 0 
7fea84c14000-7fea84dec000 r--s 03d23000 08:02 6294420                    /opt/java/jdk1.8.0_73/jre/lib/rt.jar
7fea84dec000-7fea854e2000 rw-p 00000000 00:00 0 
7fea854e2000-7fea85662000 ---p 00000000 00:00 0 
7fea85662000-7fea87862000 rw-p 00000000 00:00 0 
7fea87862000-7fea87863000 ---p 00000000 00:00 0 
7fea87863000-7fea87963000 rw-p 00000000 00:00 0                          [stack:8666]
7fea87963000-7fea87964000 ---p 00000000 00:00 0 
7fea87964000-7fea87a64000 rw-p 00000000 00:00 0                          [stack:8665]
7fea87a64000-7fea87a65000 ---p 00000000 00:00 0 
7fea87a65000-7fea87b65000 rw-p 00000000 00:00 0                          [stack:8664]
7fea87b65000-7fea87b66000 ---p 00000000 00:00 0 
7fea87b66000-7fea87c7a000 rw-p 00000000 00:00 0                          [stack:8663]
7fea87c7a000-7fea87dbc000 ---p 00000000 00:00 0 
7fea87dbc000-7fea87dd0000 rw-p 00000000 00:00 0 
7fea87dd0000-7fea87f11000 ---p 00000000 00:00 0 
7fea87f11000-7fea87f5e000 rw-p 00000000 00:00 0 
7fea87f5e000-7fea87fbc000 ---p 00000000 00:00 0 
7fea87fbc000-7fea87fd8000 rw-p 00000000 00:00 0 
7fea87fd8000-7fea8837d000 ---p 00000000 00:00 0 
7fea8837d000-7fea88a1d000 rwxp 00000000 00:00 0 
7fea88a1d000-7fea9737d000 ---p 00000000 00:00 0 
7fea9737d000-7fea97397000 r-xp 00000000 08:02 6689342                    /opt/java/jdk1.8.0_73/jre/lib/amd64/libzip.so
7fea97397000-7fea97597000 ---p 0001a000 08:02 6689342                    /opt/java/jdk1.8.0_73/jre/lib/amd64/libzip.so
7fea97597000-7fea97598000 rw-p 0001a000 08:02 6689342                    /opt/java/jdk1.8.0_73/jre/lib/amd64/libzip.so
7fea97598000-7fea975a3000 r-xp 00000000 08:02 4719618                    /lib/x86_64-linux-gnu/libnss_files-2.19.so
7fea975a3000-7fea977a2000 ---p 0000b000 08:02 4719618                    /lib/x86_64-linux-gnu/libnss_files-2.19.so
7fea977a2000-7fea977a3000 r--p 0000a000 08:02 4719618                    /lib/x86_64-linux-gnu/libnss_files-2.19.so
7fea977a3000-7fea977a4000 rw-p 0000b000 08:02 4719618                    /lib/x86_64-linux-gnu/libnss_files-2.19.so
7fea977a4000-7fea977af000 r-xp 00000000 08:02 4719581                    /lib/x86_64-linux-gnu/libnss_nis-2.19.so
7fea977af000-7fea979ae000 ---p 0000b000 08:02 4719581                    /lib/x86_64-linux-gnu/libnss_nis-2.19.so
7fea979ae000-7fea979af000 r--p 0000a000 08:02 4719581                    /lib/x86_64-linux-gnu/libnss_nis-2.19.so
7fea979af000-7fea979b0000 rw-p 0000b000 08:02 4719581                    /lib/x86_64-linux-gnu/libnss_nis-2.19.so
7fea979b0000-7fea979c7000 r-xp 00000000 08:02 4719571                    /lib/x86_64-linux-gnu/libnsl-2.19.so
7fea979c7000-7fea97bc6000 ---p 00017000 08:02 4719571                    /lib/x86_64-linux-gnu/libnsl-2.19.so
7fea97bc6000-7fea97bc7000 r--p 00016000 08:02 4719571                    /lib/x86_64-linux-gnu/libnsl-2.19.so
7fea97bc7000-7fea97bc8000 rw-p 00017000 08:02 4719571                    /lib/x86_64-linux-gnu/libnsl-2.19.so
7fea97bc8000-7fea97bca000 rw-p 00000000 00:00 0 
7fea97bca000-7fea97bd3000 r-xp 00000000 08:02 4719565                    /lib/x86_64-linux-gnu/libnss_compat-2.19.so
7fea97bd3000-7fea97dd2000 ---p 00009000 08:02 4719565                    /lib/x86_64-linux-gnu/libnss_compat-2.19.so
7fea97dd2000-7fea97dd3000 r--p 00008000 08:02 4719565                    /lib/x86_64-linux-gnu/libnss_compat-2.19.so
7fea97dd3000-7fea97dd4000 rw-p 00009000 08:02 4719565                    /lib/x86_64-linux-gnu/libnss_compat-2.19.so
7fea97dd4000-7fea97dfe000 r-xp 00000000 08:02 6689347                    /opt/java/jdk1.8.0_73/jre/lib/amd64/libjava.so
7fea97dfe000-7fea97ffe000 ---p 0002a000 08:02 6689347                    /opt/java/jdk1.8.0_73/jre/lib/amd64/libjava.so
7fea97ffe000-7fea98000000 rw-p 0002a000 08:02 6689347                    /opt/java/jdk1.8.0_73/jre/lib/amd64/libjava.so
7fea98000000-7fea9838e000 rw-p 00000000 00:00 0 
7fea9838e000-7fea9c000000 ---p 00000000 00:00 0 
7fea9c005000-7fea9c00d000 r--s 00078000 08:11 74214                      /media/lukas/LUKAS-USB/3bhif/POS1/Project/MailAnalyse/app/libs/mail-1.4.7.jar
7fea9c00d000-7fea9c01c000 r--s 000df000 00:1a 5383561                    /home/lukas/Android/Sdk/build-tools/23.0.3/lib/dx.jar
7fea9c01c000-7fea9c03d000 rw-p 00000000 00:00 0 
7fea9c03d000-7fea9c04a000 r-xp 00000000 08:02 6689331                    /opt/java/jdk1.8.0_73/jre/lib/amd64/libverify.so
7fea9c04a000-7fea9c24a000 ---p 0000d000 08:02 6689331                    /opt/java/jdk1.8.0_73/jre/lib/amd64/libverify.so
7fea9c24a000-7fea9c24c000 rw-p 0000d000 08:02 6689331                    /opt/java/jdk1.8.0_73/jre/lib/amd64/libverify.so
7fea9c24c000-7fea9c253000 r-xp 00000000 08:02 4719606                    /lib/x86_64-linux-gnu/librt-2.19.so
7fea9c253000-7fea9c452000 ---p 00007000 08:02 4719606                    /lib/x86_64-linux-gnu/librt-2.19.so
7fea9c452000-7fea9c453000 r--p 00006000 08:02 4719606                    /lib/x86_64-linux-gnu/librt-2.19.so
7fea9c453000-7fea9c454000 rw-p 00007000 08:02 4719606                    /lib/x86_64-linux-gnu/librt-2.19.so
7fea9c454000-7fea9c559000 r-xp 00000000 08:02 4719556                    /lib/x86_64-linux-gnu/libm-2.19.so
7fea9c559000-7fea9c758000 ---p 00105000 08:02 4719556                    /lib/x86_64-linux-gnu/libm-2.19.so
7fea9c758000-7fea9c759000 r--p 00104000 08:02 4719556                    /lib/x86_64-linux-gnu/libm-2.19.so
7fea9c759000-7fea9c75a000 rw-p 00105000 08:02 4719556                    /lib/x86_64-linux-gnu/libm-2.19.so
7fea9c75a000-7fea9d419000 r-xp 00000000 08:02 6689310                    /opt/java/jdk1.8.0_73/jre/lib/amd64/server/libjvm.so
7fea9d419000-7fea9d618000 ---p 00cbf000 08:02 6689310                    /opt/java/jdk1.8.0_73/jre/lib/amd64/server/libjvm.so
7fea9d618000-7fea9d6f1000 rw-p 00cbe000 08:02 6689310                    /opt/java/jdk1.8.0_73/jre/lib/amd64/server/libjvm.so
7fea9d6f1000-7fea9d73a000 rw-p 00000000 00:00 0 
7fea9d73a000-7fea9d8f5000 r-xp 00000000 08:02 4719607                    /lib/x86_64-linux-gnu/libc-2.19.so
7fea9d8f5000-7fea9daf4000 ---p 001bb000 08:02 4719607                    /lib/x86_64-linux-gnu/libc-2.19.so
7fea9daf4000-7fea9daf8000 r--p 001ba000 08:02 4719607                    /lib/x86_64-linux-gnu/libc-2.19.so
7fea9daf8000-7fea9dafa000 rw-p 001be000 08:02 4719607                    /lib/x86_64-linux-gnu/libc-2.19.so
7fea9dafa000-7fea9daff000 rw-p 00000000 00:00 0 
7fea9daff000-7fea9db02000 r-xp 00000000 08:02 4719558                    /lib/x86_64-linux-gnu/libdl-2.19.so
7fea9db02000-7fea9dd01000 ---p 00003000 08:02 4719558                    /lib/x86_64-linux-gnu/libdl-2.19.so
7fea9dd01000-7fea9dd02000 r--p 00002000 08:02 4719558                    /lib/x86_64-linux-gnu/libdl-2.19.so
7fea9dd02000-7fea9dd03000 rw-p 00003000 08:02 4719558                    /lib/x86_64-linux-gnu/libdl-2.19.so
7fea9dd03000-7fea9dd18000 r-xp 00000000 08:02 6818542                    /opt/java/jdk1.8.0_73/lib/amd64/jli/libjli.so
7fea9dd18000-7fea9df18000 ---p 00015000 08:02 6818542                    /opt/java/jdk1.8.0_73/lib/amd64/jli/libjli.so
7fea9df18000-7fea9df19000 rw-p 00015000 08:02 6818542                    /opt/java/jdk1.8.0_73/lib/amd64/jli/libjli.so
7fea9df19000-7fea9df32000 r-xp 00000000 08:02 4719572                    /lib/x86_64-linux-gnu/libpthread-2.19.so
7fea9df32000-7fea9e131000 ---p 00019000 08:02 4719572                    /lib/x86_64-linux-gnu/libpthread-2.19.so
7fea9e131000-7fea9e132000 r--p 00018000 08:02 4719572                    /lib/x86_64-linux-gnu/libpthread-2.19.so
7fea9e132000-7fea9e133000 rw-p 00019000 08:02 4719572                    /lib/x86_64-linux-gnu/libpthread-2.19.so
7fea9e133000-7fea9e137000 rw-p 00000000 00:00 0 
7fea9e137000-7fea9e15a000 r-xp 00000000 08:02 4719577                    /lib/x86_64-linux-gnu/ld-2.19.so
7fea9e15d000-7fea9e22f000 rw-p 00000000 00:00 0 
7fea9e22f000-7fea9e232000 ---p 00000000 00:00 0 
7fea9e232000-7fea9e334000 rw-p 00000000 00:00 0                          [stack:8661]
7fea9e338000-7fea9e34d000 rw-p 00000000 00:00 0 
7fea9e34d000-7fea9e355000 rw-s 00000000 08:02 2228285                    /tmp/hsperfdata_lukas/8658
7fea9e355000-7fea9e356000 rw-p 00000000 00:00 0 
7fea9e356000-7fea9e357000 ---p 00000000 00:00 0 
7fea9e357000-7fea9e359000 rw-p 00000000 00:00 0 
7fea9e359000-7fea9e35a000 r--p 00022000 08:02 4719577                    /lib/x86_64-linux-gnu/ld-2.19.so
7fea9e35a000-7fea9e35b000 rw-p 00023000 08:02 4719577                    /lib/x86_64-linux-gnu/ld-2.19.so
7fea9e35b000-7fea9e35c000 rw-p 00000000 00:00 0 
7fff0a6f2000-7fff0a713000 rw-p 00000000 00:00 0                          [stack]
7fff0a7b8000-7fff0a7ba000 r-xp 00000000 00:00 0                          [vdso]
ffffffffff600000-ffffffffff601000 r-xp 00000000 00:00 0                  [vsyscall]

VM Arguments:
jvm_args: -Djava.awt.headless=true -Xmx1024M -Dfile.encoding=UTF-8 -Duser.country=AT -Duser.language=de -Duser.variant 
java_command: com.android.dx.command.Main --dex --force-jumbo --num-threads=4 --multi-dex --output /media/lukas/LUKAS-USB/3bhif/POS1/Project/MailAnalyse/app/build/intermediates/transforms/dex/debug/folders/1000/2/mail-1.4.7_67ca5eba69c7394f91a67c6b627e09fab5c1fb52 /media/lukas/LUKAS-USB/3bhif/POS1/Project/MailAnalyse/app/libs/mail-1.4.7.jar
java_class_path (initial): /home/lukas/Android/Sdk/build-tools/23.0.3/lib/dx.jar
Launcher Type: SUN_STANDARD

Environment Variables:
JAVA_HOME=/usr/lib/jvm/jdk.1.8.0_73
PATH=/usr/local/sbin:/usr/local/bin:/usr/sbin:/usr/bin:/sbin:/bin:/usr/games:/usr/local/games:/usr/lib/jvm/java-8-oracle/bin:/usr/lib/jvm/java-8-oracle/db/bin:/usr/lib/jvm/java-8-oracle/jre/bin:/usr/lib/jvm/jdk.1.8.0_73/bin
USERNAME=lukas
LD_LIBRARY_PATH=/opt/android-studio/bin:
SHELL=/bin/bash
DISPLAY=:0

Signal Handlers:
SIGSEGV: [libjvm.so+0xabafa0], sa_mask[0]=11111111011111111101111111111110, sa_flags=SA_RESTART|SA_SIGINFO
SIGBUS: [libjvm.so+0xabafa0], sa_mask[0]=11111111011111111101111111111110, sa_flags=SA_RESTART|SA_SIGINFO
SIGFPE: [libjvm.so+0x9183c0], sa_mask[0]=11111111011111111101111111111110, sa_flags=SA_RESTART|SA_SIGINFO
SIGPIPE: [libjvm.so+0x9183c0], sa_mask[0]=11111111011111111101111111111110, sa_flags=SA_RESTART|SA_SIGINFO
SIGXFSZ: [libjvm.so+0x9183c0], sa_mask[0]=11111111011111111101111111111110, sa_flags=SA_RESTART|SA_SIGINFO
SIGILL: [libjvm.so+0x9183c0], sa_mask[0]=11111111011111111101111111111110, sa_flags=SA_RESTART|SA_SIGINFO
SIGUSR1: SIG_DFL, sa_mask[0]=00000000000000000000000000000000, sa_flags=none
SIGUSR2: [libjvm.so+0x9199f0], sa_mask[0]=00100000000000000000000000000000, sa_flags=SA_RESTART|SA_SIGINFO
SIGHUP: [libjvm.so+0x91adf0], sa_mask[0]=11111111011111111101111111111110, sa_flags=SA_RESTART|SA_SIGINFO
SIGINT: [libjvm.so+0x91adf0], sa_mask[0]=11111111011111111101111111111110, sa_flags=SA_RESTART|SA_SIGINFO
SIGTERM: [libjvm.so+0x91adf0], sa_mask[0]=11111111011111111101111111111110, sa_flags=SA_RESTART|SA_SIGINFO
SIGQUIT: [libjvm.so+0x91adf0], sa_mask[0]=11111111011111111101111111111110, sa_flags=SA_RESTART|SA_SIGINFO


---------------  S Y S T E M  ---------------

OS:DISTRIB_ID=LinuxMint
DISTRIB_RELEASE=17
DISTRIB_CODENAME=qiana
DISTRIB_DESCRIPTION="Linux Mint 17 Qiana"

uname:Linux 3.13.0-24-generic #47-Ubuntu SMP Fri May 2 23:30:00 UTC 2014 x86_64
libc:glibc 2.19 NPTL 2.19 
rlimit: STACK 8192k, CORE 0k, NPROC 29926, NOFILE 4096, AS infinity
load average:7,18 2,94 1,63

/proc/meminfo:
MemTotal:        3924480 kB
MemFree:          636244 kB
Buffers:             716 kB
Cached:           100296 kB
SwapCached:            0 kB
Active:          2954740 kB
Inactive:          93616 kB
Active(anon):    2949000 kB
Inactive(anon):    59012 kB
Active(file):       5740 kB
Inactive(file):    34604 kB
Unevictable:          32 kB
Mlocked:              32 kB
SwapTotal:             0 kB
SwapFree:              0 kB
Dirty:              4212 kB
Writeback:           136 kB
AnonPages:       2947708 kB
Mapped:           117792 kB
Shmem:             60276 kB
Slab:              81980 kB
SReclaimable:      33068 kB
SUnreclaim:        48912 kB
KernelStack:        5984 kB
PageTables:        32864 kB
NFS_Unstable:          0 kB
Bounce:                0 kB
WritebackTmp:          0 kB
CommitLimit:     1962240 kB
Committed_AS:    6078828 kB
VmallocTotal:   34359738367 kB
VmallocUsed:      384820 kB
VmallocChunk:   34359331324 kB
HardwareCorrupted:     0 kB
AnonHugePages:    591872 kB
HugePages_Total:       0
HugePages_Free:        0
HugePages_Rsvd:        0
HugePages_Surp:        0
Hugepagesize:       2048 kB
DirectMap4k:      220224 kB
DirectMap2M:     3852288 kB


CPU:total 4 (2 cores per cpu, 2 threads per core) family 6 model 42 stepping 7, cmov, cx8, fxsr, mmx, sse, sse2, sse3, ssse3, sse4.1, sse4.2, popcnt, avx, aes, clmul, ht, tsc, tscinvbit

/proc/cpuinfo:
processor	: 0
vendor_id	: GenuineIntel
cpu family	: 6
model		: 42
model name	: Intel(R) Core(TM) i5-2520M CPU @ 2.50GHz
stepping	: 7
microcode	: 0x29
cpu MHz		: 2500.000
cache size	: 3072 KB
physical id	: 0
siblings	: 4
core id		: 0
cpu cores	: 2
apicid		: 0
initial apicid	: 0
fpu		: yes
fpu_exception	: yes
cpuid level	: 13
wp		: yes
flags		: fpu vme de pse tsc msr pae mce cx8 apic sep mtrr pge mca cmov pat pse36 clflush dts acpi mmx fxsr sse sse2 ss ht tm pbe syscall nx rdtscp lm constant_tsc arch_perfmon pebs bts rep_good nopl xtopology nonstop_tsc aperfmperf eagerfpu pni pclmulqdq dtes64 monitor ds_cpl vmx smx est tm2 ssse3 cx16 xtpr pdcm pcid sse4_1 sse4_2 x2apic popcnt tsc_deadline_timer aes xsave avx lahf_lm ida arat epb xsaveopt pln pts dtherm tpr_shadow vnmi flexpriority ept vpid
bogomips	: 4989.04
clflush size	: 64
cache_alignment	: 64
address sizes	: 36 bits physical, 48 bits virtual
power management:

processor	: 1
vendor_id	: GenuineIntel
cpu family	: 6
model		: 42
model name	: Intel(R) Core(TM) i5-2520M CPU @ 2.50GHz
stepping	: 7
microcode	: 0x29
cpu MHz		: 2501.000
cache size	: 3072 KB
physical id	: 0
siblings	: 4
core id		: 1
cpu cores	: 2
apicid		: 2
initial apicid	: 2
fpu		: yes
fpu_exception	: yes
cpuid level	: 13
wp		: yes
flags		: fpu vme de pse tsc msr pae mce cx8 apic sep mtrr pge mca cmov pat pse36 clflush dts acpi mmx fxsr sse sse2 ss ht tm pbe syscall nx rdtscp lm constant_tsc arch_perfmon pebs bts rep_good nopl xtopology nonstop_tsc aperfmperf eagerfpu pni pclmulqdq dtes64 monitor ds_cpl vmx smx est tm2 ssse3 cx16 xtpr pdcm pcid sse4_1 sse4_2 x2apic popcnt tsc_deadline_timer aes xsave avx lahf_lm ida arat epb xsaveopt pln pts dtherm tpr_shadow vnmi flexpriority ept vpid
bogomips	: 4989.04
clflush size	: 64
cache_alignment	: 64
address sizes	: 36 bits physical, 48 bits virtual
power management:

processor	: 2
vendor_id	: GenuineIntel
cpu family	: 6
model		: 42
model name	: Intel(R) Core(TM) i5-2520M CPU @ 2.50GHz
stepping	: 7
microcode	: 0x29
cpu MHz		: 2501.000
cache size	: 3072 KB
physical id	: 0
siblings	: 4
core id		: 0
cpu cores	: 2
apicid		: 1
initial apicid	: 1
fpu		: yes
fpu_exception	: yes
cpuid level	: 13
wp		: yes
flags		: fpu vme de pse tsc msr pae mce cx8 apic sep mtrr pge mca cmov pat pse36 clflush dts acpi mmx fxsr sse sse2 ss ht tm pbe syscall nx rdtscp lm constant_tsc arch_perfmon pebs bts rep_good nopl xtopology nonstop_tsc aperfmperf eagerfpu pni pclmulqdq dtes64 monitor ds_cpl vmx smx est tm2 ssse3 cx16 xtpr pdcm pcid sse4_1 sse4_2 x2apic popcnt tsc_deadline_timer aes xsave avx lahf_lm ida arat epb xsaveopt pln pts dtherm tpr_shadow vnmi flexpriority ept vpid
bogomips	: 4989.04
clflush size	: 64
cache_alignment	: 64
address sizes	: 36 bits physical, 48 bits virtual
power management:

processor	: 3
vendor_id	: GenuineIntel
cpu family	: 6
model		: 42
model name	: Intel(R) Core(TM) i5-2520M CPU @ 2.50GHz
stepping	: 7
microcode	: 0x29
cpu MHz		: 2501.000
cache size	: 3072 KB
physical id	: 0
siblings	: 4
core id		: 1
cpu cores	: 2
apicid		: 3
initial apicid	: 3
fpu		: yes
fpu_exception	: yes
cpuid level	: 13
wp		: yes
flags		: fpu vme de pse tsc msr pae mce cx8 apic sep mtrr pge mca cmov pat pse36 clflush dts acpi mmx fxsr sse sse2 ss ht tm pbe syscall nx rdtscp lm constant_tsc arch_perfmon pebs bts rep_good nopl xtopology nonstop_tsc aperfmperf eagerfpu pni pclmulqdq dtes64 monitor ds_cpl vmx smx est tm2 ssse3 cx16 xtpr pdcm pcid sse4_1 sse4_2 x2apic popcnt tsc_deadline_timer aes xsave avx lahf_lm ida arat epb xsaveopt pln pts dtherm tpr_shadow vnmi flexpriority ept vpid
bogomips	: 4989.04
clflush size	: 64
cache_alignment	: 64
address sizes	: 36 bits physical, 48 bits virtual
power management:



Memory: 4k page, physical 3924480k(635748k free), swap 0k(0k free)

vm_info: Java HotSpot(TM) 64-Bit Server VM (25.73-b02) for linux-amd64 JRE (1.8.0_73-b02), built on Jan 29 2016 17:39:45 by "java_re" with gcc 4.3.0 20080428 (Red Hat 4.3.0-8)

time: Mon May 30 13:53:31 2016
elapsed time: 11 seconds (0d 0h 0m 11s)

